#
# There is insufficient memory for the Java Runtime Environment to continue.
# Native memory allocation (malloc) failed to allocate 1077456 bytes. Error detail: Chunk::new
# Possible reasons:
#   The system is out of physical RAM or swap space
#   This process is running with CompressedOops enabled, and the Java Heap may be blocking the growth of the native heap
# Possible solutions:
#   Reduce memory load on the system
#   Increase physical memory or swap space
#   Check if swap backing store is full
#   Decrease Java heap size (-Xmx/-Xms)
#   Decrease number of Java threads
#   Decrease Java thread stack sizes (-Xss)
#   Set larger code cache with -XX:ReservedCodeCacheSize=
#   JVM is running with Zero Based Compressed Oops mode in which the Java heap is
#     placed in the first 32GB address space. The Java Heap base address is the
#     maximum limit for the native heap growth. Please use -XX:HeapBaseMinAddress
#     to set the Java Heap base and to place the Java Heap above 32GB virtual address.
# This output file may be truncated or incomplete.
#
#  Out of Memory Error (arena.cpp:150), pid=6148, tid=23876
#
# JRE version: OpenJDK Runtime Environment (22.0.1+8) (build 22.0.1+8-16)
# Java VM: OpenJDK 64-Bit Server VM (22.0.1+8-16, mixed mode, sharing, tiered, compressed oops, compressed class ptrs, g1 gc, windows-amd64)
# No core dump will be written. Minidumps are not enabled by default on client versions of Windows
#

---------------  S U M M A R Y ------------

Command Line: -javaagent:C:\Users\Dell\AppData\Local\Programs\IntelliJ IDEA Ultimate 2024.2.4\lib\idea_rt.jar=52664:C:\Users\Dell\AppData\Local\Programs\IntelliJ IDEA Ultimate 2024.2.4\bin -Dfile.encoding=UTF-8 -Dsun.stdout.encoding=UTF-8 -Dsun.stderr.encoding=UTF-8 --module-path=C:\Users\Dell\.m2\repository\org\openjfx\javafx-controls\21\javafx-controls-21-win.jar;C:\Users\Dell\.m2\repository\com\sun\mail\javax.mail\1.6.2\javax.mail-1.6.2.jar;C:\Users\Dell\.m2\repository\org\openjfx\javafx-graphics\21\javafx-graphics-21-win.jar;C:\Users\Dell\.m2\repository\org\controlsfx\controlsfx\11.2.1\controlsfx-11.2.1.jar;D:\oop\lms\target\classes;C:\Users\Dell\.m2\repository\com\squareup\okhttp3\okhttp\4.9.3\okhttp-4.9.3.jar;C:\Users\Dell\.m2\repository\io\github\cdimascio\java-dotenv\5.2.2\java-dotenv-5.2.2.jar;C:\Users\Dell\.m2\repository\com\mysql\mysql-connector-j\8.0.32\mysql-connector-j-8.0.32.jar;C:\Users\Dell\.m2\repository\org\openjfx\javafx-base\21\javafx-base-21-win.jar;C:\Users\Dell\.m2\repository\org\openjfx\javafx-fxml\21\javafx-fxml-21-win.jar;C:\Users\Dell\.m2\repository\com\google\code\gson\gson\2.10.1\gson-2.10.1.jar -Djdk.module.main=edu.lms edu.lms/edu.lms.LibraryManagementApplication

Host: 12th Gen Intel(R) Core(TM) i7-12700H, 20 cores, 15G,  Windows 11 , 64 bit Build 22621 (10.0.22621.4391)
Time: Thu Nov 21 16:19:06 2024 SE Asia Standard Time elapsed time: 6.599470 seconds (0d 0h 0m 6s)

---------------  T H R E A D  ---------------

Current thread (0x000001a1792d6810):  JavaThread "C2 CompilerThread4" daemon [_thread_in_native, id=23876, stack(0x000000873c900000,0x000000873ca00000) (1024K)]


Current CompileTask:
C2:6599 5265       4       com.sun.marlin.Renderer::_endRendering (2639 bytes)

Stack: [0x000000873c900000,0x000000873ca00000]
Native frames: (J=compiled Java code, j=interpreted, Vv=VM code, C=native code)
V  [jvm.dll+0x6e2279]  (no source info available)
V  [jvm.dll+0x874e33]  (no source info available)
V  [jvm.dll+0x87725e]  (no source info available)
V  [jvm.dll+0x877933]  (no source info available)
V  [jvm.dll+0x27fd76]  (no source info available)
V  [jvm.dll+0xc3d0f]  (no source info available)
V  [jvm.dll+0xc3f6b]  (no source info available)
V  [jvm.dll+0x3bb0d2]  (no source info available)
V  [jvm.dll+0x1df87e]  (no source info available)
V  [jvm.dll+0x247a5c]  (no source info available)
V  [jvm.dll+0x246fbf]  (no source info available)
V  [jvm.dll+0x1c4e90]  (no source info available)
V  [jvm.dll+0x2569fe]  (no source info available)
V  [jvm.dll+0x254cba]  (no source info available)
V  [jvm.dll+0x3f5336]  (no source info available)
V  [jvm.dll+0x81d44b]  (no source info available)
V  [jvm.dll+0x6e0915]  (no source info available)
C  [ucrtbase.dll+0x29333]  (no source info available)
C  [KERNEL32.DLL+0x1259d]  (no source info available)
C  [ntdll.dll+0x5af38]  (no source info available)


---------------  P R O C E S S  ---------------

Threads class SMR info:
_java_thread_list=0x000001a16fa000a0, length=30, elements={
0x000001a1038072c0, 0x000001a125abb300, 0x000001a125abd780, 0x000001a125abf150,
0x000001a125abf7e0, 0x000001a125ac18b0, 0x000001a125ac0b90, 0x000001a125ac8050,
0x000001a125ac8b20, 0x000001a125c35730, 0x000001a125c36600, 0x000001a125c36cc0,
0x000001a125ac0500, 0x000001a125ac1220, 0x000001a125abfe70, 0x000001a125abe430,
0x000001a125abeac0, 0x000001a16c152e10, 0x000001a16c1534a0, 0x000001a16c1506b0,
0x000001a16c151a60, 0x000001a16c1520f0, 0x000001a16c152780, 0x000001a16f6b2130,
0x000001a16f6b06f0, 0x000001a16f6ae620, 0x000001a17013d190, 0x000001a1790de5a0,
0x000001a178d40890, 0x000001a1792d6810
}

Java Threads: ( => current thread )
  0x000001a1038072c0 JavaThread "main"                              [_thread_blocked, id=9724, stack(0x0000008739100000,0x0000008739200000) (1024K)]
  0x000001a125abb300 JavaThread "Reference Handler"          daemon [_thread_blocked, id=8996, stack(0x0000008739900000,0x0000008739a00000) (1024K)]
  0x000001a125abd780 JavaThread "Finalizer"                  daemon [_thread_blocked, id=9376, stack(0x0000008739a00000,0x0000008739b00000) (1024K)]
  0x000001a125abf150 JavaThread "Signal Dispatcher"          daemon [_thread_blocked, id=5224, stack(0x0000008739b00000,0x0000008739c00000) (1024K)]
  0x000001a125abf7e0 JavaThread "Attach Listener"            daemon [_thread_blocked, id=16592, stack(0x0000008739c00000,0x0000008739d00000) (1024K)]
  0x000001a125ac18b0 JavaThread "Service Thread"             daemon [_thread_blocked, id=3568, stack(0x0000008739d00000,0x0000008739e00000) (1024K)]
  0x000001a125ac0b90 JavaThread "Monitor Deflation Thread"   daemon [_thread_blocked, id=21868, stack(0x0000008739e00000,0x0000008739f00000) (1024K)]
  0x000001a125ac8050 JavaThread "C2 CompilerThread0"         daemon [_thread_blocked, id=22284, stack(0x0000008739f00000,0x000000873a000000) (1024K)]
  0x000001a125ac8b20 JavaThread "C1 CompilerThread0"         daemon [_thread_blocked, id=17920, stack(0x000000873a000000,0x000000873a100000) (1024K)]
  0x000001a125c35730 JavaThread "C1 CompilerThread1"         daemon [_thread_blocked, id=3388, stack(0x000000873a100000,0x000000873a200000) (1024K)]
  0x000001a125c36600 JavaThread "C1 CompilerThread2"         daemon [_thread_blocked, id=20784, stack(0x000000873a200000,0x000000873a300000) (1024K)]
  0x000001a125c36cc0 JavaThread "C1 CompilerThread3"         daemon [_thread_blocked, id=21368, stack(0x000000873a300000,0x000000873a400000) (1024K)]
  0x000001a125ac0500 JavaThread "Common-Cleaner"             daemon [_thread_blocked, id=12240, stack(0x000000873a400000,0x000000873a500000) (1024K)]
  0x000001a125ac1220 JavaThread "Monitor Ctrl-Break"         daemon [_thread_in_native, id=22620, stack(0x000000873ac00000,0x000000873ad00000) (1024K)]
  0x000001a125abfe70 JavaThread "Notification Thread"        daemon [_thread_blocked, id=19844, stack(0x000000873ad00000,0x000000873ae00000) (1024K)]
  0x000001a125abe430 JavaThread "QuantumRenderer-0"          daemon [_thread_in_native, id=21872, stack(0x000000873b600000,0x000000873b700000) (1024K)]
  0x000001a125abeac0 JavaThread "RMI TCP Accept-0"           daemon [_thread_in_native, id=6956, stack(0x000000873b700000,0x000000873b800000) (1024K)]
  0x000001a16c152e10 JavaThread "RMI TCP Connection(1)-192.168.1.8" daemon [_thread_in_native, id=1124, stack(0x000000873b800000,0x000000873b900000) (1024K)]
  0x000001a16c1534a0 JavaThread "RMI Scheduler(0)"           daemon [_thread_blocked, id=6204, stack(0x000000873b900000,0x000000873ba00000) (1024K)]
  0x000001a16c1506b0 JavaThread "JMX server connection timeout 43" daemon [_thread_blocked, id=20960, stack(0x000000873ba00000,0x000000873bb00000) (1024K)]
  0x000001a16c151a60 JavaThread "InvokeLaterDispatcher"      daemon [_thread_blocked, id=11820, stack(0x000000873bf00000,0x000000873c000000) (1024K)]
  0x000001a16c1520f0 JavaThread "JavaFX Application Thread"         [_thread_blocked, id=22164, stack(0x000000873ab00000,0x000000873ac00000) (1024K)]
  0x000001a16c152780 JavaThread "JavaFX-Launcher"                   [_thread_blocked, id=14340, stack(0x000000873c200000,0x000000873c300000) (1024K)]
  0x000001a16f6b2130 JavaThread "Thread-2"                   daemon [_thread_in_native, id=2592, stack(0x000000873c100000,0x000000873c200000) (1024K)]
  0x000001a16f6b06f0 JavaThread "Prism Font Disposer"        daemon [_thread_blocked, id=23676, stack(0x000000873ca00000,0x000000873cb00000) (1024K)]
  0x000001a16f6ae620 JavaThread "Cleaner-0"                  daemon [_thread_blocked, id=23752, stack(0x000000873cf00000,0x000000873d000000) (1024K)]
  0x000001a17013d190 JavaThread "C2 CompilerThread1"         daemon [_thread_blocked, id=23864, stack(0x000000873a800000,0x000000873a900000) (1024K)]
  0x000001a1790de5a0 JavaThread "C2 CompilerThread2"         daemon [_thread_blocked, id=23868, stack(0x000000873c700000,0x000000873c800000) (1024K)]
  0x000001a178d40890 JavaThread "C2 CompilerThread3"         daemon [_thread_blocked, id=23872, stack(0x000000873c800000,0x000000873c900000) (1024K)]
=>0x000001a1792d6810 JavaThread "C2 CompilerThread4"         daemon [_thread_in_native, id=23876, stack(0x000000873c900000,0x000000873ca00000) (1024K)]
Total: 30

Other Threads:
  0x000001a125a9e6f0 VMThread "VM Thread"                           [id=21584, stack(0x0000008739800000,0x0000008739900000) (1024K)]
  0x000001a125a85f00 WatcherThread "VM Periodic Task Thread"        [id=4276, stack(0x0000008739700000,0x0000008739800000) (1024K)]
  0x000001a105be7490 WorkerThread "GC Thread#0"                     [id=11096, stack(0x0000008739200000,0x0000008739300000) (1024K)]
  0x000001a16b8db9c0 WorkerThread "GC Thread#1"                     [id=12312, stack(0x000000873ae00000,0x000000873af00000) (1024K)]
  0x000001a16b8dc180 WorkerThread "GC Thread#2"                     [id=22852, stack(0x000000873af00000,0x000000873b000000) (1024K)]
  0x000001a16b8dcdc0 WorkerThread "GC Thread#3"                     [id=22836, stack(0x000000873b000000,0x000000873b100000) (1024K)]
  0x000001a16b8dd5f0 WorkerThread "GC Thread#4"                     [id=17688, stack(0x000000873b100000,0x000000873b200000) (1024K)]
  0x000001a16b8de1b0 WorkerThread "GC Thread#5"                     [id=22748, stack(0x000000873b200000,0x000000873b300000) (1024K)]
  0x000001a16bf0c8d0 WorkerThread "GC Thread#6"                     [id=18192, stack(0x000000873b300000,0x000000873b400000) (1024K)]
  0x000001a16bf2eb40 WorkerThread "GC Thread#7"                     [id=14920, stack(0x000000873b400000,0x000000873b500000) (1024K)]
  0x000001a16bf0ed10 WorkerThread "GC Thread#8"                     [id=20752, stack(0x000000873b500000,0x000000873b600000) (1024K)]
  0x000001a16fb26cc0 WorkerThread "GC Thread#9"                     [id=23572, stack(0x000000873a900000,0x000000873aa00000) (1024K)]
  0x000001a16fb26560 WorkerThread "GC Thread#10"                    [id=23576, stack(0x000000873aa00000,0x000000873ab00000) (1024K)]
  0x000001a16fb27070 WorkerThread "GC Thread#11"                    [id=23580, stack(0x000000873c300000,0x000000873c400000) (1024K)]
  0x000001a16fb25e00 WorkerThread "GC Thread#12"                    [id=23584, stack(0x000000873c400000,0x000000873c500000) (1024K)]
  0x000001a16fb24080 WorkerThread "GC Thread#13"                    [id=23588, stack(0x000000873c500000,0x000000873c600000) (1024K)]
  0x000001a16fb26910 WorkerThread "GC Thread#14"                    [id=23592, stack(0x000000873c600000,0x000000873c700000) (1024K)]
  0x000001a105bf9060 ConcurrentGCThread "G1 Main Marker"            [id=916, stack(0x0000008739300000,0x0000008739400000) (1024K)]
  0x000001a105bf9a80 WorkerThread "G1 Conc#0"                       [id=21812, stack(0x0000008739400000,0x0000008739500000) (1024K)]
  0x000001a16fb24b90 WorkerThread "G1 Conc#1"                       [id=23740, stack(0x000000873cc00000,0x000000873cd00000) (1024K)]
  0x000001a16fb23570 WorkerThread "G1 Conc#2"                       [id=23744, stack(0x000000873cd00000,0x000000873ce00000) (1024K)]
  0x000001a16fb23cd0 WorkerThread "G1 Conc#3"                       [id=23748, stack(0x000000873ce00000,0x000000873cf00000) (1024K)]
  0x000001a12595c3d0 ConcurrentGCThread "G1 Refine#0"               [id=4616, stack(0x0000008739500000,0x0000008739600000) (1024K)]
  0x000001a12595ce60 ConcurrentGCThread "G1 Service"                [id=9728, stack(0x0000008739600000,0x0000008739700000) (1024K)]
Total: 24

Threads with active compile tasks:
C2 CompilerThread4  6617 5265       4       com.sun.marlin.Renderer::_endRendering (2639 bytes)
Total: 1

VM state: not at safepoint (normal execution)

VM Mutex/Monitor currently owned by a thread: None

Heap address: 0x0000000704e00000, size: 4018 MB, Compressed Oops mode: Zero based, Oop shift amount: 3

CDS archive(s) mapped at: [0x000001a126000000-0x000001a126c50000-0x000001a126c50000), size 12910592, SharedBaseAddress: 0x000001a126000000, ArchiveRelocationMode: 1.
Compressed class space mapped at: 0x000001a127000000-0x000001a167000000, reserved size: 1073741824
Narrow klass base: 0x000001a126000000, Narrow klass shift: 0, Narrow klass range: 0x41000000

GC Precious Log:
 CardTable entry size: 512
 Card Set container configuration: InlinePtr #cards 4 size 8 Array Of Cards #cards 16 size 48 Howl #buckets 8 coarsen threshold 3686 Howl Bitmap #cards 512 size 80 coarsen threshold 460 Card regions per heap region 1 cards per card region 4096
 CPUs: 20 total, 20 available
 Memory: 16068M
 Large Page Support: Disabled
 NUMA Support: Disabled
 Compressed Oops: Enabled (Zero based)
 Heap Region Size: 2M
 Heap Min Capacity: 8M
 Heap Initial Capacity: 252M
 Heap Max Capacity: 4018M
 Pre-touch: Disabled
 Parallel Workers: 15
 Concurrent Workers: 4
 Concurrent Refinement Workers: 15
 Periodic GC: Disabled

Heap:
 garbage-first heap   total reserved 4114432K, committed 313344K, used 200476K [0x0000000704e00000, 0x0000000800000000)
  region size 2048K, 5 young (10240K), 1 survivors (2048K)
 Metaspace       used 23049K, committed 23488K, reserved 1114112K
  class space    used 3233K, committed 3456K, reserved 1048576K

Heap Regions: E=young(eden), S=young(survivor), O=old, HS=humongous(starts), HC=humongous(continues), CS=collection set, F=free, TAMS=top-at-mark-start, PB=parsable bottom
|   0|0x0000000704e00000, 0x0000000705000000, 0x0000000705000000|100%| O|  |TAMS 0x0000000704e00000| PB 0x0000000704e00000| Untracked |  0
|   1|0x0000000705000000, 0x0000000705000000, 0x0000000705200000|  0%| F|  |TAMS 0x0000000705000000| PB 0x0000000705000000| Untracked |  0
|   2|0x0000000705200000, 0x0000000705400000, 0x0000000705400000|100%| O|  |TAMS 0x0000000705200000| PB 0x0000000705200000| Untracked |  0
|   3|0x0000000705400000, 0x0000000705600000, 0x0000000705600000|100%| O|  |TAMS 0x0000000705400000| PB 0x0000000705400000| Untracked |  0
|   4|0x0000000705600000, 0x0000000705800000, 0x0000000705800000|100%| O|  |TAMS 0x0000000705600000| PB 0x0000000705600000| Untracked |  0
|   5|0x0000000705800000, 0x0000000705a00000, 0x0000000705a00000|100%| O|  |TAMS 0x0000000705800000| PB 0x0000000705800000| Untracked |  0
|   6|0x0000000705a00000, 0x0000000705c00000, 0x0000000705c00000|100%|HS|  |TAMS 0x0000000705a00000| PB 0x0000000705a00000| Complete |  0
|   7|0x0000000705c00000, 0x0000000705e00000, 0x0000000705e00000|100%|HC|  |TAMS 0x0000000705c00000| PB 0x0000000705c00000| Complete |  0
|   8|0x0000000705e00000, 0x0000000706000000, 0x0000000706000000|100%| O|  |TAMS 0x0000000705e00000| PB 0x0000000705e00000| Untracked |  0
|   9|0x0000000706000000, 0x0000000706200000, 0x0000000706200000|100%|HS|  |TAMS 0x0000000706000000| PB 0x0000000706000000| Complete |  0
|  10|0x0000000706200000, 0x0000000706200000, 0x0000000706400000|  0%| F|  |TAMS 0x0000000706200000| PB 0x0000000706200000| Untracked |  0
|  11|0x0000000706400000, 0x0000000706400000, 0x0000000706600000|  0%| F|  |TAMS 0x0000000706400000| PB 0x0000000706400000| Untracked |  0
|  12|0x0000000706600000, 0x0000000706800000, 0x0000000706800000|100%|HS|  |TAMS 0x0000000706600000| PB 0x0000000706600000| Complete |  0
|  13|0x0000000706800000, 0x0000000706a00000, 0x0000000706a00000|100%| O|  |TAMS 0x0000000706800000| PB 0x0000000706800000| Untracked |  0
|  14|0x0000000706a00000, 0x0000000706c00000, 0x0000000706c00000|100%|HS|  |TAMS 0x0000000706a00000| PB 0x0000000706a00000| Complete |  0
|  15|0x0000000706c00000, 0x0000000706e00000, 0x0000000706e00000|100%|HC|  |TAMS 0x0000000706c00000| PB 0x0000000706c00000| Complete |  0
|  16|0x0000000706e00000, 0x0000000707000000, 0x0000000707000000|100%|HC|  |TAMS 0x0000000706e00000| PB 0x0000000706e00000| Complete |  0
|  17|0x0000000707000000, 0x0000000707000000, 0x0000000707200000|  0%| F|  |TAMS 0x0000000707000000| PB 0x0000000707000000| Untracked |  0
|  18|0x0000000707200000, 0x0000000707200000, 0x0000000707400000|  0%| F|  |TAMS 0x0000000707200000| PB 0x0000000707200000| Untracked |  0
|  19|0x0000000707400000, 0x0000000707600000, 0x0000000707600000|100%| O|  |TAMS 0x0000000707400000| PB 0x0000000707400000| Untracked |  0
|  20|0x0000000707600000, 0x0000000707800000, 0x0000000707800000|100%| O|  |TAMS 0x0000000707600000| PB 0x0000000707600000| Untracked |  0
|  21|0x0000000707800000, 0x0000000707800000, 0x0000000707a00000|  0%| F|  |TAMS 0x0000000707800000| PB 0x0000000707800000| Untracked |  0
|  22|0x0000000707a00000, 0x0000000707a00000, 0x0000000707c00000|  0%| F|  |TAMS 0x0000000707a00000| PB 0x0000000707a00000| Untracked |  0
|  23|0x0000000707c00000, 0x0000000707c00000, 0x0000000707e00000|  0%| F|  |TAMS 0x0000000707c00000| PB 0x0000000707c00000| Untracked |  0
|  24|0x0000000707e00000, 0x0000000708000000, 0x0000000708000000|100%|HS|  |TAMS 0x0000000707e00000| PB 0x0000000707e00000| Complete |  0
|  25|0x0000000708000000, 0x0000000708200000, 0x0000000708200000|100%|HC|  |TAMS 0x0000000708000000| PB 0x0000000708000000| Complete |  0
|  26|0x0000000708200000, 0x0000000708400000, 0x0000000708400000|100%|HS|  |TAMS 0x0000000708200000| PB 0x0000000708200000| Complete |  0
|  27|0x0000000708400000, 0x0000000708600000, 0x0000000708600000|100%|HS|  |TAMS 0x0000000708400000| PB 0x0000000708400000| Complete |  0
|  28|0x0000000708600000, 0x0000000708800000, 0x0000000708800000|100%|HS|  |TAMS 0x0000000708600000| PB 0x0000000708600000| Complete |  0
|  29|0x0000000708800000, 0x0000000708a00000, 0x0000000708a00000|100%|HC|  |TAMS 0x0000000708800000| PB 0x0000000708800000| Complete |  0
|  30|0x0000000708a00000, 0x0000000708c00000, 0x0000000708c00000|100%|HS|  |TAMS 0x0000000708a00000| PB 0x0000000708a00000| Complete |  0
|  31|0x0000000708c00000, 0x0000000708e00000, 0x0000000708e00000|100%|HC|  |TAMS 0x0000000708c00000| PB 0x0000000708c00000| Complete |  0
|  32|0x0000000708e00000, 0x0000000708e00000, 0x0000000709000000|  0%| F|  |TAMS 0x0000000708e00000| PB 0x0000000708e00000| Untracked |  0
|  33|0x0000000709000000, 0x0000000709000000, 0x0000000709200000|  0%| F|  |TAMS 0x0000000709000000| PB 0x0000000709000000| Untracked |  0
|  34|0x0000000709200000, 0x0000000709200000, 0x0000000709400000|  0%| F|  |TAMS 0x0000000709200000| PB 0x0000000709200000| Untracked |  0
|  35|0x0000000709400000, 0x0000000709400000, 0x0000000709600000|  0%| F|  |TAMS 0x0000000709400000| PB 0x0000000709400000| Untracked |  0
|  36|0x0000000709600000, 0x0000000709600000, 0x0000000709800000|  0%| F|  |TAMS 0x0000000709600000| PB 0x0000000709600000| Untracked |  0
|  37|0x0000000709800000, 0x0000000709800000, 0x0000000709a00000|  0%| F|  |TAMS 0x0000000709800000| PB 0x0000000709800000| Untracked |  0
|  38|0x0000000709a00000, 0x0000000709a00000, 0x0000000709c00000|  0%| F|  |TAMS 0x0000000709a00000| PB 0x0000000709a00000| Untracked |  0
|  39|0x0000000709c00000, 0x0000000709c00000, 0x0000000709e00000|  0%| F|  |TAMS 0x0000000709c00000| PB 0x0000000709c00000| Untracked |  0
|  40|0x0000000709e00000, 0x000000070a000000, 0x000000070a000000|100%| O|  |TAMS 0x0000000709e00000| PB 0x0000000709e00000| Untracked |  0
|  41|0x000000070a000000, 0x000000070a200000, 0x000000070a200000|100%| O|  |TAMS 0x000000070a000000| PB 0x000000070a000000| Untracked |  0
|  42|0x000000070a200000, 0x000000070a400000, 0x000000070a400000|100%| O|  |TAMS 0x000000070a200000| PB 0x000000070a200000| Untracked |  0
|  43|0x000000070a400000, 0x000000070a600000, 0x000000070a600000|100%| O|Cm|TAMS 0x000000070a400000| PB 0x000000070a400000| Complete |  0
|  44|0x000000070a600000, 0x000000070a600000, 0x000000070a800000|  0%| F|  |TAMS 0x000000070a600000| PB 0x000000070a600000| Untracked |  0
|  45|0x000000070a800000, 0x000000070aa00000, 0x000000070aa00000|100%|HS|  |TAMS 0x000000070a800000| PB 0x000000070a800000| Complete |  0
|  46|0x000000070aa00000, 0x000000070ac00000, 0x000000070ac00000|100%|HC|  |TAMS 0x000000070aa00000| PB 0x000000070aa00000| Complete |  0
|  47|0x000000070ac00000, 0x000000070ae00000, 0x000000070ae00000|100%|HC|  |TAMS 0x000000070ac00000| PB 0x000000070ac00000| Complete |  0
|  48|0x000000070ae00000, 0x000000070b000000, 0x000000070b000000|100%|HC|  |TAMS 0x000000070ae00000| PB 0x000000070ae00000| Complete |  0
|  49|0x000000070b000000, 0x000000070b200000, 0x000000070b200000|100%|HC|  |TAMS 0x000000070b000000| PB 0x000000070b000000| Complete |  0
|  50|0x000000070b200000, 0x000000070b400000, 0x000000070b400000|100%|HS|  |TAMS 0x000000070b200000| PB 0x000000070b200000| Complete |  0
|  51|0x000000070b400000, 0x000000070b600000, 0x000000070b600000|100%|HC|  |TAMS 0x000000070b400000| PB 0x000000070b400000| Complete |  0
|  52|0x000000070b600000, 0x000000070b800000, 0x000000070b800000|100%|HC|  |TAMS 0x000000070b600000| PB 0x000000070b600000| Complete |  0
|  53|0x000000070b800000, 0x000000070b800000, 0x000000070ba00000|  0%| F|  |TAMS 0x000000070b800000| PB 0x000000070b800000| Untracked |  0
|  54|0x000000070ba00000, 0x000000070ba00000, 0x000000070bc00000|  0%| F|  |TAMS 0x000000070ba00000| PB 0x000000070ba00000| Untracked |  0
|  55|0x000000070bc00000, 0x000000070bc00000, 0x000000070be00000|  0%| F|  |TAMS 0x000000070bc00000| PB 0x000000070bc00000| Untracked |  0
|  56|0x000000070be00000, 0x000000070be00000, 0x000000070c000000|  0%| F|  |TAMS 0x000000070be00000| PB 0x000000070be00000| Untracked |  0
|  57|0x000000070c000000, 0x000000070c000000, 0x000000070c200000|  0%| F|  |TAMS 0x000000070c000000| PB 0x000000070c000000| Untracked |  0
|  58|0x000000070c200000, 0x000000070c200000, 0x000000070c400000|  0%| F|  |TAMS 0x000000070c200000| PB 0x000000070c200000| Untracked |  0
|  59|0x000000070c400000, 0x000000070c400000, 0x000000070c600000|  0%| F|  |TAMS 0x000000070c400000| PB 0x000000070c400000| Untracked |  0
|  60|0x000000070c600000, 0x000000070c800000, 0x000000070c800000|100%| O|  |TAMS 0x000000070c600000| PB 0x000000070c600000| Untracked |  0
|  61|0x000000070c800000, 0x000000070ca00000, 0x000000070ca00000|100%| O|  |TAMS 0x000000070c800000| PB 0x000000070c800000| Untracked |  0
|  62|0x000000070ca00000, 0x000000070ca00000, 0x000000070cc00000|  0%| F|  |TAMS 0x000000070ca00000| PB 0x000000070ca00000| Untracked |  0
|  63|0x000000070cc00000, 0x000000070ce00000, 0x000000070ce00000|100%| O|Cm|TAMS 0x000000070cc00000| PB 0x000000070cc00000| Complete |  0
|  64|0x000000070ce00000, 0x000000070d000000, 0x000000070d000000|100%| O|  |TAMS 0x000000070ce00000| PB 0x000000070ce00000| Untracked |  0
|  65|0x000000070d000000, 0x000000070d200000, 0x000000070d200000|100%|HS|  |TAMS 0x000000070d000000| PB 0x000000070d000000| Complete |  0
|  66|0x000000070d200000, 0x000000070d400000, 0x000000070d400000|100%|HC|  |TAMS 0x000000070d200000| PB 0x000000070d200000| Complete |  0
|  67|0x000000070d400000, 0x000000070d600000, 0x000000070d600000|100%|HC|  |TAMS 0x000000070d400000| PB 0x000000070d400000| Complete |  0
|  68|0x000000070d600000, 0x000000070d800000, 0x000000070d800000|100%|HC|  |TAMS 0x000000070d600000| PB 0x000000070d600000| Complete |  0
|  69|0x000000070d800000, 0x000000070da00000, 0x000000070da00000|100%|HC|  |TAMS 0x000000070d800000| PB 0x000000070d800000| Complete |  0
|  70|0x000000070da00000, 0x000000070dc00000, 0x000000070dc00000|100%|HC|  |TAMS 0x000000070da00000| PB 0x000000070da00000| Complete |  0
|  71|0x000000070dc00000, 0x000000070de00000, 0x000000070de00000|100%|HC|  |TAMS 0x000000070dc00000| PB 0x000000070dc00000| Complete |  0
|  72|0x000000070de00000, 0x000000070e000000, 0x000000070e000000|100%|HC|  |TAMS 0x000000070de00000| PB 0x000000070de00000| Complete |  0
|  73|0x000000070e000000, 0x000000070e200000, 0x000000070e200000|100%|HS|  |TAMS 0x000000070e000000| PB 0x000000070e000000| Complete |  0
|  74|0x000000070e200000, 0x000000070e400000, 0x000000070e400000|100%|HC|  |TAMS 0x000000070e200000| PB 0x000000070e200000| Complete |  0
|  75|0x000000070e400000, 0x000000070e4e3980, 0x000000070e600000| 44%| O|  |TAMS 0x000000070e400000| PB 0x000000070e400000| Untracked |  0
|  76|0x000000070e600000, 0x000000070e800000, 0x000000070e800000|100%|HS|  |TAMS 0x000000070e600000| PB 0x000000070e600000| Complete |  0
|  77|0x000000070e800000, 0x000000070ea00000, 0x000000070ea00000|100%|HC|  |TAMS 0x000000070e800000| PB 0x000000070e800000| Complete |  0
|  78|0x000000070ea00000, 0x000000070ec00000, 0x000000070ec00000|100%|HC|  |TAMS 0x000000070ea00000| PB 0x000000070ea00000| Complete |  0
|  79|0x000000070ec00000, 0x000000070ee00000, 0x000000070ee00000|100%|HC|  |TAMS 0x000000070ec00000| PB 0x000000070ec00000| Complete |  0
|  80|0x000000070ee00000, 0x000000070f000000, 0x000000070f000000|100%|HC|  |TAMS 0x000000070ee00000| PB 0x000000070ee00000| Complete |  0
|  81|0x000000070f000000, 0x000000070f000000, 0x000000070f200000|  0%| F|  |TAMS 0x000000070f000000| PB 0x000000070f000000| Untracked |  0
|  82|0x000000070f200000, 0x000000070f200000, 0x000000070f400000|  0%| F|  |TAMS 0x000000070f200000| PB 0x000000070f200000| Untracked |  0
|  83|0x000000070f400000, 0x000000070f400000, 0x000000070f600000|  0%| F|  |TAMS 0x000000070f400000| PB 0x000000070f400000| Untracked |  0
|  84|0x000000070f600000, 0x000000070f600000, 0x000000070f800000|  0%| F|  |TAMS 0x000000070f600000| PB 0x000000070f600000| Untracked |  0
|  85|0x000000070f800000, 0x000000070fa00000, 0x000000070fa00000|100%|HS|  |TAMS 0x000000070f800000| PB 0x000000070f800000| Complete |  0
|  86|0x000000070fa00000, 0x000000070fc00000, 0x000000070fc00000|100%|HC|  |TAMS 0x000000070fa00000| PB 0x000000070fa00000| Complete |  0
|  87|0x000000070fc00000, 0x000000070fc00000, 0x000000070fe00000|  0%| F|  |TAMS 0x000000070fc00000| PB 0x000000070fc00000| Untracked |  0
|  88|0x000000070fe00000, 0x000000070fe00000, 0x0000000710000000|  0%| F|  |TAMS 0x000000070fe00000| PB 0x000000070fe00000| Untracked |  0
|  89|0x0000000710000000, 0x0000000710200000, 0x0000000710200000|100%|HS|  |TAMS 0x0000000710000000| PB 0x0000000710000000| Complete |  0
|  90|0x0000000710200000, 0x0000000710400000, 0x0000000710400000|100%|HC|  |TAMS 0x0000000710200000| PB 0x0000000710200000| Complete |  0
|  91|0x0000000710400000, 0x0000000710400000, 0x0000000710600000|  0%| F|  |TAMS 0x0000000710400000| PB 0x0000000710400000| Untracked |  0
|  92|0x0000000710600000, 0x0000000710600000, 0x0000000710800000|  0%| F|  |TAMS 0x0000000710600000| PB 0x0000000710600000| Untracked |  0
|  93|0x0000000710800000, 0x0000000710a00000, 0x0000000710a00000|100%|HS|  |TAMS 0x0000000710800000| PB 0x0000000710800000| Complete |  0
|  94|0x0000000710a00000, 0x0000000710c00000, 0x0000000710c00000|100%|HC|  |TAMS 0x0000000710a00000| PB 0x0000000710a00000| Complete |  0
|  95|0x0000000710c00000, 0x0000000710e00000, 0x0000000710e00000|100%|HC|  |TAMS 0x0000000710c00000| PB 0x0000000710c00000| Complete |  0
|  96|0x0000000710e00000, 0x0000000711000000, 0x0000000711000000|100%|HC|  |TAMS 0x0000000710e00000| PB 0x0000000710e00000| Complete |  0
|  97|0x0000000711000000, 0x0000000711200000, 0x0000000711200000|100%|HC|  |TAMS 0x0000000711000000| PB 0x0000000711000000| Complete |  0
|  98|0x0000000711200000, 0x0000000711200000, 0x0000000711400000|  0%| F|  |TAMS 0x0000000711200000| PB 0x0000000711200000| Untracked |  0
|  99|0x0000000711400000, 0x0000000711400000, 0x0000000711600000|  0%| F|  |TAMS 0x0000000711400000| PB 0x0000000711400000| Untracked |  0
| 100|0x0000000711600000, 0x0000000711800000, 0x0000000711800000|100%|HS|  |TAMS 0x0000000711600000| PB 0x0000000711600000| Complete |  0
| 101|0x0000000711800000, 0x0000000711a00000, 0x0000000711a00000|100%|HC|  |TAMS 0x0000000711800000| PB 0x0000000711800000| Complete |  0
| 102|0x0000000711a00000, 0x0000000711c00000, 0x0000000711c00000|100%|HC|  |TAMS 0x0000000711a00000| PB 0x0000000711a00000| Complete |  0
| 103|0x0000000711c00000, 0x0000000711e00000, 0x0000000711e00000|100%|HS|  |TAMS 0x0000000711c00000| PB 0x0000000711c00000| Complete |  0
| 104|0x0000000711e00000, 0x0000000712000000, 0x0000000712000000|100%|HC|  |TAMS 0x0000000711e00000| PB 0x0000000711e00000| Complete |  0
| 105|0x0000000712000000, 0x0000000712200000, 0x0000000712200000|100%|HC|  |TAMS 0x0000000712000000| PB 0x0000000712000000| Complete |  0
| 106|0x0000000712200000, 0x0000000712400000, 0x0000000712400000|100%|HC|  |TAMS 0x0000000712200000| PB 0x0000000712200000| Complete |  0
| 107|0x0000000712400000, 0x0000000712600000, 0x0000000712600000|100%|HC|  |TAMS 0x0000000712400000| PB 0x0000000712400000| Complete |  0
| 108|0x0000000712600000, 0x0000000712800000, 0x0000000712800000|100%|HC|  |TAMS 0x0000000712600000| PB 0x0000000712600000| Complete |  0
| 109|0x0000000712800000, 0x0000000712a00000, 0x0000000712a00000|100%|HC|  |TAMS 0x0000000712800000| PB 0x0000000712800000| Complete |  0
| 110|0x0000000712a00000, 0x0000000712c00000, 0x0000000712c00000|100%|HC|  |TAMS 0x0000000712a00000| PB 0x0000000712a00000| Complete |  0
| 111|0x0000000712c00000, 0x0000000712c00000, 0x0000000712e00000|  0%| F|  |TAMS 0x0000000712c00000| PB 0x0000000712c00000| Untracked |  0
| 112|0x0000000712e00000, 0x0000000712e00000, 0x0000000713000000|  0%| F|  |TAMS 0x0000000712e00000| PB 0x0000000712e00000| Untracked |  0
| 113|0x0000000713000000, 0x0000000713200000, 0x0000000713200000|100%|HS|  |TAMS 0x0000000713000000| PB 0x0000000713000000| Complete |  0
| 114|0x0000000713200000, 0x0000000713400000, 0x0000000713400000|100%|HS|  |TAMS 0x0000000713200000| PB 0x0000000713200000| Complete |  0
| 115|0x0000000713400000, 0x0000000713600000, 0x0000000713600000|100%|HC|  |TAMS 0x0000000713400000| PB 0x0000000713400000| Complete |  0
| 116|0x0000000713600000, 0x0000000713600000, 0x0000000713800000|  0%| F|  |TAMS 0x0000000713600000| PB 0x0000000713600000| Untracked |  0
| 117|0x0000000713800000, 0x0000000713800000, 0x0000000713a00000|  0%| F|  |TAMS 0x0000000713800000| PB 0x0000000713800000| Untracked |  0
| 118|0x0000000713a00000, 0x0000000713a00000, 0x0000000713c00000|  0%| F|  |TAMS 0x0000000713a00000| PB 0x0000000713a00000| Untracked |  0
| 119|0x0000000713c00000, 0x0000000713c00000, 0x0000000713e00000|  0%| F|  |TAMS 0x0000000713c00000| PB 0x0000000713c00000| Untracked |  0
| 120|0x0000000713e00000, 0x0000000713e00000, 0x0000000714000000|  0%| F|  |TAMS 0x0000000713e00000| PB 0x0000000713e00000| Untracked |  0
| 121|0x0000000714000000, 0x0000000714000000, 0x0000000714200000|  0%| F|  |TAMS 0x0000000714000000| PB 0x0000000714000000| Untracked |  0
| 122|0x0000000714200000, 0x0000000714200000, 0x0000000714400000|  0%| F|  |TAMS 0x0000000714200000| PB 0x0000000714200000| Untracked |  0
| 123|0x0000000714400000, 0x0000000714400000, 0x0000000714600000|  0%| F|  |TAMS 0x0000000714400000| PB 0x0000000714400000| Untracked |  0
| 124|0x0000000714600000, 0x0000000714600000, 0x0000000714800000|  0%| F|  |TAMS 0x0000000714600000| PB 0x0000000714600000| Untracked |  0
| 125|0x0000000714800000, 0x0000000714800000, 0x0000000714a00000|  0%| F|  |TAMS 0x0000000714800000| PB 0x0000000714800000| Untracked |  0
| 126|0x0000000714a00000, 0x0000000714a00000, 0x0000000714c00000|  0%| F|  |TAMS 0x0000000714a00000| PB 0x0000000714a00000| Untracked |  0
| 127|0x0000000714c00000, 0x0000000714c00000, 0x0000000714e00000|  0%| F|  |TAMS 0x0000000714c00000| PB 0x0000000714c00000| Untracked |  0
| 128|0x0000000714e00000, 0x0000000714e00000, 0x0000000715000000|  0%| F|  |TAMS 0x0000000714e00000| PB 0x0000000714e00000| Untracked |  0
| 129|0x0000000715000000, 0x0000000715000000, 0x0000000715200000|  0%| F|  |TAMS 0x0000000715000000| PB 0x0000000715000000| Untracked |  0
| 130|0x0000000715200000, 0x0000000715200000, 0x0000000715400000|  0%| F|  |TAMS 0x0000000715200000| PB 0x0000000715200000| Untracked |  0
| 131|0x0000000715400000, 0x00000007154e3970, 0x0000000715600000| 44%| S|CS|TAMS 0x0000000715400000| PB 0x0000000715400000| Complete |  0
| 132|0x0000000715600000, 0x0000000715600000, 0x0000000715800000|  0%| F|  |TAMS 0x0000000715600000| PB 0x0000000715600000| Untracked |  0
| 133|0x0000000715800000, 0x0000000715a00000, 0x0000000715a00000|100%|HS|  |TAMS 0x0000000715800000| PB 0x0000000715800000| Complete |  0
| 134|0x0000000715a00000, 0x0000000715c00000, 0x0000000715c00000|100%|HC|  |TAMS 0x0000000715a00000| PB 0x0000000715a00000| Complete |  0
| 135|0x0000000715c00000, 0x0000000715e00000, 0x0000000715e00000|100%|HS|  |TAMS 0x0000000715c00000| PB 0x0000000715c00000| Complete |  0
| 136|0x0000000715e00000, 0x0000000716000000, 0x0000000716000000|100%|HC|  |TAMS 0x0000000715e00000| PB 0x0000000715e00000| Complete |  0
| 137|0x0000000716000000, 0x00000007161b92b8, 0x0000000716200000| 86%| E|  |TAMS 0x0000000716000000| PB 0x0000000716000000| Complete |  0
| 138|0x0000000716200000, 0x0000000716400000, 0x0000000716400000|100%| E|CS|TAMS 0x0000000716200000| PB 0x0000000716200000| Complete |  0
| 139|0x0000000716400000, 0x0000000716600000, 0x0000000716600000|100%| E|CS|TAMS 0x0000000716400000| PB 0x0000000716400000| Complete |  0
| 140|0x0000000716600000, 0x0000000716800000, 0x0000000716800000|100%| E|CS|TAMS 0x0000000716600000| PB 0x0000000716600000| Complete |  0
|1997|0x00000007fe800000, 0x00000007fea00000, 0x00000007fea00000|100%| O|  |TAMS 0x00000007fe800000| PB 0x00000007fe800000| Untracked |  0
|1998|0x00000007fea00000, 0x00000007fec00000, 0x00000007fec00000|100%| O|  |TAMS 0x00000007fea00000| PB 0x00000007fea00000| Untracked |  0
|1999|0x00000007fec00000, 0x00000007fee00000, 0x00000007fee00000|100%| O|  |TAMS 0x00000007fec00000| PB 0x00000007fec00000| Untracked |  0
|2000|0x00000007fee00000, 0x00000007ff000000, 0x00000007ff000000|100%| O|  |TAMS 0x00000007fee00000| PB 0x00000007fee00000| Untracked |  0
|2001|0x00000007ff000000, 0x00000007ff200000, 0x00000007ff200000|100%| O|  |TAMS 0x00000007ff000000| PB 0x00000007ff000000| Untracked |  0
|2002|0x00000007ff200000, 0x00000007ff400000, 0x00000007ff400000|100%| O|  |TAMS 0x00000007ff200000| PB 0x00000007ff200000| Untracked |  0
|2003|0x00000007ff400000, 0x00000007ff600000, 0x00000007ff600000|100%| O|  |TAMS 0x00000007ff400000| PB 0x00000007ff400000| Untracked |  0
|2004|0x00000007ff600000, 0x00000007ff800000, 0x00000007ff800000|100%| O|  |TAMS 0x00000007ff600000| PB 0x00000007ff600000| Untracked |  0
|2005|0x00000007ff800000, 0x00000007ffa00000, 0x00000007ffa00000|100%| O|  |TAMS 0x00000007ff800000| PB 0x00000007ff800000| Untracked |  0
|2006|0x00000007ffa00000, 0x00000007ffc00000, 0x00000007ffc00000|100%| O|  |TAMS 0x00000007ffa00000| PB 0x00000007ffa00000| Untracked |  0
|2007|0x00000007ffc00000, 0x00000007ffe00000, 0x00000007ffe00000|100%| O|  |TAMS 0x00000007ffc00000| PB 0x00000007ffc00000| Untracked |  0
|2008|0x00000007ffe00000, 0x0000000800000000, 0x0000000800000000|100%| O|  |TAMS 0x00000007ffe00000| PB 0x00000007ffe00000| Untracked |  0

Card table byte_map: [0x000001a11e140000,0x000001a11e920000] _byte_map_base: 0x000001a11a919000

Marking Bits: (CMBitMap*) 0x000001a105be7ab0
 Bits: [0x000001a11e920000, 0x000001a1227e8000)

Polling page: 0x000001a105340000

Metaspace:

Usage:
  Non-class:     19.35 MB used.
      Class:      3.16 MB used.
       Both:     22.51 MB used.

Virtual space:
  Non-class space:       64.00 MB reserved,      19.56 MB ( 31%) committed,  1 nodes.
      Class space:        1.00 GB reserved,       3.38 MB ( <1%) committed,  1 nodes.
             Both:        1.06 GB reserved,      22.94 MB (  2%) committed. 

Chunk freelists:
   Non-Class:  12.06 MB
       Class:  12.53 MB
        Both:  24.59 MB

MaxMetaspaceSize: unlimited
CompressedClassSpaceSize: 1.00 GB
Initial GC threshold: 21.00 MB
Current GC threshold: 38.06 MB
CDS: on
 - commit_granule_bytes: 65536.
 - commit_granule_words: 8192.
 - virtual_space_node_default_size: 8388608.
 - enlarge_chunks_in_place: 1.
 - use_allocation_guard: 0.


Internal statistics:

num_allocs_failed_limit: 3.
num_arena_births: 508.
num_arena_deaths: 0.
num_vsnodes_births: 2.
num_vsnodes_deaths: 0.
num_space_committed: 367.
num_space_uncommitted: 0.
num_chunks_returned_to_freelist: 3.
num_chunks_taken_from_freelist: 1134.
num_chunk_merges: 3.
num_chunk_splits: 766.
num_chunks_enlarged: 525.
num_inconsistent_stats: 0.

CodeHeap 'non-profiled nmethods': size=119168Kb used=1931Kb max_used=1931Kb free=117236Kb
 bounds [0x000001a115a60000, 0x000001a115cd0000, 0x000001a11cec0000]
CodeHeap 'profiled nmethods': size=119104Kb used=9859Kb max_used=9859Kb free=109244Kb
 bounds [0x000001a10dec0000, 0x000001a10e870000, 0x000001a115310000]
CodeHeap 'non-nmethods': size=7488Kb used=3575Kb max_used=3616Kb free=3912Kb
 bounds [0x000001a115310000, 0x000001a1156a0000, 0x000001a115a60000]
 total_blobs=5684 nmethods=4801 adapters=782
 compilation: enabled
              stopped_count=0, restarted_count=0
 full_count=0

Compilation events (20 events):
Event: 6.554 Thread 0x000001a125c36600 nmethod 5280 0x000001a115c42710 code [0x000001a115c428a0, 0x000001a115c42970]
Event: 6.554 Thread 0x000001a125c36cc0 nmethod 5282 0x000001a115c42a10 code [0x000001a115c42ba0, 0x000001a115c42c68]
Event: 6.554 Thread 0x000001a125c36cc0 5283       3       java.lang.Double::isFinite (17 bytes)
Event: 6.554 Thread 0x000001a125c36cc0 nmethod 5283 0x000001a10e857790 code [0x000001a10e857960, 0x000001a10e857ae8]
Event: 6.566 Thread 0x000001a125c36600 5284       3       com.sun.prism.impl.ps.BaseShaderGraphics::drawString (857 bytes)
Event: 6.566 Thread 0x000001a125ac8b20 5285       3       com.sun.prism.impl.BaseContext::getGlyphCache (29 bytes)
Event: 6.566 Thread 0x000001a125c35730 5286       3       com.sun.prism.impl.BaseContext::getGlyphCache (45 bytes)
Event: 6.566 Thread 0x000001a125c36cc0 5287       3       com.sun.prism.impl.ps.BaseShaderGraphics::initLCDSampleRT (231 bytes)
Event: 6.566 Thread 0x000001a125ac8b20 nmethod 5285 0x000001a10e857b90 code [0x000001a10e857d40, 0x000001a10e857fb8]
Event: 6.566 Thread 0x000001a125c35730 nmethod 5286 0x000001a10e858090 code [0x000001a10e858280, 0x000001a10e858868]
Event: 6.566 Thread 0x000001a125ac8b20 5288       3       com.sun.javafx.font.PrismFontFactory::getLCDContrast (40 bytes)
Event: 6.566 Thread 0x000001a125ac8b20 nmethod 5288 0x000001a10e858a10 code [0x000001a10e858be0, 0x000001a10e858db0]
Event: 6.566 Thread 0x000001a125c36cc0 nmethod 5287 0x000001a10e858e90 code [0x000001a10e8591c0, 0x000001a10e85aa70]
Event: 6.567 Thread 0x000001a125c36600 nmethod 5284 0x000001a10e85b210 code [0x000001a10e85b820, 0x000001a10e85f0f0]
Event: 6.567 Thread 0x000001a125ac8b20 5289       3       com.sun.prism.impl.BaseResourcePool::cleanup (145 bytes)
Event: 6.568 Thread 0x000001a125ac8b20 nmethod 5289 0x000001a10e860590 code [0x000001a10e8607e0, 0x000001a10e861268]
Event: 6.575 Thread 0x000001a125c35730 5290       3       com.sun.prism.impl.BaseGraphics::getResourceFactory (8 bytes)
Event: 6.575 Thread 0x000001a125c36cc0 5291       3       com.sun.prism.d3d.D3DContext::getResourceFactory (5 bytes)
Event: 6.575 Thread 0x000001a125c35730 nmethod 5290 0x000001a10e861610 code [0x000001a10e8617a0, 0x000001a10e861938]
Event: 6.575 Thread 0x000001a125c36cc0 nmethod 5291 0x000001a10e861a10 code [0x000001a10e861ba0, 0x000001a10e861cc8]

GC Heap History (18 events):
Event: 0.466 GC heap before
{Heap before GC invocations=0 (full 0):
 garbage-first heap   total reserved 4114432K, committed 258048K, used 24576K [0x0000000704e00000, 0x0000000800000000)
  region size 2048K, 12 young (24576K), 0 survivors (0K)
 Metaspace       used 5463K, committed 5696K, reserved 1114112K
  class space    used 600K, committed 704K, reserved 1048576K
}
Event: 0.470 GC heap after
{Heap after GC invocations=1 (full 0):
 garbage-first heap   total reserved 4114432K, committed 258048K, used 6284K [0x0000000704e00000, 0x0000000800000000)
  region size 2048K, 2 young (4096K), 2 survivors (4096K)
 Metaspace       used 5463K, committed 5696K, reserved 1114112K
  class space    used 600K, committed 704K, reserved 1048576K
}
Event: 1.251 GC heap before
{Heap before GC invocations=1 (full 0):
 garbage-first heap   total reserved 4114432K, committed 258048K, used 43148K [0x0000000704e00000, 0x0000000800000000)
  region size 2048K, 20 young (40960K), 2 survivors (4096K)
 Metaspace       used 15277K, committed 15616K, reserved 1114112K
  class space    used 1961K, committed 2112K, reserved 1048576K
}
Event: 1.259 GC heap after
{Heap after GC invocations=2 (full 0):
 garbage-first heap   total reserved 4114432K, committed 258048K, used 10666K [0x0000000704e00000, 0x0000000800000000)
  region size 2048K, 3 young (6144K), 3 survivors (6144K)
 Metaspace       used 15277K, committed 15616K, reserved 1114112K
  class space    used 1961K, committed 2112K, reserved 1048576K
}
Event: 1.864 GC heap before
{Heap before GC invocations=2 (full 0):
 garbage-first heap   total reserved 4114432K, committed 258048K, used 127402K [0x0000000704e00000, 0x0000000800000000)
  region size 2048K, 11 young (22528K), 3 survivors (6144K)
 Metaspace       used 16011K, committed 16384K, reserved 1114112K
  class space    used 2049K, committed 2240K, reserved 1048576K
}
Event: 1.867 GC heap after
{Heap after GC invocations=3 (full 0):
 garbage-first heap   total reserved 4114432K, committed 258048K, used 70565K [0x0000000704e00000, 0x0000000800000000)
  region size 2048K, 9 young (18432K), 9 survivors (18432K)
 Metaspace       used 16011K, committed 16384K, reserved 1114112K
  class space    used 2049K, committed 2240K, reserved 1048576K
}
Event: 2.463 GC heap before
{Heap before GC invocations=3 (full 0):
 garbage-first heap   total reserved 4114432K, committed 258048K, used 140197K [0x0000000704e00000, 0x0000000800000000)
  region size 2048K, 29 young (59392K), 9 survivors (18432K)
 Metaspace       used 21111K, committed 21504K, reserved 1114112K
  class space    used 3110K, committed 3328K, reserved 1048576K
}
Event: 2.469 GC heap after
{Heap after GC invocations=4 (full 0):
 garbage-first heap   total reserved 4114432K, committed 258048K, used 76098K [0x0000000704e00000, 0x0000000800000000)
  region size 2048K, 9 young (18432K), 9 survivors (18432K)
 Metaspace       used 21111K, committed 21504K, reserved 1114112K
  class space    used 3110K, committed 3328K, reserved 1048576K
}
Event: 4.144 GC heap before
{Heap before GC invocations=5 (full 0):
 garbage-first heap   total reserved 4114432K, committed 258048K, used 145730K [0x0000000704e00000, 0x0000000800000000)
  region size 2048K, 18 young (36864K), 9 survivors (18432K)
 Metaspace       used 22225K, committed 22720K, reserved 1114112K
  class space    used 3211K, committed 3456K, reserved 1048576K
}
Event: 4.148 GC heap after
{Heap after GC invocations=6 (full 0):
 garbage-first heap   total reserved 4114432K, committed 258048K, used 111783K [0x0000000704e00000, 0x0000000800000000)
  region size 2048K, 4 young (8192K), 4 survivors (8192K)
 Metaspace       used 22225K, committed 22720K, reserved 1114112K
  class space    used 3211K, committed 3456K, reserved 1048576K
}
Event: 4.164 GC heap before
{Heap before GC invocations=6 (full 0):
 garbage-first heap   total reserved 4114432K, committed 258048K, used 119975K [0x0000000704e00000, 0x0000000800000000)
  region size 2048K, 5 young (10240K), 4 survivors (8192K)
 Metaspace       used 22227K, committed 22720K, reserved 1114112K
  class space    used 3211K, committed 3456K, reserved 1048576K
}
Event: 4.167 GC heap after
{Heap after GC invocations=7 (full 0):
 garbage-first heap   total reserved 4114432K, committed 258048K, used 121578K [0x0000000704e00000, 0x0000000800000000)
  region size 2048K, 1 young (2048K), 1 survivors (2048K)
 Metaspace       used 22227K, committed 22720K, reserved 1114112K
  class space    used 3211K, committed 3456K, reserved 1048576K
}
Event: 6.010 GC heap before
{Heap before GC invocations=8 (full 0):
 garbage-first heap   total reserved 4114432K, committed 262144K, used 258794K [0x0000000704e00000, 0x0000000800000000)
  region size 2048K, 12 young (24576K), 1 survivors (2048K)
 Metaspace       used 22758K, committed 23232K, reserved 1114112K
  class space    used 3231K, committed 3456K, reserved 1048576K
}
Event: 6.014 GC heap after
{Heap after GC invocations=9 (full 0):
 garbage-first heap   total reserved 4114432K, committed 278528K, used 183806K [0x0000000704e00000, 0x0000000800000000)
  region size 2048K, 5 young (10240K), 5 survivors (10240K)
 Metaspace       used 22758K, committed 23232K, reserved 1114112K
  class space    used 3231K, committed 3456K, reserved 1048576K
}
Event: 6.262 GC heap before
{Heap before GC invocations=9 (full 0):
 garbage-first heap   total reserved 4114432K, committed 286720K, used 284158K [0x0000000704e00000, 0x0000000800000000)
  region size 2048K, 13 young (26624K), 5 survivors (10240K)
 Metaspace       used 22880K, committed 23360K, reserved 1114112K
  class space    used 3233K, committed 3456K, reserved 1048576K
}
Event: 6.267 GC heap after
{Heap after GC invocations=10 (full 0):
 garbage-first heap   total reserved 4114432K, committed 313344K, used 234368K [0x0000000704e00000, 0x0000000800000000)
  region size 2048K, 4 young (8192K), 4 survivors (8192K)
 Metaspace       used 22880K, committed 23360K, reserved 1114112K
  class space    used 3233K, committed 3456K, reserved 1048576K
}
Event: 6.280 GC heap before
{Heap before GC invocations=10 (full 0):
 garbage-first heap   total reserved 4114432K, committed 313344K, used 234368K [0x0000000704e00000, 0x0000000800000000)
  region size 2048K, 5 young (10240K), 4 survivors (8192K)
 Metaspace       used 22880K, committed 23360K, reserved 1114112K
  class space    used 3233K, committed 3456K, reserved 1048576K
}
Event: 6.282 GC heap after
{Heap after GC invocations=11 (full 0):
 garbage-first heap   total reserved 4114432K, committed 313344K, used 235292K [0x0000000704e00000, 0x0000000800000000)
  region size 2048K, 1 young (2048K), 1 survivors (2048K)
 Metaspace       used 22880K, committed 23360K, reserved 1114112K
  class space    used 3233K, committed 3456K, reserved 1048576K
}

Dll operation events (20 events):
Event: 0.420 Loaded shared library C:\Users\Dell\.openjfx\cache\21+31\amd64\api-ms-win-crt-locale-l1-1-0.dll
Event: 0.423 Loaded shared library C:\Users\Dell\.openjfx\cache\21+31\amd64\api-ms-win-crt-math-l1-1-0.dll
Event: 0.425 Loaded shared library C:\Users\Dell\.openjfx\cache\21+31\amd64\api-ms-win-crt-multibyte-l1-1-0.dll
Event: 0.428 Loaded shared library C:\Users\Dell\.openjfx\cache\21+31\amd64\api-ms-win-crt-private-l1-1-0.dll
Event: 0.430 Loaded shared library C:\Users\Dell\.openjfx\cache\21+31\amd64\api-ms-win-crt-process-l1-1-0.dll
Event: 0.432 Loaded shared library C:\Users\Dell\.openjfx\cache\21+31\amd64\api-ms-win-crt-runtime-l1-1-0.dll
Event: 0.435 Loaded shared library C:\Users\Dell\.openjfx\cache\21+31\amd64\api-ms-win-crt-stdio-l1-1-0.dll
Event: 0.437 Loaded shared library C:\Users\Dell\.openjfx\cache\21+31\amd64\api-ms-win-crt-string-l1-1-0.dll
Event: 0.439 Loaded shared library C:\Users\Dell\.openjfx\cache\21+31\amd64\api-ms-win-crt-time-l1-1-0.dll
Event: 0.441 Loaded shared library C:\Users\Dell\.openjfx\cache\21+31\amd64\api-ms-win-crt-utility-l1-1-0.dll
Event: 0.456 Loaded shared library C:\Users\Dell\.openjfx\cache\21+31\amd64\ucrtbase.dll
Event: 0.460 Loaded shared library C:\Users\Dell\.openjfx\cache\21+31\amd64\vcruntime140.dll
Event: 0.463 Loaded shared library C:\Users\Dell\.openjfx\cache\21+31\amd64\vcruntime140_1.dll
Event: 0.474 Loaded shared library C:\Users\Dell\.openjfx\cache\21+31\amd64\msvcp140.dll
Event: 0.477 Loaded shared library C:\Users\Dell\.openjfx\cache\21+31\amd64\msvcp140_1.dll
Event: 0.482 Loaded shared library C:\Users\Dell\.openjfx\cache\21+31\amd64\msvcp140_2.dll
Event: 0.578 Loaded shared library C:\Users\Dell\.openjfx\cache\21+31\amd64\prism_d3d.dll
Event: 0.755 Loaded shared library C:\Users\Dell\.openjfx\cache\21+31\amd64\glass.dll
Event: 1.103 Loaded shared library C:\Users\Dell\.openjfx\cache\21+31\amd64\javafx_font.dll
Event: 1.398 Loaded shared library C:\Users\Dell\.openjfx\cache\21+31\amd64\javafx_iio.dll

Deoptimization events (20 events):
Event: 6.337 Thread 0x000001a16c1520f0 Uncommon trap: trap_request=0xffffffd6 fr.pc=0x000001a115aba32c relative=0x00000000000003cc
Event: 6.337 Thread 0x000001a16c1520f0 Uncommon trap: reason=array_check action=maybe_recompile pc=0x000001a115aba32c method=javafx.css.CompoundSelector.applies(Ljavafx/css/Styleable;[Ljava/util/Set;I)Z @ 133 c2
Event: 6.337 Thread 0x000001a16c1520f0 DEOPT PACKING pc=0x000001a115aba32c sp=0x000000873abfaa30
Event: 6.337 Thread 0x000001a16c1520f0 DEOPT UNPACKING pc=0x000001a1153646a2 sp=0x000000873abfa9b8 mode 2
Event: 6.337 Thread 0x000001a16c1520f0 Uncommon trap: trap_request=0xffffffd6 fr.pc=0x000001a115aba32c relative=0x00000000000003cc
Event: 6.337 Thread 0x000001a16c1520f0 Uncommon trap: reason=array_check action=maybe_recompile pc=0x000001a115aba32c method=javafx.css.CompoundSelector.applies(Ljavafx/css/Styleable;[Ljava/util/Set;I)Z @ 133 c2
Event: 6.337 Thread 0x000001a16c1520f0 DEOPT PACKING pc=0x000001a115aba32c sp=0x000000873abfaa30
Event: 6.337 Thread 0x000001a16c1520f0 DEOPT UNPACKING pc=0x000001a1153646a2 sp=0x000000873abfa9b8 mode 2
Event: 6.337 Thread 0x000001a16c1520f0 Uncommon trap: trap_request=0xffffffd6 fr.pc=0x000001a115aba32c relative=0x00000000000003cc
Event: 6.337 Thread 0x000001a16c1520f0 Uncommon trap: reason=array_check action=maybe_recompile pc=0x000001a115aba32c method=javafx.css.CompoundSelector.applies(Ljavafx/css/Styleable;[Ljava/util/Set;I)Z @ 133 c2
Event: 6.337 Thread 0x000001a16c1520f0 DEOPT PACKING pc=0x000001a115aba32c sp=0x000000873abfb140
Event: 6.337 Thread 0x000001a16c1520f0 DEOPT UNPACKING pc=0x000001a1153646a2 sp=0x000000873abfb0c8 mode 2
Event: 6.337 Thread 0x000001a16c1520f0 Uncommon trap: trap_request=0xffffffd6 fr.pc=0x000001a115aba32c relative=0x00000000000003cc
Event: 6.337 Thread 0x000001a16c1520f0 Uncommon trap: reason=array_check action=maybe_recompile pc=0x000001a115aba32c method=javafx.css.CompoundSelector.applies(Ljavafx/css/Styleable;[Ljava/util/Set;I)Z @ 133 c2
Event: 6.337 Thread 0x000001a16c1520f0 DEOPT PACKING pc=0x000001a115aba32c sp=0x000000873abfb140
Event: 6.337 Thread 0x000001a16c1520f0 DEOPT UNPACKING pc=0x000001a1153646a2 sp=0x000000873abfb0c8 mode 2
Event: 6.422 Thread 0x000001a125abe430 DEOPT PACKING pc=0x000001a10e5d77d7 sp=0x000000873b6fb9b0
Event: 6.422 Thread 0x000001a125abe430 DEOPT UNPACKING pc=0x000001a115364e42 sp=0x000000873b6fae08 mode 0
Event: 6.551 Thread 0x000001a125abe430 DEOPT PACKING pc=0x000001a10e7434b0 sp=0x000000873b6fbae0
Event: 6.551 Thread 0x000001a125abe430 DEOPT UNPACKING pc=0x000001a115364e42 sp=0x000000873b6faf30 mode 0

Classes loaded (20 events):
Event: 2.456 Loading class java/util/EnumMap$EnumMapIterator done
Event: 2.456 Loading class java/util/EnumMap$ValueIterator done
Event: 2.458 Loading class java/util/concurrent/ConcurrentLinkedQueue
Event: 2.459 Loading class java/util/concurrent/ConcurrentLinkedQueue done
Event: 2.459 Loading class java/util/concurrent/ConcurrentLinkedQueue$Node
Event: 2.459 Loading class java/util/concurrent/ConcurrentLinkedQueue$Node done
Event: 2.478 Loading class java/nio/ShortBuffer
Event: 2.478 Loading class java/nio/ShortBuffer done
Event: 2.478 Loading class java/nio/DoubleBuffer
Event: 2.478 Loading class java/nio/DoubleBuffer done
Event: 2.478 Loading class java/nio/DirectFloatBufferU
Event: 2.478 Loading class java/nio/DirectFloatBufferU done
Event: 2.487 Loading class jdk/internal/ref/CleanerImpl$InnocuousThreadFactory
Event: 2.487 Loading class jdk/internal/ref/CleanerImpl$InnocuousThreadFactory done
Event: 2.497 Loading class sun/misc/Unsafe
Event: 2.497 Loading class sun/misc/Unsafe done
Event: 2.523 Loading class java/lang/FdLibm$Acos
Event: 2.523 Loading class java/lang/FdLibm$Acos done
Event: 2.575 Loading class java/lang/FdLibm$Atan2
Event: 2.575 Loading class java/lang/FdLibm$Atan2 done

Classes unloaded (0 events):
No events

Classes redefined (0 events):
No events

Internal exceptions (20 events):
Event: 1.215 Thread 0x000001a16c1520f0 Exception <a 'java/lang/NoSuchMethodError'{0x00000007122f6be8}: 'void java.lang.invoke.DirectMethodHandle$Holder.invokeSpecial(java.lang.Object, java.lang.Object, double)'> (0x00000007122f6be8) 
thrown [s\open\src\hotspot\share\interpreter\linkResolver.cpp, line 774]
Event: 1.216 Thread 0x000001a16c1520f0 Exception <a 'java/lang/NoSuchMethodError'{0x00000007122fdc10}: 'void java.lang.invoke.DelegatingMethodHandle$Holder.reinvoke_L(java.lang.Object, java.lang.Object, double)'> (0x00000007122fdc10) 
thrown [s\open\src\hotspot\share\interpreter\linkResolver.cpp, line 774]
Event: 1.236 Thread 0x000001a16c1520f0 Exception <a 'java/lang/NoSuchMethodError'{0x000000071206e740}: 'void java.lang.invoke.Invokers$Holder.invokeExact_MT(java.lang.Object, java.lang.Object, java.lang.Object, java.lang.Object)'> (0x000000071206e740) 
thrown [s\open\src\hotspot\share\interpreter\linkResolver.cpp, line 774]
Event: 1.280 Thread 0x000001a16c1520f0 Exception <a 'java/lang/NoSuchMethodError'{0x00000007148ac860}: 'void java.lang.invoke.DirectMethodHandle$Holder.invokeSpecial(java.lang.Object, java.lang.Object, int)'> (0x00000007148ac860) 
thrown [s\open\src\hotspot\share\interpreter\linkResolver.cpp, line 774]
Event: 1.281 Thread 0x000001a16c1520f0 Exception <a 'java/lang/NoSuchMethodError'{0x00000007148b06b0}: 'int java.lang.invoke.DirectMethodHandle$Holder.invokeSpecial(java.lang.Object, java.lang.Object, java.lang.Object, int)'> (0x00000007148b06b0) 
thrown [s\open\src\hotspot\share\interpreter\linkResolver.cpp, line 774]
Event: 1.283 Thread 0x000001a16c1520f0 Exception <a 'java/lang/NoSuchMethodError'{0x00000007148b7300}: 'void java.lang.invoke.DelegatingMethodHandle$Holder.reinvoke_L(java.lang.Object, java.lang.Object, int)'> (0x00000007148b7300) 
thrown [s\open\src\hotspot\share\interpreter\linkResolver.cpp, line 774]
Event: 1.297 Thread 0x000001a16c1520f0 Exception <a 'java/lang/NoSuchMethodError'{0x000000071490b0e8}: 'java.lang.Object java.lang.invoke.DirectMethodHandle$Holder.newInvokeSpecial(java.lang.Object, double)'> (0x000000071490b0e8) 
thrown [s\open\src\hotspot\share\interpreter\linkResolver.cpp, line 774]
Event: 2.010 Thread 0x000001a16c1520f0 Exception <a 'java/io/FileNotFoundException'{0x0000000713e0cce8}> (0x0000000713e0cce8) 
thrown [s\open\src\hotspot\share\prims\jni.cpp, line 520]
Event: 2.131 Thread 0x000001a16c1520f0 Exception <a 'java/lang/IncompatibleClassChangeError'{0x00000007122b8cc8}: Found class java.lang.Object, but interface was expected> (0x00000007122b8cc8) 
thrown [s\open\src\hotspot\share\interpreter\linkResolver.cpp, line 841]
Event: 2.179 Thread 0x000001a16c1520f0 Exception <a 'java/lang/ClassNotFoundException'{0x0000000712153a10}: com/sun/javafx/scene/control/skin/resources/controls> (0x0000000712153a10) 
thrown [s\open\src\hotspot\share\prims\jni.cpp, line 539]
Event: 2.179 Thread 0x000001a16c1520f0 Exception <a 'java/lang/ClassNotFoundException'{0x0000000712161c10}: com/sun/javafx/scene/control/skin/resources/controls_en> (0x0000000712161c10) 
thrown [s\open\src\hotspot\share\prims\jni.cpp, line 539]
Event: 2.180 Thread 0x000001a16c1520f0 Exception <a 'java/lang/ClassNotFoundException'{0x0000000712162e68}: com/sun/javafx/scene/control/skin/resources/controls_en_US> (0x0000000712162e68) 
thrown [s\open\src\hotspot\share\prims\jni.cpp, line 539]
Event: 2.209 Thread 0x000001a16c1520f0 Exception <a 'java/lang/NoSuchMethodError'{0x0000000711f259b8}: 'void java.lang.invoke.DirectMethodHandle$Holder.invokeSpecial(java.lang.Object, java.lang.Object, java.lang.Object, java.lang.Object, java.lang.Object, java.lang.Object)'> (0x0000000711f259b8) 
thrown [s\open\src\hotspot\share\interpreter\linkResolver.cpp, line 774]
Event: 2.237 Thread 0x000001a16c1520f0 Exception <a 'java/lang/NoSuchMethodError'{0x0000000711a40b58}: 'int java.lang.invoke.DirectMethodHandle$Holder.invokeSpecial(java.lang.Object, java.lang.Object, int)'> (0x0000000711a40b58) 
thrown [s\open\src\hotspot\share\interpreter\linkResolver.cpp, line 774]
Event: 2.374 Thread 0x000001a16c1520f0 Exception <a 'java/lang/NoSuchMethodError'{0x0000000711499c50}: 'java.lang.Object java.lang.invoke.DirectMethodHandle$Holder.newInvokeSpecial(java.lang.Object, java.lang.Object, int)'> (0x0000000711499c50) 
thrown [s\open\src\hotspot\share\interpreter\linkResolver.cpp, line 774]
Event: 2.459 Thread 0x000001a16c1520f0 Exception <a 'java/lang/NoSuchMethodError'{0x000000071133ef90}: 'long java.lang.invoke.DirectMethodHandle$Holder.invokeStatic(java.lang.Object, java.lang.Object, java.lang.Object)'> (0x000000071133ef90) 
thrown [s\open\src\hotspot\share\interpreter\linkResolver.cpp, line 774]
Event: 2.460 Thread 0x000001a16c1520f0 Exception <a 'java/lang/NoSuchMethodError'{0x0000000711342360}: 'long java.lang.invoke.DirectMethodHandle$Holder.invokeStaticInit(java.lang.Object, java.lang.Object, java.lang.Object)'> (0x0000000711342360) 
thrown [s\open\src\hotspot\share\interpreter\linkResolver.cpp, line 774]
Event: 2.461 Thread 0x000001a16c1520f0 Exception <a 'java/lang/NoSuchMethodError'{0x0000000711356950}: 'java.lang.Object java.lang.invoke.DirectMethodHandle$Holder.newInvokeSpecial(java.lang.Object, java.lang.Object, long)'> (0x0000000711356950) 
thrown [s\open\src\hotspot\share\interpreter\linkResolver.cpp, line 774]
Event: 2.530 Thread 0x000001a125abe430 Exception <a 'java/lang/NoSuchMethodError'{0x00000007145346f0}: 'java.lang.Object java.lang.invoke.DirectMethodHandle$Holder.invokeStaticInit(java.lang.Object, int)'> (0x00000007145346f0) 
thrown [s\open\src\hotspot\share\interpreter\linkResolver.cpp, line 774]
Event: 4.437 Thread 0x000001a16c1520f0 Implicit null exception at 0x000001a115bd5c5e to 0x000001a115bd5ce4

ZGC Phase Switch (0 events):
No events

VM Operations (20 events):
Event: 4.144 Executing VM operation: G1TryInitiateConcMark (G1 Humongous Allocation)
Event: 4.148 Executing VM operation: G1TryInitiateConcMark (G1 Humongous Allocation) done
Event: 4.164 Executing VM operation: G1TryInitiateConcMark (G1 Humongous Allocation)
Event: 4.167 Executing VM operation: G1TryInitiateConcMark (G1 Humongous Allocation) done
Event: 4.174 Executing VM operation: G1PauseRemark
Event: 4.183 Executing VM operation: G1PauseRemark done
Event: 4.185 Executing VM operation: G1PauseCleanup
Event: 4.186 Executing VM operation: G1PauseCleanup done
Event: 4.643 Executing VM operation: ICBufferFull
Event: 4.643 Executing VM operation: ICBufferFull done
Event: 6.010 Executing VM operation: G1CollectForAllocation (G1 Evacuation Pause)
Event: 6.014 Executing VM operation: G1CollectForAllocation (G1 Evacuation Pause) done
Event: 6.262 Executing VM operation: G1CollectForAllocation (G1 Evacuation Pause)
Event: 6.267 Executing VM operation: G1CollectForAllocation (G1 Evacuation Pause) done
Event: 6.280 Executing VM operation: G1TryInitiateConcMark (G1 Humongous Allocation)
Event: 6.282 Executing VM operation: G1TryInitiateConcMark (G1 Humongous Allocation) done
Event: 6.286 Executing VM operation: G1PauseRemark
Event: 6.290 Executing VM operation: G1PauseRemark done
Event: 6.292 Executing VM operation: G1PauseCleanup
Event: 6.292 Executing VM operation: G1PauseCleanup done

Events (20 events):
Event: 6.289 Thread 0x000001a125a9e6f0 flushing nmethod 0x000001a10e5b6310
Event: 6.289 Thread 0x000001a125a9e6f0 flushing nmethod 0x000001a10e5d4010
Event: 6.289 Thread 0x000001a125a9e6f0 flushing nmethod 0x000001a115b73f90
Event: 6.289 Thread 0x000001a125a9e6f0 flushing nmethod 0x000001a10df72c90
Event: 6.289 Thread 0x000001a125a9e6f0 flushing nmethod 0x000001a10dfc1c10
Event: 6.289 Thread 0x000001a125a9e6f0 flushing nmethod 0x000001a10e007e90
Event: 6.289 Thread 0x000001a125a9e6f0 flushing nmethod 0x000001a10e05b490
Event: 6.289 Thread 0x000001a125a9e6f0 flushing nmethod 0x000001a10e09a390
Event: 6.289 Thread 0x000001a125a9e6f0 flushing nmethod 0x000001a10e2df410
Event: 6.289 Thread 0x000001a125a9e6f0 flushing nmethod 0x000001a10e337d90
Event: 6.289 Thread 0x000001a125a9e6f0 flushing nmethod 0x000001a10e338090
Event: 6.289 Thread 0x000001a125a9e6f0 flushing nmethod 0x000001a10e41ec90
Event: 6.289 Thread 0x000001a125a9e6f0 flushing nmethod 0x000001a10e4e6990
Event: 6.289 Thread 0x000001a125a9e6f0 flushing nmethod 0x000001a10e542210
Event: 6.349 Thread 0x000001a17013d190 Thread added: 0x000001a17013d190
Event: 6.351 Thread 0x000001a1790de5a0 Thread added: 0x000001a1790de5a0
Event: 6.363 Thread 0x000001a178d40890 Thread added: 0x000001a178d40890
Event: 6.372 Thread 0x000001a1792d6810 Thread added: 0x000001a1792d6810
Event: 6.372 Thread 0x000001a125e612e0 Thread added: 0x000001a125e612e0
Event: 6.551 Thread 0x000001a125e612e0 Thread exited: 0x000001a125e612e0


Dynamic libraries:
0x00007ff773200000 - 0x00007ff77320e000 	C:\Users\Dell\.jdks\openjdk-22.0.1\bin\java.exe
0x00007ff9a4590000 - 0x00007ff9a47a7000 	C:\Windows\SYSTEM32\ntdll.dll
0x00007ff9a39b0000 - 0x00007ff9a3a74000 	C:\Windows\System32\KERNEL32.DLL
0x00007ff9a1e80000 - 0x00007ff9a2239000 	C:\Windows\System32\KERNELBASE.dll
0x00007ff9a1890000 - 0x00007ff9a19a1000 	C:\Windows\System32\ucrtbase.dll
0x00007ff98df10000 - 0x00007ff98df2b000 	C:\Users\Dell\.jdks\openjdk-22.0.1\bin\VCRUNTIME140.dll
0x00007ff999530000 - 0x00007ff999547000 	C:\Users\Dell\.jdks\openjdk-22.0.1\bin\jli.dll
0x00007ff9a3f40000 - 0x00007ff9a40ee000 	C:\Windows\System32\USER32.dll
0x00007ff9a1d00000 - 0x00007ff9a1d26000 	C:\Windows\System32\win32u.dll
0x00007ff9a4520000 - 0x00007ff9a4549000 	C:\Windows\System32\GDI32.dll
0x00007ff983040000 - 0x00007ff9832d2000 	C:\Windows\WinSxS\amd64_microsoft.windows.common-controls_6595b64144ccf1df_6.0.22621.4391_none_2715d37f73803e96\COMCTL32.dll
0x00007ff9a1d30000 - 0x00007ff9a1e4b000 	C:\Windows\System32\gdi32full.dll
0x00007ff9a3a90000 - 0x00007ff9a3b37000 	C:\Windows\System32\msvcrt.dll
0x00007ff9a1b20000 - 0x00007ff9a1bba000 	C:\Windows\System32\msvcp_win.dll
0x00007ff9a3f00000 - 0x00007ff9a3f31000 	C:\Windows\System32\IMM32.DLL
0x00007ff9995d0000 - 0x00007ff9995dc000 	C:\Users\Dell\.jdks\openjdk-22.0.1\bin\vcruntime140_1.dll
0x00007ff95d1f0000 - 0x00007ff95d27e000 	C:\Users\Dell\.jdks\openjdk-22.0.1\bin\msvcp140.dll
0x00007ff9016e0000 - 0x00007ff902427000 	C:\Users\Dell\.jdks\openjdk-22.0.1\bin\server\jvm.dll
0x00007ff9a2e00000 - 0x00007ff9a2eb2000 	C:\Windows\System32\ADVAPI32.dll
0x00007ff9a3e50000 - 0x00007ff9a3ef7000 	C:\Windows\System32\sechost.dll
0x00007ff9a1e50000 - 0x00007ff9a1e78000 	C:\Windows\System32\bcrypt.dll
0x00007ff9a3790000 - 0x00007ff9a38a4000 	C:\Windows\System32\RPCRT4.dll
0x00007ff9a3bc0000 - 0x00007ff9a3c31000 	C:\Windows\System32\WS2_32.dll
0x00007ff9a06e0000 - 0x00007ff9a072d000 	C:\Windows\SYSTEM32\POWRPROF.dll
0x00007ff99a560000 - 0x00007ff99a594000 	C:\Windows\SYSTEM32\WINMM.dll
0x00007ff99a8d0000 - 0x00007ff99a8da000 	C:\Windows\SYSTEM32\VERSION.dll
0x00007ff9a06c0000 - 0x00007ff9a06d3000 	C:\Windows\SYSTEM32\UMPDC.dll
0x00007ff9a0980000 - 0x00007ff9a0998000 	C:\Windows\SYSTEM32\kernel.appcore.dll
0x00007ff98df00000 - 0x00007ff98df0a000 	C:\Users\Dell\.jdks\openjdk-22.0.1\bin\jimage.dll
0x00007ff99f150000 - 0x00007ff99f382000 	C:\Windows\SYSTEM32\DBGHELP.DLL
0x00007ff9a40f0000 - 0x00007ff9a447f000 	C:\Windows\System32\combase.dll
0x00007ff9a3cf0000 - 0x00007ff9a3dc7000 	C:\Windows\System32\OLEAUT32.dll
0x00007ff98b1c0000 - 0x00007ff98b1f2000 	C:\Windows\SYSTEM32\dbgcore.DLL
0x00007ff9a1bc0000 - 0x00007ff9a1c3b000 	C:\Windows\System32\bcryptPrimitives.dll
0x00007ff98d970000 - 0x00007ff98d97f000 	C:\Users\Dell\.jdks\openjdk-22.0.1\bin\instrument.dll
0x00007ff98d990000 - 0x00007ff98d9ae000 	C:\Users\Dell\.jdks\openjdk-22.0.1\bin\java.dll
0x00007ff9a2ec0000 - 0x00007ff9a3736000 	C:\Windows\System32\SHELL32.dll
0x00007ff9a2af0000 - 0x00007ff9a2c95000 	C:\Windows\System32\ole32.dll
0x00007ff99f790000 - 0x00007ff9a0093000 	C:\Windows\SYSTEM32\windows.storage.dll
0x00007ff99f650000 - 0x00007ff99f78f000 	C:\Windows\SYSTEM32\wintypes.dll
0x00007ff9a2990000 - 0x00007ff9a2a89000 	C:\Windows\System32\SHCORE.dll
0x00007ff9a3b60000 - 0x00007ff9a3bbe000 	C:\Windows\System32\shlwapi.dll
0x00007ff9a17c0000 - 0x00007ff9a17eb000 	C:\Windows\SYSTEM32\profapi.dll
0x00007ff95d110000 - 0x00007ff95d1e7000 	C:\Users\Dell\.jdks\openjdk-22.0.1\bin\jsvml.dll
0x00007ff98d980000 - 0x00007ff98d990000 	C:\Users\Dell\.jdks\openjdk-22.0.1\bin\net.dll
0x00007ff9a0df0000 - 0x00007ff9a0e59000 	C:\Windows\system32\mswsock.dll
0x00007ff9834c0000 - 0x00007ff9834d6000 	C:\Users\Dell\.jdks\openjdk-22.0.1\bin\nio.dll
0x00007ff982290000 - 0x00007ff9822a7000 	C:\Users\Dell\.jdks\openjdk-22.0.1\bin\zip.dll
0x00007ff981400000 - 0x00007ff98141a000 	C:\Users\Dell\AppData\Local\Programs\IntelliJ IDEA Ultimate 2024.2.4\bin\breakgen64.dll
0x00007ff9a03a0000 - 0x00007ff9a04a2000 	C:\Windows\SYSTEM32\DNSAPI.dll
0x00007ff9a0370000 - 0x00007ff9a039d000 	C:\Windows\SYSTEM32\IPHLPAPI.DLL
0x00007ff9a3dd0000 - 0x00007ff9a3dd9000 	C:\Windows\System32\NSI.dll
0x00007ff99a8a0000 - 0x00007ff99a8aa000 	C:\Windows\System32\rasadhlp.dll
0x00007ff99a790000 - 0x00007ff99a813000 	C:\Windows\System32\fwpuclnt.dll
0x00007ff982ea0000 - 0x00007ff982eaa000 	C:\Users\Dell\.jdks\openjdk-22.0.1\bin\management.dll
0x000001a105ad0000 - 0x000001a105ad3000 	C:\Users\Dell\.openjfx\cache\21+31\amd64\api-ms-win-core-console-l1-1-0.dll
0x00007ff982280000 - 0x00007ff98228b000 	C:\Users\Dell\.jdks\openjdk-22.0.1\bin\management_ext.dll
0x00007ff9a22b0000 - 0x00007ff9a22b8000 	C:\Windows\System32\PSAPI.DLL
0x000001a105ae0000 - 0x000001a105ae3000 	C:\Users\Dell\.openjfx\cache\21+31\amd64\api-ms-win-core-console-l1-2-0.dll
0x000001a105af0000 - 0x000001a105af3000 	C:\Users\Dell\.openjfx\cache\21+31\amd64\api-ms-win-core-datetime-l1-1-0.dll
0x000001a105b00000 - 0x000001a105b03000 	C:\Users\Dell\.openjfx\cache\21+31\amd64\api-ms-win-core-debug-l1-1-0.dll
0x000001a105b10000 - 0x000001a105b13000 	C:\Users\Dell\.openjfx\cache\21+31\amd64\api-ms-win-core-errorhandling-l1-1-0.dll
0x000001a105b20000 - 0x000001a105b24000 	C:\Users\Dell\.openjfx\cache\21+31\amd64\api-ms-win-core-file-l1-1-0.dll
0x000001a105b30000 - 0x000001a105b33000 	C:\Users\Dell\.openjfx\cache\21+31\amd64\api-ms-win-core-file-l1-2-0.dll
0x000001a125fe0000 - 0x000001a125fe3000 	C:\Users\Dell\.openjfx\cache\21+31\amd64\api-ms-win-core-file-l2-1-0.dll
0x000001a125ff0000 - 0x000001a125ff3000 	C:\Users\Dell\.openjfx\cache\21+31\amd64\api-ms-win-core-handle-l1-1-0.dll
0x000001a16cc10000 - 0x000001a16cc13000 	C:\Users\Dell\.openjfx\cache\21+31\amd64\api-ms-win-core-heap-l1-1-0.dll
0x000001a16cc20000 - 0x000001a16cc23000 	C:\Users\Dell\.openjfx\cache\21+31\amd64\api-ms-win-core-interlocked-l1-1-0.dll
0x000001a16cc30000 - 0x000001a16cc33000 	C:\Users\Dell\.openjfx\cache\21+31\amd64\api-ms-win-core-libraryloader-l1-1-0.dll
0x000001a16cc40000 - 0x000001a16cc43000 	C:\Users\Dell\.openjfx\cache\21+31\amd64\api-ms-win-core-localization-l1-2-0.dll
0x000001a16cc50000 - 0x000001a16cc53000 	C:\Users\Dell\.openjfx\cache\21+31\amd64\api-ms-win-core-memory-l1-1-0.dll
0x000001a16cc60000 - 0x000001a16cc63000 	C:\Users\Dell\.openjfx\cache\21+31\amd64\api-ms-win-core-namedpipe-l1-1-0.dll
0x000001a16cc70000 - 0x000001a16cc73000 	C:\Users\Dell\.openjfx\cache\21+31\amd64\api-ms-win-core-processenvironment-l1-1-0.dll
0x000001a16cc80000 - 0x000001a16cc83000 	C:\Users\Dell\.openjfx\cache\21+31\amd64\api-ms-win-core-processthreads-l1-1-0.dll
0x000001a16cc90000 - 0x000001a16cc93000 	C:\Users\Dell\.openjfx\cache\21+31\amd64\api-ms-win-core-processthreads-l1-1-1.dll
0x000001a16cca0000 - 0x000001a16cca3000 	C:\Users\Dell\.openjfx\cache\21+31\amd64\api-ms-win-core-profile-l1-1-0.dll
0x000001a16ccb0000 - 0x000001a16ccb3000 	C:\Users\Dell\.openjfx\cache\21+31\amd64\api-ms-win-core-rtlsupport-l1-1-0.dll
0x000001a16ccc0000 - 0x000001a16ccc3000 	C:\Users\Dell\.openjfx\cache\21+31\amd64\api-ms-win-core-string-l1-1-0.dll
0x000001a16ccd0000 - 0x000001a16ccd3000 	C:\Users\Dell\.openjfx\cache\21+31\amd64\api-ms-win-core-synch-l1-1-0.dll
0x000001a16cce0000 - 0x000001a16cce3000 	C:\Users\Dell\.openjfx\cache\21+31\amd64\api-ms-win-core-synch-l1-2-0.dll
0x000001a16ccf0000 - 0x000001a16ccf3000 	C:\Users\Dell\.openjfx\cache\21+31\amd64\api-ms-win-core-sysinfo-l1-1-0.dll
0x000001a16cd00000 - 0x000001a16cd03000 	C:\Users\Dell\.openjfx\cache\21+31\amd64\api-ms-win-core-timezone-l1-1-0.dll
0x000001a16cd10000 - 0x000001a16cd13000 	C:\Users\Dell\.openjfx\cache\21+31\amd64\api-ms-win-core-util-l1-1-0.dll
0x000001a16cd20000 - 0x000001a16cd23000 	C:\Users\Dell\.openjfx\cache\21+31\amd64\api-ms-win-crt-conio-l1-1-0.dll
0x000001a16cd30000 - 0x000001a16cd34000 	C:\Users\Dell\.openjfx\cache\21+31\amd64\api-ms-win-crt-convert-l1-1-0.dll
0x000001a16cd40000 - 0x000001a16cd43000 	C:\Users\Dell\.openjfx\cache\21+31\amd64\api-ms-win-crt-environment-l1-1-0.dll
0x000001a16cd50000 - 0x000001a16cd53000 	C:\Users\Dell\.openjfx\cache\21+31\amd64\api-ms-win-crt-filesystem-l1-1-0.dll
0x000001a16cd60000 - 0x000001a16cd63000 	C:\Users\Dell\.openjfx\cache\21+31\amd64\api-ms-win-crt-heap-l1-1-0.dll
0x000001a16cd70000 - 0x000001a16cd73000 	C:\Users\Dell\.openjfx\cache\21+31\amd64\api-ms-win-crt-locale-l1-1-0.dll
0x000001a16cd80000 - 0x000001a16cd85000 	C:\Users\Dell\.openjfx\cache\21+31\amd64\api-ms-win-crt-math-l1-1-0.dll
0x000001a16cd90000 - 0x000001a16cd95000 	C:\Users\Dell\.openjfx\cache\21+31\amd64\api-ms-win-crt-multibyte-l1-1-0.dll
0x000001a16cda0000 - 0x000001a16cdb0000 	C:\Users\Dell\.openjfx\cache\21+31\amd64\api-ms-win-crt-private-l1-1-0.dll
0x000001a16cdb0000 - 0x000001a16cdb3000 	C:\Users\Dell\.openjfx\cache\21+31\amd64\api-ms-win-crt-process-l1-1-0.dll
0x000001a16cdc0000 - 0x000001a16cdc4000 	C:\Users\Dell\.openjfx\cache\21+31\amd64\api-ms-win-crt-runtime-l1-1-0.dll
0x000001a16cdd0000 - 0x000001a16cdd4000 	C:\Users\Dell\.openjfx\cache\21+31\amd64\api-ms-win-crt-stdio-l1-1-0.dll
0x000001a16cde0000 - 0x000001a16cde4000 	C:\Users\Dell\.openjfx\cache\21+31\amd64\api-ms-win-crt-string-l1-1-0.dll
0x000001a16cdf0000 - 0x000001a16cdf3000 	C:\Users\Dell\.openjfx\cache\21+31\amd64\api-ms-win-crt-time-l1-1-0.dll
0x000001a16ce00000 - 0x000001a16ce03000 	C:\Users\Dell\.openjfx\cache\21+31\amd64\api-ms-win-crt-utility-l1-1-0.dll
0x00007ff949700000 - 0x00007ff9497fc000 	C:\Users\Dell\.openjfx\cache\21+31\amd64\ucrtbase.dll
0x00007ff9813e0000 - 0x00007ff9813fb000 	C:\Users\Dell\.openjfx\cache\21+31\amd64\vcruntime140.dll
0x00007ff9813d0000 - 0x00007ff9813dc000 	C:\Users\Dell\.openjfx\cache\21+31\amd64\vcruntime140_1.dll
0x00007ff94ccc0000 - 0x00007ff94cd4e000 	C:\Users\Dell\.openjfx\cache\21+31\amd64\msvcp140.dll
0x00007ff9813c0000 - 0x00007ff9813c9000 	C:\Users\Dell\.openjfx\cache\21+31\amd64\msvcp140_1.dll
0x00007ff981120000 - 0x00007ff98114f000 	C:\Users\Dell\.openjfx\cache\21+31\amd64\msvcp140_2.dll
0x00007ff9a1140000 - 0x00007ff9a115b000 	C:\Windows\SYSTEM32\CRYPTSP.dll
0x00007ff9a08e0000 - 0x00007ff9a0915000 	C:\Windows\system32\rsaenh.dll
0x00007ff9a0e90000 - 0x00007ff9a0eb8000 	C:\Windows\SYSTEM32\USERENV.dll
0x00007ff9a1120000 - 0x00007ff9a112c000 	C:\Windows\SYSTEM32\CRYPTBASE.dll
0x00007ff960410000 - 0x00007ff960427000 	C:\Windows\system32\napinsp.dll
0x00007ff9603f0000 - 0x00007ff96040b000 	C:\Windows\system32\pnrpnsp.dll
0x00007ff960230000 - 0x00007ff960241000 	C:\Windows\System32\winrnr.dll
0x00007ff960210000 - 0x00007ff960225000 	C:\Windows\system32\wshbth.dll
0x00007ff9601e0000 - 0x00007ff960207000 	C:\Windows\system32\nlansp_c.dll
0x00007ff980f30000 - 0x00007ff980f5f000 	C:\Users\Dell\.openjfx\cache\21+31\amd64\prism_d3d.dll
0x00007ff90ada0000 - 0x00007ff90af48000 	C:\Windows\system32\d3d9.dll
0x00007ff99e9a0000 - 0x00007ff99e9cb000 	C:\Windows\SYSTEM32\dwmapi.dll
0x00007ff99e840000 - 0x00007ff99e877000 	C:\Windows\SYSTEM32\dxcore.dll
0x00007ff99e690000 - 0x00007ff99e741000 	C:\Windows\system32\uxtheme.dll
0x00007ff95e5e0000 - 0x00007ff95e690000 	C:\Windows\SYSTEM32\d3d9on12.dll
0x00007ff99e890000 - 0x00007ff99e987000 	C:\Windows\SYSTEM32\dxgi.dll
0x00007ff94c060000 - 0x00007ff94c086000 	C:\Windows\SYSTEM32\d3d12.dll
0x00007ff9a15a0000 - 0x00007ff9a15ee000 	C:\Windows\SYSTEM32\cfgmgr32.dll
0x00007ff94dc70000 - 0x00007ff94de72000 	C:\Windows\SYSTEM32\D3D12Core.dll
0x00007ff9508c0000 - 0x00007ff9509b3000 	C:\Windows\System32\DriverStore\FileRepository\iigd_dch.inf_amd64_bcc3ca7fdd6d5f38\igd12umd64.dll
0x00007ff903d20000 - 0x00007ff904fa5000 	C:\Windows\System32\DriverStore\FileRepository\iigd_dch.inf_amd64_bcc3ca7fdd6d5f38\igd12um64xel.dll
0x00007ff9a19b0000 - 0x00007ff9a1b16000 	C:\Windows\System32\CRYPT32.dll
0x00007ff994270000 - 0x00007ff9943d2000 	C:\Windows\SYSTEM32\drvstore.dll
0x00007ff967350000 - 0x00007ff967376000 	C:\Windows\System32\DriverStore\FileRepository\iigd_dch.inf_amd64_bcc3ca7fdd6d5f38\igdext64.dll

dbghelp: loaded successfully - version: 4.0.5 - missing functions: none
symbol engine: initialized successfully - sym options: 0x614 - pdb path: .;C:\Users\Dell\.jdks\openjdk-22.0.1\bin;C:\Windows\SYSTEM32;C:\Windows\WinSxS\amd64_microsoft.windows.common-controls_6595b64144ccf1df_6.0.22621.4391_none_2715d37f73803e96;C:\Users\Dell\.jdks\openjdk-22.0.1\bin\server;C:\Users\Dell\AppData\Local\Programs\IntelliJ IDEA Ultimate 2024.2.4\bin;C:\Users\Dell\.openjfx\cache\21+31\amd64;C:\Windows\System32\DriverStore\FileRepository\iigd_dch.inf_amd64_bcc3ca7fdd6d5f38;C:\Program Files\Common Files\Microsoft Shared\Ink

VM Arguments:
jvm_args: -javaagent:C:\Users\Dell\AppData\Local\Programs\IntelliJ IDEA Ultimate 2024.2.4\lib\idea_rt.jar=52664:C:\Users\Dell\AppData\Local\Programs\IntelliJ IDEA Ultimate 2024.2.4\bin -Dfile.encoding=UTF-8 -Dsun.stdout.encoding=UTF-8 -Dsun.stderr.encoding=UTF-8 --module-path=C:\Users\Dell\.m2\repository\org\openjfx\javafx-controls\21\javafx-controls-21-win.jar;C:\Users\Dell\.m2\repository\com\sun\mail\javax.mail\1.6.2\javax.mail-1.6.2.jar;C:\Users\Dell\.m2\repository\org\openjfx\javafx-graphics\21\javafx-graphics-21-win.jar;C:\Users\Dell\.m2\repository\org\controlsfx\controlsfx\11.2.1\controlsfx-11.2.1.jar;D:\oop\lms\target\classes;C:\Users\Dell\.m2\repository\com\squareup\okhttp3\okhttp\4.9.3\okhttp-4.9.3.jar;C:\Users\Dell\.m2\repository\io\github\cdimascio\java-dotenv\5.2.2\java-dotenv-5.2.2.jar;C:\Users\Dell\.m2\repository\com\mysql\mysql-connector-j\8.0.32\mysql-connector-j-8.0.32.jar;C:\Users\Dell\.m2\repository\org\openjfx\javafx-base\21\javafx-base-21-win.jar;C:\Users\Dell\.m2\repository\org\openjfx\javafx-fxml\21\javafx-fxml-21-win.jar;C:\Users\Dell\.m2\repository\com\google\code\gson\gson\2.10.1\gson-2.10.1.jar -Djdk.module.main=edu.lms 
java_command: edu.lms/edu.lms.LibraryManagementApplication
java_class_path (initial): C:\Users\Dell\.m2\repository\org\openjfx\javafx-controls\21\javafx-controls-21.jar;C:\Users\Dell\.m2\repository\org\openjfx\javafx-graphics\21\javafx-graphics-21.jar;C:\Users\Dell\.m2\repository\org\openjfx\javafx-base\21\javafx-base-21.jar;C:\Users\Dell\.m2\repository\org\openjfx\javafx-fxml\21\javafx-fxml-21.jar;C:\Users\Dell\.m2\repository\org\jetbrains\kotlin\kotlin-stdlib\1.4.0\kotlin-stdlib-1.4.0.jar;C:\Users\Dell\.m2\repository\org\jetbrains\kotlin\kotlin-stdlib-common\1.4.0\kotlin-stdlib-common-1.4.0.jar;C:\Users\Dell\.m2\repository\org\jetbrains\annotations\13.0\annotations-13.0.jar;C:\Users\Dell\.m2\repository\com\squareup\okio\okio\2.8.0\okio-2.8.0.jar;C:\Users\Dell\.m2\repository\com\google\protobuf\protobuf-java\3.21.9\protobuf-java-3.21.9.jar;C:\Users\Dell\.m2\repository\javax\activation\activation\1.1\activation-1.1.jar;C:\Users\Dell\.m2\repository\org\json\json\20240303\json-20240303.jar
Launcher Type: SUN_STANDARD

[Global flags]
     intx CICompilerCount                          = 12                                        {product} {ergonomic}
     uint ConcGCThreads                            = 4                                         {product} {ergonomic}
     uint G1ConcRefinementThreads                  = 15                                        {product} {ergonomic}
   size_t G1HeapRegionSize                         = 2097152                                   {product} {ergonomic}
   size_t InitialHeapSize                          = 264241152                                 {product} {ergonomic}
   size_t MarkStackSize                            = 4194304                                   {product} {ergonomic}
   size_t MaxHeapSize                              = 4213178368                                {product} {ergonomic}
   size_t MaxNewSize                               = 2527068160                                {product} {ergonomic}
   size_t MinHeapDeltaBytes                        = 2097152                                   {product} {ergonomic}
   size_t MinHeapSize                              = 8388608                                   {product} {ergonomic}
    uintx NonNMethodCodeHeapSize                   = 7602480                                {pd product} {ergonomic}
    uintx NonProfiledCodeHeapSize                  = 122027880                              {pd product} {ergonomic}
    uintx ProfiledCodeHeapSize                     = 122027880                              {pd product} {ergonomic}
    uintx ReservedCodeCacheSize                    = 251658240                              {pd product} {ergonomic}
     bool SegmentedCodeCache                       = true                                      {product} {ergonomic}
   size_t SoftMaxHeapSize                          = 4213178368                             {manageable} {ergonomic}
     bool UseCompressedOops                        = true                           {product lp64_product} {ergonomic}
     bool UseG1GC                                  = true                                      {product} {ergonomic}
     bool UseLargePagesIndividualAllocation        = false                                  {pd product} {ergonomic}

Logging:
Log output configuration:
 #0: stdout all=warning uptime,level,tags foldmultilines=false
 #1: stderr all=off uptime,level,tags foldmultilines=false

Environment Variables:
PATH=C:\Program Files\Common Files\Oracle\Java\javapath;C:\Program Files (x86)\Common Files\Oracle\Java\java8path;C:\Program Files (x86)\Common Files\Oracle\Java\javapath;C:\Windows\system32;C:\Windows;C:\Windows\System32\Wbem;C:\Windows\System32\WindowsPowerShell\v1.0\;C:\Windows\System32\OpenSSH\;C:\Program Files (x86)\NVIDIA Corporation\PhysX\Common;C:\Program Files\NVIDIA Corporation\NVIDIA NvDLISR;C:\msys64\mingw64\bin;C:\Program Files (x86)\Windows Kits\10\Windows Performance Toolkit\;D:\Git\cmd;C:\Program Files\Amazon\AWSCLIV2\;C:\Program Files\dotnet\;C:\Users\Dell\AppData\Local\Programs\Python\Launcher\;C:\Users\Dell\AppData\Local\Microsoft\WindowsApps;C:\Users\Dell\AppData\Local\Programs\Microsoft VS Code\bin;C:\winlibs-x86_64-posix-seh-gcc-12.1.0-mingw-w64msvcrt-10.0.0-r3\mingw64\bin;C:\msys64\ucrt64\bin;C:\Users\Dell\AppData\Local\GitHubDesktop\bin;C:\Program Files\JetBrains\DataGrip 2024.2.2\bin;;C:\Users\Dell\AppData\Local\Muse Hub\lib;C:\Users\Dell\Desktop\Java\apache-maven-3.9.9\bin;
USERNAME=Dell
OS=Windows_NT
PROCESSOR_IDENTIFIER=Intel64 Family 6 Model 154 Stepping 3, GenuineIntel
TMP=C:\Users\Dell\AppData\Local\Temp
TEMP=C:\Users\Dell\AppData\Local\Temp




Periodic native trim disabled

---------------  S Y S T E M  ---------------

OS:
 Windows 11 , 64 bit Build 22621 (10.0.22621.4391)
OS uptime: 0 days 2:01 hours
Hyper-V role detected

CPU: total 20 (initial active 20) (10 cores per cpu, 2 threads per core) family 6 model 154 stepping 3 microcode 0x435, cx8, cmov, fxsr, ht, mmx, 3dnowpref, sse, sse2, sse3, ssse3, sse4.1, sse4.2, popcnt, lzcnt, tsc, tscinvbit, avx, avx2, aes, erms, clmul, bmi1, bmi2, adx, sha, fma, vzeroupper, clflush, clflushopt, clwb, hv, serialize, rdtscp, rdpid, fsrm, f16c, cet_ibt, cet_ss
Processor Information for processor 0
  Max Mhz: 2300, Current Mhz: 1506, Mhz Limit: 2300
Processor Information for processor 1
  Max Mhz: 2300, Current Mhz: 2300, Mhz Limit: 2300
Processor Information for processor 2
  Max Mhz: 2300, Current Mhz: 2300, Mhz Limit: 2300
Processor Information for processor 3
  Max Mhz: 2300, Current Mhz: 2300, Mhz Limit: 2300
Processor Information for processor 4
  Max Mhz: 2300, Current Mhz: 2300, Mhz Limit: 2300
Processor Information for processor 5
  Max Mhz: 2300, Current Mhz: 2300, Mhz Limit: 2300
Processor Information for processor 6
  Max Mhz: 2300, Current Mhz: 2300, Mhz Limit: 2300
Processor Information for processor 7
  Max Mhz: 2300, Current Mhz: 1506, Mhz Limit: 2300
Processor Information for processor 8
  Max Mhz: 2300, Current Mhz: 2300, Mhz Limit: 2300
Processor Information for processor 9
  Max Mhz: 2300, Current Mhz: 1506, Mhz Limit: 2300
Processor Information for processor 10
  Max Mhz: 2300, Current Mhz: 2300, Mhz Limit: 2300
Processor Information for processor 11
  Max Mhz: 2300, Current Mhz: 2300, Mhz Limit: 2300
Processor Information for processor 12
  Max Mhz: 2300, Current Mhz: 1700, Mhz Limit: 1679
Processor Information for processor 13
  Max Mhz: 2300, Current Mhz: 1700, Mhz Limit: 1679
Processor Information for processor 14
  Max Mhz: 2300, Current Mhz: 1500, Mhz Limit: 1679
Processor Information for processor 15
  Max Mhz: 2300, Current Mhz: 1500, Mhz Limit: 1679
Processor Information for processor 16
  Max Mhz: 2300, Current Mhz: 1500, Mhz Limit: 1679
Processor Information for processor 17
  Max Mhz: 2300, Current Mhz: 1500, Mhz Limit: 1679
Processor Information for processor 18
  Max Mhz: 2300, Current Mhz: 1500, Mhz Limit: 1679
Processor Information for processor 19
  Max Mhz: 2300, Current Mhz: 1500, Mhz Limit: 1679

Memory: 4k page, system-wide physical 16068M (2015M free)
TotalPageFile size 20068M (AvailPageFile size 3M)
current process WorkingSet (physical memory assigned to process): 925M, peak: 925M
current process commit charge ("private bytes"): 1034M, peak: 1037M

vm_info: OpenJDK 64-Bit Server VM (22.0.1+8-16) for windows-amd64 JRE (22.0.1+8-16), built on 2024-03-12T10:33:16Z by "mach5one" with MS VC++ 17.6 (VS2022)

END.
