#
# There is insufficient memory for the Java Runtime Environment to continue.
# Native memory allocation (malloc) failed to allocate 258896 bytes. Error detail: Chunk::new
# Possible reasons:
#   The system is out of physical RAM or swap space
#   This process is running with CompressedOops enabled, and the Java Heap may be blocking the growth of the native heap
# Possible solutions:
#   Reduce memory load on the system
#   Increase physical memory or swap space
#   Check if swap backing store is full
#   Decrease Java heap size (-Xmx/-Xms)
#   Decrease number of Java threads
#   Decrease Java thread stack sizes (-Xss)
#   Set larger code cache with -XX:ReservedCodeCacheSize=
#   JVM is running with Zero Based Compressed Oops mode in which the Java heap is
#     placed in the first 32GB address space. The Java Heap base address is the
#     maximum limit for the native heap growth. Please use -XX:HeapBaseMinAddress
#     to set the Java Heap base and to place the Java Heap above 32GB virtual address.
# This output file may be truncated or incomplete.
#
#  Out of Memory Error (arena.cpp:150), pid=29164, tid=30928
#
# JRE version: OpenJDK Runtime Environment (22.0.1+8) (build 22.0.1+8-16)
# Java VM: OpenJDK 64-Bit Server VM (22.0.1+8-16, mixed mode, sharing, tiered, compressed oops, compressed class ptrs, g1 gc, windows-amd64)
# No core dump will be written. Minidumps are not enabled by default on client versions of Windows
#

---------------  S U M M A R Y ------------

Command Line: -javaagent:C:\Users\Dell\AppData\Local\Programs\IntelliJ IDEA Ultimate 2024.2.4\lib\idea_rt.jar=57912:C:\Users\Dell\AppData\Local\Programs\IntelliJ IDEA Ultimate 2024.2.4\bin -Dfile.encoding=UTF-8 -Dsun.stdout.encoding=UTF-8 -Dsun.stderr.encoding=UTF-8 --module-path=C:\Users\Dell\.m2\repository\org\openjfx\javafx-controls\23.0.1\javafx-controls-23.0.1-win.jar;C:\Users\Dell\.m2\repository\com\sun\mail\javax.mail\1.6.2\javax.mail-1.6.2.jar;C:\Users\Dell\.m2\repository\com\squareup\okhttp3\okhttp\4.9.3\okhttp-4.9.3.jar;C:\Users\Dell\.m2\repository\io\github\cdimascio\java-dotenv\5.2.2\java-dotenv-5.2.2.jar;C:\Users\Dell\.m2\repository\org\openjfx\javafx-base\23.0.1\javafx-base-23.0.1-win.jar;C:\Users\Dell\.m2\repository\com\mysql\mysql-connector-j\8.0.32\mysql-connector-j-8.0.32.jar;C:\Users\Dell\.m2\repository\com\google\code\gson\gson\2.10.1\gson-2.10.1.jar;C:\Users\Dell\.m2\repository\org\controlsfx\controlsfx\11.2.1\controlsfx-11.2.1.jar;D:\oop\lms\target\classes;C:\Users\Dell\.m2\repository\org\openjfx\javafx-graphics\23.0.1\javafx-graphics-23.0.1-win.jar;C:\Users\Dell\.m2\repository\org\openjfx\javafx-fxml\23.0.1\javafx-fxml-23.0.1-win.jar -Djdk.module.main=edu.lms edu.lms/edu.lms.LibraryManagementApplication

Host: 12th Gen Intel(R) Core(TM) i7-12700H, 20 cores, 15G,  Windows 11 , 64 bit Build 22621 (10.0.22621.4391)
Time: Sat Nov 23 23:42:32 2024 SE Asia Standard Time elapsed time: 40.611966 seconds (0d 0h 0m 40s)

---------------  T H R E A D  ---------------

Current thread (0x0000025a0bd9a7e0):  JavaThread "C2 CompilerThread1" daemon [_thread_in_native, id=30928, stack(0x000000fac0000000,0x000000fac0100000) (1024K)]


Current CompileTask:
C2:40612 6594       4       javafx.scene.CssStyleHelper::getCachedFont (156 bytes)

Stack: [0x000000fac0000000,0x000000fac0100000]
Native frames: (J=compiled Java code, j=interpreted, Vv=VM code, C=native code)
V  [jvm.dll+0x6e2279]  (no source info available)
V  [jvm.dll+0x874e33]  (no source info available)
V  [jvm.dll+0x87725e]  (no source info available)
V  [jvm.dll+0x877933]  (no source info available)
V  [jvm.dll+0x27fd76]  (no source info available)
V  [jvm.dll+0xc3d0f]  (no source info available)
V  [jvm.dll+0xc3f6b]  (no source info available)
V  [jvm.dll+0x2f3c2f]  (no source info available)
V  [jvm.dll+0x60bc9a]  (no source info available)
V  [jvm.dll+0x250db2]  (no source info available)
V  [jvm.dll+0x2493c6]  (no source info available)
V  [jvm.dll+0x246ec6]  (no source info available)
V  [jvm.dll+0x1c4e90]  (no source info available)
V  [jvm.dll+0x2569fe]  (no source info available)
V  [jvm.dll+0x254cba]  (no source info available)
V  [jvm.dll+0x3f5336]  (no source info available)
V  [jvm.dll+0x81d44b]  (no source info available)
V  [jvm.dll+0x6e0915]  (no source info available)
C  [ucrtbase.dll+0x29333]  (no source info available)
C  [KERNEL32.DLL+0x1259d]  (no source info available)
C  [ntdll.dll+0x5af38]  (no source info available)


---------------  P R O C E S S  ---------------

Threads class SMR info:
_java_thread_list=0x00000259d0756c10, length=23, elements={
0x00000259d699e6f0, 0x00000259f5c25630, 0x00000259f5c27450, 0x00000259f5c28390,
0x00000259f5c2b030, 0x00000259f5c2cbc0, 0x00000259f5c30f80, 0x00000259f5c2e730,
0x00000259f5c2f7b0, 0x00000259c525eba0, 0x00000259c6106840, 0x00000259c5f606b0,
0x00000259c62c01b0, 0x00000259c531f980, 0x00000259c68a9b70, 0x00000259c6b2e0b0,
0x00000259c6b64e30, 0x00000259d0438330, 0x00000259d0436f80, 0x00000259cfcc3e50,
0x0000025a0bd9a7e0, 0x0000025a0bc09820, 0x00000259c6035080
}

Java Threads: ( => current thread )
  0x00000259d699e6f0 JavaThread "main"                              [_thread_blocked, id=30524, stack(0x000000fabeb00000,0x000000fabec00000) (1024K)]
  0x00000259f5c25630 JavaThread "Reference Handler"          daemon [_thread_blocked, id=28912, stack(0x000000fabf300000,0x000000fabf400000) (1024K)]
  0x00000259f5c27450 JavaThread "Finalizer"                  daemon [_thread_blocked, id=33100, stack(0x000000fabf400000,0x000000fabf500000) (1024K)]
  0x00000259f5c28390 JavaThread "Signal Dispatcher"          daemon [_thread_blocked, id=10156, stack(0x000000fabf500000,0x000000fabf600000) (1024K)]
  0x00000259f5c2b030 JavaThread "Attach Listener"            daemon [_thread_blocked, id=31088, stack(0x000000fabf600000,0x000000fabf700000) (1024K)]
  0x00000259f5c2cbc0 JavaThread "Service Thread"             daemon [_thread_blocked, id=33040, stack(0x000000fabf700000,0x000000fabf800000) (1024K)]
  0x00000259f5c30f80 JavaThread "Monitor Deflation Thread"   daemon [_thread_blocked, id=31848, stack(0x000000fabf800000,0x000000fabf900000) (1024K)]
  0x00000259f5c2e730 JavaThread "C2 CompilerThread0"         daemon [_thread_blocked, id=23812, stack(0x000000fabf900000,0x000000fabfa00000) (1024K)]
  0x00000259f5c2f7b0 JavaThread "C1 CompilerThread0"         daemon [_thread_blocked, id=31908, stack(0x000000fabfa00000,0x000000fabfb00000) (1024K)]
  0x00000259c525eba0 JavaThread "Common-Cleaner"             daemon [_thread_blocked, id=16380, stack(0x000000fabfd00000,0x000000fabfe00000) (1024K)]
  0x00000259c6106840 JavaThread "Monitor Ctrl-Break"         daemon [_thread_in_native, id=30364, stack(0x000000fac0600000,0x000000fac0700000) (1024K)]
  0x00000259c5f606b0 JavaThread "Notification Thread"        daemon [_thread_blocked, id=33660, stack(0x000000fac0700000,0x000000fac0800000) (1024K)]
  0x00000259c62c01b0 JavaThread "QuantumRenderer-0"          daemon [_thread_blocked, id=6264, stack(0x000000fac0800000,0x000000fac0900000) (1024K)]
  0x00000259c531f980 JavaThread "InvokeLaterDispatcher"      daemon [_thread_blocked, id=27668, stack(0x000000fac0400000,0x000000fac0500000) (1024K)]
  0x00000259c68a9b70 JavaThread "JavaFX Application Thread"         [_thread_in_native, id=6528, stack(0x000000fac0500000,0x000000fac0600000) (1024K)]
  0x00000259c6b2e0b0 JavaThread "Thread-1"                   daemon [_thread_in_native, id=26524, stack(0x000000fac1300000,0x000000fac1400000) (1024K)]
  0x00000259c6b64e30 JavaThread "JavaFX-Launcher"                   [_thread_blocked, id=30960, stack(0x000000fac0200000,0x000000fac0300000) (1024K)]
  0x00000259d0438330 JavaThread "Prism Font Disposer"        daemon [_thread_blocked, id=30296, stack(0x000000fac2000000,0x000000fac2100000) (1024K)]
  0x00000259d0436f80 JavaThread "Cleaner-0"                  daemon [_thread_blocked, id=22308, stack(0x000000fac2100000,0x000000fac2200000) (1024K)]
  0x00000259cfcc3e50 JavaThread "C1 CompilerThread1"         daemon [_thread_blocked, id=32784, stack(0x000000fabfe00000,0x000000fabff00000) (1024K)]
=>0x0000025a0bd9a7e0 JavaThread "C2 CompilerThread1"         daemon [_thread_in_native, id=30928, stack(0x000000fac0000000,0x000000fac0100000) (1024K)]
  0x0000025a0bc09820 JavaThread "C1 CompilerThread2"         daemon [_thread_blocked, id=33336, stack(0x000000fac1600000,0x000000fac1700000) (1024K)]
  0x00000259c6035080 JavaThread "C1 CompilerThread3"         daemon [_thread_blocked, id=32976, stack(0x000000fac2200000,0x000000fac2300000) (1024K)]
Total: 23

Other Threads:
  0x00000259f5c05fe0 VMThread "VM Thread"                           [id=31248, stack(0x000000fabf200000,0x000000fabf300000) (1024K)]
  0x00000259f5bec7c0 WatcherThread "VM Periodic Task Thread"        [id=25580, stack(0x000000fabf100000,0x000000fabf200000) (1024K)]
  0x00000259d6a04a00 WorkerThread "GC Thread#0"                     [id=30084, stack(0x000000fabec00000,0x000000fabed00000) (1024K)]
  0x00000259c69dbf40 WorkerThread "GC Thread#1"                     [id=33700, stack(0x000000fac0e00000,0x000000fac0f00000) (1024K)]
  0x00000259c69dc700 WorkerThread "GC Thread#2"                     [id=2272, stack(0x000000fac0f00000,0x000000fac1000000) (1024K)]
  0x00000259c69dcab0 WorkerThread "GC Thread#3"                     [id=33476, stack(0x000000fac1000000,0x000000fac1100000) (1024K)]
  0x00000259c69f04f0 WorkerThread "GC Thread#4"                     [id=31108, stack(0x000000fac1100000,0x000000fac1200000) (1024K)]
  0x00000259c69f08a0 WorkerThread "GC Thread#5"                     [id=30804, stack(0x000000fac1200000,0x000000fac1300000) (1024K)]
  0x00000259c69f0140 WorkerThread "GC Thread#6"                     [id=31184, stack(0x000000fac1700000,0x000000fac1800000) (1024K)]
  0x00000259c69ef9e0 WorkerThread "GC Thread#7"                     [id=33220, stack(0x000000fac1800000,0x000000fac1900000) (1024K)]
  0x00000259c69efd90 WorkerThread "GC Thread#8"                     [id=33004, stack(0x000000fac1900000,0x000000fac1a00000) (1024K)]
  0x00000259d0216060 WorkerThread "GC Thread#9"                     [id=33588, stack(0x000000fac1a00000,0x000000fac1b00000) (1024K)]
  0x00000259d0215900 WorkerThread "GC Thread#10"                    [id=33516, stack(0x000000fac1b00000,0x000000fac1c00000) (1024K)]
  0x00000259d0216f20 WorkerThread "GC Thread#11"                    [id=26144, stack(0x000000fac1c00000,0x000000fac1d00000) (1024K)]
  0x00000259d0218540 WorkerThread "GC Thread#12"                    [id=33508, stack(0x000000fac0100000,0x000000fac0200000) (1024K)]
  0x00000259d0219050 WorkerThread "GC Thread#13"                    [id=24132, stack(0x000000fac0300000,0x000000fac0400000) (1024K)]
  0x00000259d0215550 WorkerThread "GC Thread#14"                    [id=33284, stack(0x000000fac1400000,0x000000fac1500000) (1024K)]
  0x00000259d6a172d0 ConcurrentGCThread "G1 Main Marker"            [id=33452, stack(0x000000fabed00000,0x000000fabee00000) (1024K)]
  0x00000259d6a17de0 WorkerThread "G1 Conc#0"                       [id=7396, stack(0x000000fabee00000,0x000000fabef00000) (1024K)]
  0x00000259d08b1a00 WorkerThread "G1 Conc#1"                       [id=33360, stack(0x000000fabfb00000,0x000000fabfc00000) (1024K)]
  0x00000259d08adf00 WorkerThread "G1 Conc#2"                       [id=33444, stack(0x000000fabfc00000,0x000000fabfd00000) (1024K)]
  0x00000259d08ae2b0 WorkerThread "G1 Conc#3"                       [id=33448, stack(0x000000fabff00000,0x000000fac0000000) (1024K)]
  0x00000259f5abe450 ConcurrentGCThread "G1 Refine#0"               [id=29152, stack(0x000000fabef00000,0x000000fabf000000) (1024K)]
  0x00000259f5abeee0 ConcurrentGCThread "G1 Service"                [id=28044, stack(0x000000fabf000000,0x000000fabf100000) (1024K)]
Total: 24

Threads with active compile tasks:
C2 CompilerThread1  40654 6594       4       javafx.scene.CssStyleHelper::getCachedFont (156 bytes)
Total: 1

VM state: not at safepoint (normal execution)

VM Mutex/Monitor currently owned by a thread: None

Heap address: 0x0000000704e00000, size: 4018 MB, Compressed Oops mode: Zero based, Oop shift amount: 3

CDS archive(s) mapped at: [0x0000025980000000-0x0000025980c50000-0x0000025980c50000), size 12910592, SharedBaseAddress: 0x0000025980000000, ArchiveRelocationMode: 1.
Compressed class space mapped at: 0x0000025981000000-0x00000259c1000000, reserved size: 1073741824
Narrow klass base: 0x0000025980000000, Narrow klass shift: 0, Narrow klass range: 0x41000000

GC Precious Log:
 CardTable entry size: 512
 Card Set container configuration: InlinePtr #cards 4 size 8 Array Of Cards #cards 16 size 48 Howl #buckets 8 coarsen threshold 3686 Howl Bitmap #cards 512 size 80 coarsen threshold 460 Card regions per heap region 1 cards per card region 4096
 CPUs: 20 total, 20 available
 Memory: 16068M
 Large Page Support: Disabled
 NUMA Support: Disabled
 Compressed Oops: Enabled (Zero based)
 Heap Region Size: 2M
 Heap Min Capacity: 8M
 Heap Initial Capacity: 252M
 Heap Max Capacity: 4018M
 Pre-touch: Disabled
 Parallel Workers: 15
 Concurrent Workers: 4
 Concurrent Refinement Workers: 15
 Periodic GC: Disabled

Heap:
 garbage-first heap   total reserved 4114432K, committed 516096K, used 415813K [0x0000000704e00000, 0x0000000800000000)
  region size 2048K, 24 young (49152K), 3 survivors (6144K)
 Metaspace       used 20382K, committed 20736K, reserved 1114112K
  class space    used 2794K, committed 2944K, reserved 1048576K

Heap Regions: E=young(eden), S=young(survivor), O=old, HS=humongous(starts), HC=humongous(continues), CS=collection set, F=free, TAMS=top-at-mark-start, PB=parsable bottom
|   0|0x0000000704e00000, 0x0000000705000000, 0x0000000705000000|100%|HS|  |TAMS 0x0000000704e00000| PB 0x0000000704e00000| Complete |  0
|   1|0x0000000705000000, 0x0000000705200000, 0x0000000705200000|100%| O|  |TAMS 0x0000000705000000| PB 0x0000000705000000| Untracked |  0
|   2|0x0000000705200000, 0x0000000705400000, 0x0000000705400000|100%|HS|  |TAMS 0x0000000705200000| PB 0x0000000705200000| Complete |  0
|   3|0x0000000705400000, 0x0000000705600000, 0x0000000705600000|100%|HC|  |TAMS 0x0000000705400000| PB 0x0000000705400000| Complete |  0
|   4|0x0000000705600000, 0x0000000705800000, 0x0000000705800000|100%|HS|  |TAMS 0x0000000705600000| PB 0x0000000705600000| Complete |  0
|   5|0x0000000705800000, 0x0000000705a00000, 0x0000000705a00000|100%|HC|  |TAMS 0x0000000705800000| PB 0x0000000705800000| Complete |  0
|   6|0x0000000705a00000, 0x0000000705c00000, 0x0000000705c00000|100%|HS|  |TAMS 0x0000000705a00000| PB 0x0000000705a00000| Complete |  0
|   7|0x0000000705c00000, 0x0000000705e00000, 0x0000000705e00000|100%|HC|  |TAMS 0x0000000705c00000| PB 0x0000000705c00000| Complete |  0
|   8|0x0000000705e00000, 0x0000000706000000, 0x0000000706000000|100%|HS|  |TAMS 0x0000000705e00000| PB 0x0000000705e00000| Complete |  0
|   9|0x0000000706000000, 0x0000000706200000, 0x0000000706200000|100%|HS|  |TAMS 0x0000000706000000| PB 0x0000000706000000| Complete |  0
|  10|0x0000000706200000, 0x0000000706400000, 0x0000000706400000|100%|HS|  |TAMS 0x0000000706200000| PB 0x0000000706200000| Complete |  0
|  11|0x0000000706400000, 0x0000000706600000, 0x0000000706600000|100%|HS|  |TAMS 0x0000000706400000| PB 0x0000000706400000| Complete |  0
|  12|0x0000000706600000, 0x0000000706800000, 0x0000000706800000|100%| O|  |TAMS 0x0000000706600000| PB 0x0000000706600000| Untracked |  0
|  13|0x0000000706800000, 0x0000000706a00000, 0x0000000706a00000|100%|HS|  |TAMS 0x0000000706800000| PB 0x0000000706800000| Complete |  0
|  14|0x0000000706a00000, 0x0000000706c00000, 0x0000000706c00000|100%|HS|  |TAMS 0x0000000706a00000| PB 0x0000000706a00000| Complete |  0
|  15|0x0000000706c00000, 0x0000000706e00000, 0x0000000706e00000|100%|HC|  |TAMS 0x0000000706c00000| PB 0x0000000706c00000| Complete |  0
|  16|0x0000000706e00000, 0x0000000707000000, 0x0000000707000000|100%|HS|  |TAMS 0x0000000706e00000| PB 0x0000000706e00000| Complete |  0
|  17|0x0000000707000000, 0x0000000707200000, 0x0000000707200000|100%|HC|  |TAMS 0x0000000707000000| PB 0x0000000707000000| Complete |  0
|  18|0x0000000707200000, 0x0000000707400000, 0x0000000707400000|100%|HS|  |TAMS 0x0000000707200000| PB 0x0000000707200000| Complete |  0
|  19|0x0000000707400000, 0x0000000707600000, 0x0000000707600000|100%| O|  |TAMS 0x0000000707400000| PB 0x0000000707400000| Untracked |  0
|  20|0x0000000707600000, 0x0000000707800000, 0x0000000707800000|100%| O|  |TAMS 0x0000000707600000| PB 0x0000000707600000| Untracked |  0
|  21|0x0000000707800000, 0x0000000707a00000, 0x0000000707a00000|100%|HS|  |TAMS 0x0000000707800000| PB 0x0000000707800000| Complete |  0
|  22|0x0000000707a00000, 0x0000000707c00000, 0x0000000707c00000|100%|HC|  |TAMS 0x0000000707a00000| PB 0x0000000707a00000| Complete |  0
|  23|0x0000000707c00000, 0x0000000707e00000, 0x0000000707e00000|100%|HC|  |TAMS 0x0000000707c00000| PB 0x0000000707c00000| Complete |  0
|  24|0x0000000707e00000, 0x0000000708000000, 0x0000000708000000|100%|HC|  |TAMS 0x0000000707e00000| PB 0x0000000707e00000| Complete |  0
|  25|0x0000000708000000, 0x0000000708200000, 0x0000000708200000|100%|HC|  |TAMS 0x0000000708000000| PB 0x0000000708000000| Complete |  0
|  26|0x0000000708200000, 0x0000000708400000, 0x0000000708400000|100%|HC|  |TAMS 0x0000000708200000| PB 0x0000000708200000| Complete |  0
|  27|0x0000000708400000, 0x0000000708600000, 0x0000000708600000|100%|HC|  |TAMS 0x0000000708400000| PB 0x0000000708400000| Complete |  0
|  28|0x0000000708600000, 0x0000000708800000, 0x0000000708800000|100%|HC|  |TAMS 0x0000000708600000| PB 0x0000000708600000| Complete |  0
|  29|0x0000000708800000, 0x0000000708a00000, 0x0000000708a00000|100%|HS|  |TAMS 0x0000000708800000| PB 0x0000000708800000| Complete |  0
|  30|0x0000000708a00000, 0x0000000708c00000, 0x0000000708c00000|100%|HC|  |TAMS 0x0000000708a00000| PB 0x0000000708a00000| Complete |  0
|  31|0x0000000708c00000, 0x0000000708e00000, 0x0000000708e00000|100%|HS|  |TAMS 0x0000000708c00000| PB 0x0000000708c00000| Complete |  0
|  32|0x0000000708e00000, 0x0000000709000000, 0x0000000709000000|100%|HC|  |TAMS 0x0000000708e00000| PB 0x0000000708e00000| Complete |  0
|  33|0x0000000709000000, 0x0000000709200000, 0x0000000709200000|100%|HS|  |TAMS 0x0000000709000000| PB 0x0000000709000000| Complete |  0
|  34|0x0000000709200000, 0x0000000709400000, 0x0000000709400000|100%|HC|  |TAMS 0x0000000709200000| PB 0x0000000709200000| Complete |  0
|  35|0x0000000709400000, 0x0000000709600000, 0x0000000709600000|100%|HS|  |TAMS 0x0000000709400000| PB 0x0000000709400000| Complete |  0
|  36|0x0000000709600000, 0x0000000709800000, 0x0000000709800000|100%|HC|  |TAMS 0x0000000709600000| PB 0x0000000709600000| Complete |  0
|  37|0x0000000709800000, 0x0000000709a00000, 0x0000000709a00000|100%|HS|  |TAMS 0x0000000709800000| PB 0x0000000709800000| Complete |  0
|  38|0x0000000709a00000, 0x0000000709c00000, 0x0000000709c00000|100%|HC|  |TAMS 0x0000000709a00000| PB 0x0000000709a00000| Complete |  0
|  39|0x0000000709c00000, 0x0000000709e00000, 0x0000000709e00000|100%|HS|  |TAMS 0x0000000709c00000| PB 0x0000000709c00000| Complete |  0
|  40|0x0000000709e00000, 0x000000070a000000, 0x000000070a000000|100%|HS|  |TAMS 0x0000000709e00000| PB 0x0000000709e00000| Complete |  0
|  41|0x000000070a000000, 0x000000070a200000, 0x000000070a200000|100%| O|  |TAMS 0x000000070a000000| PB 0x000000070a000000| Untracked |  0
|  42|0x000000070a200000, 0x000000070a400000, 0x000000070a400000|100%|HS|  |TAMS 0x000000070a200000| PB 0x000000070a200000| Complete |  0
|  43|0x000000070a400000, 0x000000070a600000, 0x000000070a600000|100%|HC|  |TAMS 0x000000070a400000| PB 0x000000070a400000| Complete |  0
|  44|0x000000070a600000, 0x000000070a800000, 0x000000070a800000|100%|HS|  |TAMS 0x000000070a600000| PB 0x000000070a600000| Complete |  0
|  45|0x000000070a800000, 0x000000070aa00000, 0x000000070aa00000|100%|HC|  |TAMS 0x000000070a800000| PB 0x000000070a800000| Complete |  0
|  46|0x000000070aa00000, 0x000000070aa00000, 0x000000070ac00000|  0%| F|  |TAMS 0x000000070aa00000| PB 0x000000070aa00000| Untracked |  0
|  47|0x000000070ac00000, 0x000000070ae00000, 0x000000070ae00000|100%| O|  |TAMS 0x000000070ac00000| PB 0x000000070ac00000| Untracked |  0
|  48|0x000000070ae00000, 0x000000070b000000, 0x000000070b000000|100%| O|  |TAMS 0x000000070ae00000| PB 0x000000070ae00000| Untracked |  0
|  49|0x000000070b000000, 0x000000070b200000, 0x000000070b200000|100%| O|  |TAMS 0x000000070b000000| PB 0x000000070b000000| Untracked |  0
|  50|0x000000070b200000, 0x000000070b400000, 0x000000070b400000|100%| O|Cm|TAMS 0x000000070b200000| PB 0x000000070b200000| Complete |  0
|  51|0x000000070b400000, 0x000000070b400000, 0x000000070b600000|  0%| F|  |TAMS 0x000000070b400000| PB 0x000000070b400000| Untracked |  0
|  52|0x000000070b600000, 0x000000070b800000, 0x000000070b800000|100%| O|  |TAMS 0x000000070b600000| PB 0x000000070b600000| Untracked |  0
|  53|0x000000070b800000, 0x000000070ba00000, 0x000000070ba00000|100%|HS|  |TAMS 0x000000070b800000| PB 0x000000070b800000| Complete |  0
|  54|0x000000070ba00000, 0x000000070bc00000, 0x000000070bc00000|100%|HC|  |TAMS 0x000000070ba00000| PB 0x000000070ba00000| Complete |  0
|  55|0x000000070bc00000, 0x000000070be00000, 0x000000070be00000|100%| O|  |TAMS 0x000000070bc00000| PB 0x000000070bc00000| Untracked |  0
|  56|0x000000070be00000, 0x000000070c000000, 0x000000070c000000|100%| O|  |TAMS 0x000000070be00000| PB 0x000000070be00000| Untracked |  0
|  57|0x000000070c000000, 0x000000070c200000, 0x000000070c200000|100%| O|  |TAMS 0x000000070c000000| PB 0x000000070c000000| Untracked |  0
|  58|0x000000070c200000, 0x000000070c400000, 0x000000070c400000|100%| O|  |TAMS 0x000000070c200000| PB 0x000000070c200000| Untracked |  0
|  59|0x000000070c400000, 0x000000070c600000, 0x000000070c600000|100%| O|  |TAMS 0x000000070c400000| PB 0x000000070c400000| Untracked |  0
|  60|0x000000070c600000, 0x000000070c800000, 0x000000070c800000|100%| O|Cm|TAMS 0x000000070c600000| PB 0x000000070c600000| Complete |  0
|  61|0x000000070c800000, 0x000000070ca00000, 0x000000070ca00000|100%| O|Cm|TAMS 0x000000070c800000| PB 0x000000070c800000| Complete |  0
|  62|0x000000070ca00000, 0x000000070cc00000, 0x000000070cc00000|100%| O|  |TAMS 0x000000070ca00000| PB 0x000000070ca00000| Untracked |  0
|  63|0x000000070cc00000, 0x000000070ce00000, 0x000000070ce00000|100%| O|  |TAMS 0x000000070cc00000| PB 0x000000070cc00000| Untracked |  0
|  64|0x000000070ce00000, 0x000000070d000000, 0x000000070d000000|100%|HS|  |TAMS 0x000000070ce00000| PB 0x000000070ce00000| Complete |  0
|  65|0x000000070d000000, 0x000000070d200000, 0x000000070d200000|100%|HC|  |TAMS 0x000000070d000000| PB 0x000000070d000000| Complete |  0
|  66|0x000000070d200000, 0x000000070d400000, 0x000000070d400000|100%| O|  |TAMS 0x000000070d200000| PB 0x000000070d200000| Untracked |  0
|  67|0x000000070d400000, 0x000000070d600000, 0x000000070d600000|100%| O|  |TAMS 0x000000070d400000| PB 0x000000070d400000| Untracked |  0
|  68|0x000000070d600000, 0x000000070d800000, 0x000000070d800000|100%|HS|  |TAMS 0x000000070d600000| PB 0x000000070d600000| Complete |  0
|  69|0x000000070d800000, 0x000000070da00000, 0x000000070da00000|100%|HC|  |TAMS 0x000000070d800000| PB 0x000000070d800000| Complete |  0
|  70|0x000000070da00000, 0x000000070dc00000, 0x000000070dc00000|100%|HC|  |TAMS 0x000000070da00000| PB 0x000000070da00000| Complete |  0
|  71|0x000000070dc00000, 0x000000070de00000, 0x000000070de00000|100%|HC|  |TAMS 0x000000070dc00000| PB 0x000000070dc00000| Complete |  0
|  72|0x000000070de00000, 0x000000070e000000, 0x000000070e000000|100%|HC|  |TAMS 0x000000070de00000| PB 0x000000070de00000| Complete |  0
|  73|0x000000070e000000, 0x000000070e200000, 0x000000070e200000|100%|HS|  |TAMS 0x000000070e000000| PB 0x000000070e000000| Complete |  0
|  74|0x000000070e200000, 0x000000070e400000, 0x000000070e400000|100%|HC|  |TAMS 0x000000070e200000| PB 0x000000070e200000| Complete |  0
|  75|0x000000070e400000, 0x000000070e600000, 0x000000070e600000|100%|HS|  |TAMS 0x000000070e400000| PB 0x000000070e400000| Complete |  0
|  76|0x000000070e600000, 0x000000070e800000, 0x000000070e800000|100%|HC|  |TAMS 0x000000070e600000| PB 0x000000070e600000| Complete |  0
|  77|0x000000070e800000, 0x000000070ea00000, 0x000000070ea00000|100%|HC|  |TAMS 0x000000070e800000| PB 0x000000070e800000| Complete |  0
|  78|0x000000070ea00000, 0x000000070ec00000, 0x000000070ec00000|100%|HS|  |TAMS 0x000000070ea00000| PB 0x000000070ea00000| Complete |  0
|  79|0x000000070ec00000, 0x000000070ee00000, 0x000000070ee00000|100%|HC|  |TAMS 0x000000070ec00000| PB 0x000000070ec00000| Complete |  0
|  80|0x000000070ee00000, 0x000000070f000000, 0x000000070f000000|100%|HC|  |TAMS 0x000000070ee00000| PB 0x000000070ee00000| Complete |  0
|  81|0x000000070f000000, 0x000000070f200000, 0x000000070f200000|100%|HC|  |TAMS 0x000000070f000000| PB 0x000000070f000000| Complete |  0
|  82|0x000000070f200000, 0x000000070f400000, 0x000000070f400000|100%| O|  |TAMS 0x000000070f200000| PB 0x000000070f200000| Untracked |  0
|  83|0x000000070f400000, 0x000000070f565040, 0x000000070f600000| 69%| O|  |TAMS 0x000000070f400000| PB 0x000000070f400000| Untracked |  0
|  84|0x000000070f600000, 0x000000070f800000, 0x000000070f800000|100%|HS|  |TAMS 0x000000070f600000| PB 0x000000070f600000| Complete |  0
|  85|0x000000070f800000, 0x000000070fa00000, 0x000000070fa00000|100%|HC|  |TAMS 0x000000070f800000| PB 0x000000070f800000| Complete |  0
|  86|0x000000070fa00000, 0x000000070fc00000, 0x000000070fc00000|100%|HS|  |TAMS 0x000000070fa00000| PB 0x000000070fa00000| Complete |  0
|  87|0x000000070fc00000, 0x000000070fe00000, 0x000000070fe00000|100%|HC|  |TAMS 0x000000070fc00000| PB 0x000000070fc00000| Complete |  0
|  88|0x000000070fe00000, 0x0000000710000000, 0x0000000710000000|100%|HC|  |TAMS 0x000000070fe00000| PB 0x000000070fe00000| Complete |  0
|  89|0x0000000710000000, 0x0000000710200000, 0x0000000710200000|100%|HC|  |TAMS 0x0000000710000000| PB 0x0000000710000000| Complete |  0
|  90|0x0000000710200000, 0x0000000710400000, 0x0000000710400000|100%|HC|  |TAMS 0x0000000710200000| PB 0x0000000710200000| Complete |  0
|  91|0x0000000710400000, 0x0000000710600000, 0x0000000710600000|100%|HC|  |TAMS 0x0000000710400000| PB 0x0000000710400000| Complete |  0
|  92|0x0000000710600000, 0x0000000710800000, 0x0000000710800000|100%|HC|  |TAMS 0x0000000710600000| PB 0x0000000710600000| Complete |  0
|  93|0x0000000710800000, 0x0000000710a00000, 0x0000000710a00000|100%|HC|  |TAMS 0x0000000710800000| PB 0x0000000710800000| Complete |  0
|  94|0x0000000710a00000, 0x0000000710c00000, 0x0000000710c00000|100%|HS|  |TAMS 0x0000000710a00000| PB 0x0000000710a00000| Complete |  0
|  95|0x0000000710c00000, 0x0000000710e00000, 0x0000000710e00000|100%|HS|  |TAMS 0x0000000710c00000| PB 0x0000000710c00000| Complete |  0
|  96|0x0000000710e00000, 0x0000000711000000, 0x0000000711000000|100%|HS|  |TAMS 0x0000000710e00000| PB 0x0000000710e00000| Complete |  0
|  97|0x0000000711000000, 0x0000000711200000, 0x0000000711200000|100%| O|  |TAMS 0x0000000711000000| PB 0x0000000711000000| Untracked |  0
|  98|0x0000000711200000, 0x0000000711400000, 0x0000000711400000|100%| O|  |TAMS 0x0000000711200000| PB 0x0000000711200000| Untracked |  0
|  99|0x0000000711400000, 0x0000000711600000, 0x0000000711600000|100%| O|  |TAMS 0x0000000711400000| PB 0x0000000711400000| Untracked |  0
| 100|0x0000000711600000, 0x0000000711800000, 0x0000000711800000|100%| O|  |TAMS 0x0000000711600000| PB 0x0000000711600000| Untracked |  0
| 101|0x0000000711800000, 0x0000000711800000, 0x0000000711a00000|  0%| F|  |TAMS 0x0000000711800000| PB 0x0000000711800000| Untracked |  0
| 102|0x0000000711a00000, 0x0000000711c00000, 0x0000000711c00000|100%| O|  |TAMS 0x0000000711a00000| PB 0x0000000711a00000| Untracked |  0
| 103|0x0000000711c00000, 0x0000000711e00000, 0x0000000711e00000|100%| O|  |TAMS 0x0000000711c00000| PB 0x0000000711c00000| Untracked |  0
| 104|0x0000000711e00000, 0x0000000712000000, 0x0000000712000000|100%| O|  |TAMS 0x0000000711e00000| PB 0x0000000711e00000| Untracked |  0
| 105|0x0000000712000000, 0x0000000712200000, 0x0000000712200000|100%| O|  |TAMS 0x0000000712000000| PB 0x0000000712000000| Untracked |  0
| 106|0x0000000712200000, 0x0000000712400000, 0x0000000712400000|100%|HS|  |TAMS 0x0000000712200000| PB 0x0000000712200000| Complete |  0
| 107|0x0000000712400000, 0x0000000712600000, 0x0000000712600000|100%|HC|  |TAMS 0x0000000712400000| PB 0x0000000712400000| Complete |  0
| 108|0x0000000712600000, 0x0000000712800000, 0x0000000712800000|100%|HS|  |TAMS 0x0000000712600000| PB 0x0000000712600000| Complete |  0
| 109|0x0000000712800000, 0x0000000712a00000, 0x0000000712a00000|100%|HC|  |TAMS 0x0000000712800000| PB 0x0000000712800000| Complete |  0
| 110|0x0000000712a00000, 0x0000000712c00000, 0x0000000712c00000|100%|HC|  |TAMS 0x0000000712a00000| PB 0x0000000712a00000| Complete |  0
| 111|0x0000000712c00000, 0x0000000712e00000, 0x0000000712e00000|100%|HC|  |TAMS 0x0000000712c00000| PB 0x0000000712c00000| Complete |  0
| 112|0x0000000712e00000, 0x0000000713000000, 0x0000000713000000|100%|HC|  |TAMS 0x0000000712e00000| PB 0x0000000712e00000| Complete |  0
| 113|0x0000000713000000, 0x0000000713200000, 0x0000000713200000|100%|HC|  |TAMS 0x0000000713000000| PB 0x0000000713000000| Complete |  0
| 114|0x0000000713200000, 0x0000000713400000, 0x0000000713400000|100%|HC|  |TAMS 0x0000000713200000| PB 0x0000000713200000| Complete |  0
| 115|0x0000000713400000, 0x0000000713600000, 0x0000000713600000|100%|HC|  |TAMS 0x0000000713400000| PB 0x0000000713400000| Complete |  0
| 116|0x0000000713600000, 0x0000000713800000, 0x0000000713800000|100%| O|  |TAMS 0x0000000713600000| PB 0x0000000713600000| Untracked |  0
| 117|0x0000000713800000, 0x0000000713a00000, 0x0000000713a00000|100%|HS|  |TAMS 0x0000000713800000| PB 0x0000000713800000| Complete |  0
| 118|0x0000000713a00000, 0x0000000713c00000, 0x0000000713c00000|100%|HC|  |TAMS 0x0000000713a00000| PB 0x0000000713a00000| Complete |  0
| 119|0x0000000713c00000, 0x0000000713e00000, 0x0000000713e00000|100%|HC|  |TAMS 0x0000000713c00000| PB 0x0000000713c00000| Complete |  0
| 120|0x0000000713e00000, 0x0000000714000000, 0x0000000714000000|100%|HC|  |TAMS 0x0000000713e00000| PB 0x0000000713e00000| Complete |  0
| 121|0x0000000714000000, 0x0000000714200000, 0x0000000714200000|100%|HC|  |TAMS 0x0000000714000000| PB 0x0000000714000000| Complete |  0
| 122|0x0000000714200000, 0x0000000714400000, 0x0000000714400000|100%|HC|  |TAMS 0x0000000714200000| PB 0x0000000714200000| Complete |  0
| 123|0x0000000714400000, 0x0000000714600000, 0x0000000714600000|100%|HC|  |TAMS 0x0000000714400000| PB 0x0000000714400000| Complete |  0
| 124|0x0000000714600000, 0x0000000714800000, 0x0000000714800000|100%|HC|  |TAMS 0x0000000714600000| PB 0x0000000714600000| Complete |  0
| 125|0x0000000714800000, 0x0000000714a00000, 0x0000000714a00000|100%|HS|  |TAMS 0x0000000714800000| PB 0x0000000714800000| Complete |  0
| 126|0x0000000714a00000, 0x0000000714c00000, 0x0000000714c00000|100%|HC|  |TAMS 0x0000000714a00000| PB 0x0000000714a00000| Complete |  0
| 127|0x0000000714c00000, 0x0000000714e00000, 0x0000000714e00000|100%|HS|  |TAMS 0x0000000714c00000| PB 0x0000000714c00000| Complete |  0
| 128|0x0000000714e00000, 0x0000000715000000, 0x0000000715000000|100%|HC|  |TAMS 0x0000000714e00000| PB 0x0000000714e00000| Complete |  0
| 129|0x0000000715000000, 0x0000000715200000, 0x0000000715200000|100%|HS|  |TAMS 0x0000000715000000| PB 0x0000000715000000| Complete |  0
| 130|0x0000000715200000, 0x0000000715400000, 0x0000000715400000|100%|HC|  |TAMS 0x0000000715200000| PB 0x0000000715200000| Complete |  0
| 131|0x0000000715400000, 0x0000000715600000, 0x0000000715600000|100%|HC|  |TAMS 0x0000000715400000| PB 0x0000000715400000| Complete |  0
| 132|0x0000000715600000, 0x0000000715800000, 0x0000000715800000|100%|HC|  |TAMS 0x0000000715600000| PB 0x0000000715600000| Complete |  0
| 133|0x0000000715800000, 0x0000000715a00000, 0x0000000715a00000|100%|HC|  |TAMS 0x0000000715800000| PB 0x0000000715800000| Complete |  0
| 134|0x0000000715a00000, 0x0000000715c00000, 0x0000000715c00000|100%|HS|  |TAMS 0x0000000715a00000| PB 0x0000000715a00000| Complete |  0
| 135|0x0000000715c00000, 0x0000000715e00000, 0x0000000715e00000|100%|HC|  |TAMS 0x0000000715c00000| PB 0x0000000715c00000| Complete |  0
| 136|0x0000000715e00000, 0x0000000716000000, 0x0000000716000000|100%|HS|  |TAMS 0x0000000715e00000| PB 0x0000000715e00000| Complete |  0
| 137|0x0000000716000000, 0x0000000716200000, 0x0000000716200000|100%|HC|  |TAMS 0x0000000716000000| PB 0x0000000716000000| Complete |  0
| 138|0x0000000716200000, 0x0000000716400000, 0x0000000716400000|100%|HC|  |TAMS 0x0000000716200000| PB 0x0000000716200000| Complete |  0
| 139|0x0000000716400000, 0x0000000716600000, 0x0000000716600000|100%|HS|  |TAMS 0x0000000716400000| PB 0x0000000716400000| Complete |  0
| 140|0x0000000716600000, 0x0000000716800000, 0x0000000716800000|100%|HC|  |TAMS 0x0000000716600000| PB 0x0000000716600000| Complete |  0
| 141|0x0000000716800000, 0x0000000716a00000, 0x0000000716a00000|100%|HC|  |TAMS 0x0000000716800000| PB 0x0000000716800000| Complete |  0
| 142|0x0000000716a00000, 0x0000000716c00000, 0x0000000716c00000|100%|HC|  |TAMS 0x0000000716a00000| PB 0x0000000716a00000| Complete |  0
| 143|0x0000000716c00000, 0x0000000716e00000, 0x0000000716e00000|100%|HS|  |TAMS 0x0000000716c00000| PB 0x0000000716c00000| Complete |  0
| 144|0x0000000716e00000, 0x0000000717000000, 0x0000000717000000|100%|HC|  |TAMS 0x0000000716e00000| PB 0x0000000716e00000| Complete |  0
| 145|0x0000000717000000, 0x0000000717200000, 0x0000000717200000|100%|HC|  |TAMS 0x0000000717000000| PB 0x0000000717000000| Complete |  0
| 146|0x0000000717200000, 0x0000000717400000, 0x0000000717400000|100%|HC|  |TAMS 0x0000000717200000| PB 0x0000000717200000| Complete |  0
| 147|0x0000000717400000, 0x0000000717600000, 0x0000000717600000|100%|HS|  |TAMS 0x0000000717400000| PB 0x0000000717400000| Complete |  0
| 148|0x0000000717600000, 0x0000000717800000, 0x0000000717800000|100%|HC|  |TAMS 0x0000000717600000| PB 0x0000000717600000| Complete |  0
| 149|0x0000000717800000, 0x0000000717a00000, 0x0000000717a00000|100%|HC|  |TAMS 0x0000000717800000| PB 0x0000000717800000| Complete |  0
| 150|0x0000000717a00000, 0x0000000717c00000, 0x0000000717c00000|100%|HC|  |TAMS 0x0000000717a00000| PB 0x0000000717a00000| Complete |  0
| 151|0x0000000717c00000, 0x0000000717e00000, 0x0000000717e00000|100%|HC|  |TAMS 0x0000000717c00000| PB 0x0000000717c00000| Complete |  0
| 152|0x0000000717e00000, 0x0000000718000000, 0x0000000718000000|100%|HC|  |TAMS 0x0000000717e00000| PB 0x0000000717e00000| Complete |  0
| 153|0x0000000718000000, 0x0000000718200000, 0x0000000718200000|100%|HC|  |TAMS 0x0000000718000000| PB 0x0000000718000000| Complete |  0
| 154|0x0000000718200000, 0x0000000718400000, 0x0000000718400000|100%|HC|  |TAMS 0x0000000718200000| PB 0x0000000718200000| Complete |  0
| 155|0x0000000718400000, 0x0000000718600000, 0x0000000718600000|100%|HS|  |TAMS 0x0000000718400000| PB 0x0000000718400000| Complete |  0
| 156|0x0000000718600000, 0x0000000718800000, 0x0000000718800000|100%|HC|  |TAMS 0x0000000718600000| PB 0x0000000718600000| Complete |  0
| 157|0x0000000718800000, 0x0000000718a00000, 0x0000000718a00000|100%|HC|  |TAMS 0x0000000718800000| PB 0x0000000718800000| Complete |  0
| 158|0x0000000718a00000, 0x0000000718c00000, 0x0000000718c00000|100%|HC|  |TAMS 0x0000000718a00000| PB 0x0000000718a00000| Complete |  0
| 159|0x0000000718c00000, 0x0000000718e00000, 0x0000000718e00000|100%|HS|  |TAMS 0x0000000718c00000| PB 0x0000000718c00000| Complete |  0
| 160|0x0000000718e00000, 0x0000000719000000, 0x0000000719000000|100%|HC|  |TAMS 0x0000000718e00000| PB 0x0000000718e00000| Complete |  0
| 161|0x0000000719000000, 0x0000000719200000, 0x0000000719200000|100%|HC|  |TAMS 0x0000000719000000| PB 0x0000000719000000| Complete |  0
| 162|0x0000000719200000, 0x0000000719400000, 0x0000000719400000|100%|HC|  |TAMS 0x0000000719200000| PB 0x0000000719200000| Complete |  0
| 163|0x0000000719400000, 0x0000000719600000, 0x0000000719600000|100%|HS|  |TAMS 0x0000000719400000| PB 0x0000000719400000| Complete |  0
| 164|0x0000000719600000, 0x0000000719800000, 0x0000000719800000|100%|HC|  |TAMS 0x0000000719600000| PB 0x0000000719600000| Complete |  0
| 165|0x0000000719800000, 0x0000000719a00000, 0x0000000719a00000|100%|HC|  |TAMS 0x0000000719800000| PB 0x0000000719800000| Complete |  0
| 166|0x0000000719a00000, 0x0000000719c00000, 0x0000000719c00000|100%|HC|  |TAMS 0x0000000719a00000| PB 0x0000000719a00000| Complete |  0
| 167|0x0000000719c00000, 0x0000000719e00000, 0x0000000719e00000|100%|HS|  |TAMS 0x0000000719c00000| PB 0x0000000719c00000| Complete |  0
| 168|0x0000000719e00000, 0x000000071a000000, 0x000000071a000000|100%|HC|  |TAMS 0x0000000719e00000| PB 0x0000000719e00000| Complete |  0
| 169|0x000000071a000000, 0x000000071a200000, 0x000000071a200000|100%|HS|  |TAMS 0x000000071a000000| PB 0x000000071a000000| Complete |  0
| 170|0x000000071a200000, 0x000000071a400000, 0x000000071a400000|100%|HC|  |TAMS 0x000000071a200000| PB 0x000000071a200000| Complete |  0
| 171|0x000000071a400000, 0x000000071a600000, 0x000000071a600000|100%|HC|  |TAMS 0x000000071a400000| PB 0x000000071a400000| Complete |  0
| 172|0x000000071a600000, 0x000000071a800000, 0x000000071a800000|100%|HC|  |TAMS 0x000000071a600000| PB 0x000000071a600000| Complete |  0
| 173|0x000000071a800000, 0x000000071aa00000, 0x000000071aa00000|100%|HS|  |TAMS 0x000000071a800000| PB 0x000000071a800000| Complete |  0
| 174|0x000000071aa00000, 0x000000071ac00000, 0x000000071ac00000|100%|HC|  |TAMS 0x000000071aa00000| PB 0x000000071aa00000| Complete |  0
| 175|0x000000071ac00000, 0x000000071ae00000, 0x000000071ae00000|100%|HC|  |TAMS 0x000000071ac00000| PB 0x000000071ac00000| Complete |  0
| 176|0x000000071ae00000, 0x000000071b000000, 0x000000071b000000|100%|HC|  |TAMS 0x000000071ae00000| PB 0x000000071ae00000| Complete |  0
| 177|0x000000071b000000, 0x000000071b200000, 0x000000071b200000|100%|HS|  |TAMS 0x000000071b000000| PB 0x000000071b000000| Complete |  0
| 178|0x000000071b200000, 0x000000071b400000, 0x000000071b400000|100%|HC|  |TAMS 0x000000071b200000| PB 0x000000071b200000| Complete |  0
| 179|0x000000071b400000, 0x000000071b600000, 0x000000071b600000|100%|HC|  |TAMS 0x000000071b400000| PB 0x000000071b400000| Complete |  0
| 180|0x000000071b600000, 0x000000071b800000, 0x000000071b800000|100%|HC|  |TAMS 0x000000071b600000| PB 0x000000071b600000| Complete |  0
| 181|0x000000071b800000, 0x000000071ba00000, 0x000000071ba00000|100%|HS|  |TAMS 0x000000071b800000| PB 0x000000071b800000| Complete |  0
| 182|0x000000071ba00000, 0x000000071bc00000, 0x000000071bc00000|100%|HC|  |TAMS 0x000000071ba00000| PB 0x000000071ba00000| Complete |  0
| 183|0x000000071bc00000, 0x000000071be00000, 0x000000071be00000|100%|HC|  |TAMS 0x000000071bc00000| PB 0x000000071bc00000| Complete |  0
| 184|0x000000071be00000, 0x000000071c000000, 0x000000071c000000|100%|HC|  |TAMS 0x000000071be00000| PB 0x000000071be00000| Complete |  0
| 185|0x000000071c000000, 0x000000071c000000, 0x000000071c200000|  0%| F|  |TAMS 0x000000071c000000| PB 0x000000071c000000| Untracked |  0
| 186|0x000000071c200000, 0x000000071c200000, 0x000000071c400000|  0%| F|  |TAMS 0x000000071c200000| PB 0x000000071c200000| Untracked |  0
| 187|0x000000071c400000, 0x000000071c400000, 0x000000071c600000|  0%| F|  |TAMS 0x000000071c400000| PB 0x000000071c400000| Untracked |  0
| 188|0x000000071c600000, 0x000000071c600000, 0x000000071c800000|  0%| F|  |TAMS 0x000000071c600000| PB 0x000000071c600000| Untracked |  0
| 189|0x000000071c800000, 0x000000071c800000, 0x000000071ca00000|  0%| F|  |TAMS 0x000000071c800000| PB 0x000000071c800000| Untracked |  0
| 190|0x000000071ca00000, 0x000000071ca00000, 0x000000071cc00000|  0%| F|  |TAMS 0x000000071ca00000| PB 0x000000071ca00000| Untracked |  0
| 191|0x000000071cc00000, 0x000000071cc00000, 0x000000071ce00000|  0%| F|  |TAMS 0x000000071cc00000| PB 0x000000071cc00000| Untracked |  0
| 192|0x000000071ce00000, 0x000000071ce00000, 0x000000071d000000|  0%| F|  |TAMS 0x000000071ce00000| PB 0x000000071ce00000| Untracked |  0
| 193|0x000000071d000000, 0x000000071d000000, 0x000000071d200000|  0%| F|  |TAMS 0x000000071d000000| PB 0x000000071d000000| Untracked |  0
| 194|0x000000071d200000, 0x000000071d200000, 0x000000071d400000|  0%| F|  |TAMS 0x000000071d200000| PB 0x000000071d200000| Untracked |  0
| 195|0x000000071d400000, 0x000000071d400000, 0x000000071d600000|  0%| F|  |TAMS 0x000000071d400000| PB 0x000000071d400000| Untracked |  0
| 196|0x000000071d600000, 0x000000071d600000, 0x000000071d800000|  0%| F|  |TAMS 0x000000071d600000| PB 0x000000071d600000| Untracked |  0
| 197|0x000000071d800000, 0x000000071d800000, 0x000000071da00000|  0%| F|  |TAMS 0x000000071d800000| PB 0x000000071d800000| Untracked |  0
| 198|0x000000071da00000, 0x000000071da00000, 0x000000071dc00000|  0%| F|  |TAMS 0x000000071da00000| PB 0x000000071da00000| Untracked |  0
| 199|0x000000071dc00000, 0x000000071dc00000, 0x000000071de00000|  0%| F|  |TAMS 0x000000071dc00000| PB 0x000000071dc00000| Untracked |  0
| 200|0x000000071de00000, 0x000000071de00000, 0x000000071e000000|  0%| F|  |TAMS 0x000000071de00000| PB 0x000000071de00000| Untracked |  0
| 201|0x000000071e000000, 0x000000071e000000, 0x000000071e200000|  0%| F|  |TAMS 0x000000071e000000| PB 0x000000071e000000| Untracked |  0
| 202|0x000000071e200000, 0x000000071e200000, 0x000000071e400000|  0%| F|  |TAMS 0x000000071e200000| PB 0x000000071e200000| Untracked |  0
| 203|0x000000071e400000, 0x000000071e400000, 0x000000071e600000|  0%| F|  |TAMS 0x000000071e400000| PB 0x000000071e400000| Untracked |  0
| 204|0x000000071e600000, 0x000000071e600000, 0x000000071e800000|  0%| F|  |TAMS 0x000000071e600000| PB 0x000000071e600000| Untracked |  0
| 205|0x000000071e800000, 0x000000071e800000, 0x000000071ea00000|  0%| F|  |TAMS 0x000000071e800000| PB 0x000000071e800000| Untracked |  0
| 206|0x000000071ea00000, 0x000000071ea00000, 0x000000071ec00000|  0%| F|  |TAMS 0x000000071ea00000| PB 0x000000071ea00000| Untracked |  0
| 207|0x000000071ec00000, 0x000000071ec00000, 0x000000071ee00000|  0%| F|  |TAMS 0x000000071ec00000| PB 0x000000071ec00000| Untracked |  0
| 208|0x000000071ee00000, 0x000000071ee00000, 0x000000071f000000|  0%| F|  |TAMS 0x000000071ee00000| PB 0x000000071ee00000| Untracked |  0
| 209|0x000000071f000000, 0x000000071f000000, 0x000000071f200000|  0%| F|  |TAMS 0x000000071f000000| PB 0x000000071f000000| Untracked |  0
| 210|0x000000071f200000, 0x000000071f200000, 0x000000071f400000|  0%| F|  |TAMS 0x000000071f200000| PB 0x000000071f200000| Untracked |  0
| 211|0x000000071f400000, 0x000000071f400000, 0x000000071f600000|  0%| F|  |TAMS 0x000000071f400000| PB 0x000000071f400000| Untracked |  0
| 212|0x000000071f600000, 0x000000071f600000, 0x000000071f800000|  0%| F|  |TAMS 0x000000071f600000| PB 0x000000071f600000| Untracked |  0
| 213|0x000000071f800000, 0x000000071f800000, 0x000000071fa00000|  0%| F|  |TAMS 0x000000071f800000| PB 0x000000071f800000| Untracked |  0
| 214|0x000000071fa00000, 0x000000071fa00000, 0x000000071fc00000|  0%| F|  |TAMS 0x000000071fa00000| PB 0x000000071fa00000| Untracked |  0
| 215|0x000000071fc00000, 0x000000071fc00000, 0x000000071fe00000|  0%| F|  |TAMS 0x000000071fc00000| PB 0x000000071fc00000| Untracked |  0
| 216|0x000000071fe00000, 0x000000071fe00000, 0x0000000720000000|  0%| F|  |TAMS 0x000000071fe00000| PB 0x000000071fe00000| Untracked |  0
| 217|0x0000000720000000, 0x0000000720000000, 0x0000000720200000|  0%| F|  |TAMS 0x0000000720000000| PB 0x0000000720000000| Untracked |  0
| 218|0x0000000720200000, 0x0000000720200000, 0x0000000720400000|  0%| F|  |TAMS 0x0000000720200000| PB 0x0000000720200000| Untracked |  0
| 219|0x0000000720400000, 0x0000000720400000, 0x0000000720600000|  0%| F|  |TAMS 0x0000000720400000| PB 0x0000000720400000| Untracked |  0
| 220|0x0000000720600000, 0x0000000720600000, 0x0000000720800000|  0%| F|  |TAMS 0x0000000720600000| PB 0x0000000720600000| Untracked |  0
| 221|0x0000000720800000, 0x0000000720800000, 0x0000000720a00000|  0%| F|  |TAMS 0x0000000720800000| PB 0x0000000720800000| Untracked |  0
| 222|0x0000000720a00000, 0x0000000720a00000, 0x0000000720c00000|  0%| F|  |TAMS 0x0000000720a00000| PB 0x0000000720a00000| Untracked |  0
| 223|0x0000000720c00000, 0x0000000720c00000, 0x0000000720e00000|  0%| F|  |TAMS 0x0000000720c00000| PB 0x0000000720c00000| Untracked |  0
| 224|0x0000000720e00000, 0x0000000720e00000, 0x0000000721000000|  0%| F|  |TAMS 0x0000000720e00000| PB 0x0000000720e00000| Untracked |  0
| 225|0x0000000721000000, 0x0000000721000000, 0x0000000721200000|  0%| F|  |TAMS 0x0000000721000000| PB 0x0000000721000000| Untracked |  0
| 226|0x0000000721200000, 0x0000000721200000, 0x0000000721400000|  0%| F|  |TAMS 0x0000000721200000| PB 0x0000000721200000| Untracked |  0
| 227|0x0000000721400000, 0x0000000721400000, 0x0000000721600000|  0%| F|  |TAMS 0x0000000721400000| PB 0x0000000721400000| Untracked |  0
| 228|0x0000000721600000, 0x0000000721800000, 0x0000000721800000|100%| E|  |TAMS 0x0000000721600000| PB 0x0000000721600000| Complete |  0
| 229|0x0000000721800000, 0x0000000721a00000, 0x0000000721a00000|100%| E|CS|TAMS 0x0000000721800000| PB 0x0000000721800000| Complete |  0
| 230|0x0000000721a00000, 0x0000000721c00000, 0x0000000721c00000|100%| E|CS|TAMS 0x0000000721a00000| PB 0x0000000721a00000| Complete |  0
| 231|0x0000000721c00000, 0x0000000721e00000, 0x0000000721e00000|100%| E|  |TAMS 0x0000000721c00000| PB 0x0000000721c00000| Complete |  0
| 232|0x0000000721e00000, 0x0000000722000000, 0x0000000722000000|100%| E|CS|TAMS 0x0000000721e00000| PB 0x0000000721e00000| Complete |  0
| 233|0x0000000722000000, 0x0000000722200000, 0x0000000722200000|100%| E|CS|TAMS 0x0000000722000000| PB 0x0000000722000000| Complete |  0
| 234|0x0000000722200000, 0x0000000722400000, 0x0000000722400000|100%| E|CS|TAMS 0x0000000722200000| PB 0x0000000722200000| Complete |  0
| 235|0x0000000722400000, 0x0000000722600000, 0x0000000722600000|100%| E|CS|TAMS 0x0000000722400000| PB 0x0000000722400000| Complete |  0
| 236|0x0000000722600000, 0x0000000722800000, 0x0000000722800000|100%| E|CS|TAMS 0x0000000722600000| PB 0x0000000722600000| Complete |  0
| 237|0x0000000722800000, 0x0000000722a00000, 0x0000000722a00000|100%| E|CS|TAMS 0x0000000722800000| PB 0x0000000722800000| Complete |  0
| 238|0x0000000722a00000, 0x0000000722c00000, 0x0000000722c00000|100%| E|CS|TAMS 0x0000000722a00000| PB 0x0000000722a00000| Complete |  0
| 239|0x0000000722c00000, 0x0000000722e00000, 0x0000000722e00000|100%| E|CS|TAMS 0x0000000722c00000| PB 0x0000000722c00000| Complete |  0
| 240|0x0000000722e00000, 0x0000000723000000, 0x0000000723000000|100%| E|CS|TAMS 0x0000000722e00000| PB 0x0000000722e00000| Complete |  0
| 241|0x0000000723000000, 0x0000000723200000, 0x0000000723200000|100%| E|CS|TAMS 0x0000000723000000| PB 0x0000000723000000| Complete |  0
| 242|0x0000000723200000, 0x0000000723400000, 0x0000000723400000|100%| E|CS|TAMS 0x0000000723200000| PB 0x0000000723200000| Complete |  0
| 243|0x0000000723400000, 0x0000000723600000, 0x0000000723600000|100%| E|CS|TAMS 0x0000000723400000| PB 0x0000000723400000| Complete |  0
| 244|0x0000000723600000, 0x0000000723800000, 0x0000000723800000|100%| E|CS|TAMS 0x0000000723600000| PB 0x0000000723600000| Complete |  0
| 245|0x0000000723800000, 0x0000000723a00000, 0x0000000723a00000|100%| E|CS|TAMS 0x0000000723800000| PB 0x0000000723800000| Complete |  0
| 246|0x0000000723a00000, 0x0000000723c00000, 0x0000000723c00000|100%| E|CS|TAMS 0x0000000723a00000| PB 0x0000000723a00000| Complete |  0
| 247|0x0000000723c00000, 0x0000000723e00000, 0x0000000723e00000|100%| E|CS|TAMS 0x0000000723c00000| PB 0x0000000723c00000| Complete |  0
| 248|0x0000000723e00000, 0x0000000723eac418, 0x0000000724000000| 33%| S|CS|TAMS 0x0000000723e00000| PB 0x0000000723e00000| Complete |  0
| 249|0x0000000724000000, 0x0000000724200000, 0x0000000724200000|100%| S|CS|TAMS 0x0000000724000000| PB 0x0000000724000000| Complete |  0
| 250|0x0000000724200000, 0x0000000724400000, 0x0000000724400000|100%| S|CS|TAMS 0x0000000724200000| PB 0x0000000724200000| Complete |  0
| 251|0x0000000724400000, 0x0000000724600000, 0x0000000724600000|100%| E|CS|TAMS 0x0000000724400000| PB 0x0000000724400000| Complete |  0

Card table byte_map: [0x00000259eef60000,0x00000259ef740000] _byte_map_base: 0x00000259eb739000

Marking Bits: (CMBitMap*) 0x00000259d6a05d20
 Bits: [0x00000259ef740000, 0x00000259f3608000)

Polling page: 0x00000259d6160000

Metaspace:

Usage:
  Non-class:     17.18 MB used.
      Class:      2.73 MB used.
       Both:     19.90 MB used.

Virtual space:
  Non-class space:       64.00 MB reserved,      17.38 MB ( 27%) committed,  1 nodes.
      Class space:        1.00 GB reserved,       2.88 MB ( <1%) committed,  1 nodes.
             Both:        1.06 GB reserved,      20.25 MB (  2%) committed. 

Chunk freelists:
   Non-Class:  14.34 MB
       Class:  13.15 MB
        Both:  27.49 MB

MaxMetaspaceSize: unlimited
CompressedClassSpaceSize: 1.00 GB
Initial GC threshold: 21.00 MB
Current GC threshold: 33.44 MB
CDS: on
 - commit_granule_bytes: 65536.
 - commit_granule_words: 8192.
 - virtual_space_node_default_size: 8388608.
 - enlarge_chunks_in_place: 1.
 - use_allocation_guard: 0.


Internal statistics:

num_allocs_failed_limit: 0.
num_arena_births: 458.
num_arena_deaths: 0.
num_vsnodes_births: 2.
num_vsnodes_deaths: 0.
num_space_committed: 324.
num_space_uncommitted: 0.
num_chunks_returned_to_freelist: 0.
num_chunks_taken_from_freelist: 1127.
num_chunk_merges: 0.
num_chunk_splits: 766.
num_chunks_enlarged: 530.
num_inconsistent_stats: 0.

CodeHeap 'non-profiled nmethods': size=119168Kb used=3884Kb max_used=3884Kb free=115283Kb
 bounds [0x00000259e6880000, 0x00000259e6c50000, 0x00000259edce0000]
CodeHeap 'profiled nmethods': size=119104Kb used=14332Kb max_used=14332Kb free=104771Kb
 bounds [0x00000259dece0000, 0x00000259dfae0000, 0x00000259e6130000]
CodeHeap 'non-nmethods': size=7488Kb used=3530Kb max_used=3579Kb free=3957Kb
 bounds [0x00000259e6130000, 0x00000259e64c0000, 0x00000259e6880000]
 total_blobs=7443 nmethods=6599 adapters=745
 compilation: enabled
              stopped_count=0, restarted_count=0
 full_count=0

Compilation events (20 events):
Event: 40.603 Thread 0x00000259f5c2f7b0 nmethod 6593 0x00000259dfadbc90 code [0x00000259dfadbe60, 0x00000259dfadc298]
Event: 40.603 Thread 0x00000259c6035080 nmethod 6592 0x00000259dfadc410 code [0x00000259dfadc5e0, 0x00000259dfadc8b0]
Event: 40.605 Thread 0x0000025a0bd9a7e0 6594       4       javafx.scene.CssStyleHelper::getCachedFont (156 bytes)
Event: 40.605 Thread 0x00000259f5c2e730 6595       4       javafx.scene.layout.Region::getWidth (22 bytes)
Event: 40.606 Thread 0x00000259c6035080 6596       3       javafx.scene.Node::visibleProperty (25 bytes)
Event: 40.606 Thread 0x0000025a0bc09820 6597       3       javafx.scene.Node::setVisible (9 bytes)
Event: 40.606 Thread 0x00000259f5c2f7b0 6598       3       java.util.BitSet::wordIndex (5 bytes)
Event: 40.606 Thread 0x0000025a0bc09820 nmethod 6597 0x00000259dfadca10 code [0x00000259dfadcbc0, 0x00000259dfadcdd8]
Event: 40.606 Thread 0x00000259c6035080 nmethod 6596 0x00000259dfadcf10 code [0x00000259dfadd0e0, 0x00000259dfadd4d8]
Event: 40.606 Thread 0x00000259f5c2f7b0 nmethod 6598 0x00000259dfadd610 code [0x00000259dfadd7a0, 0x00000259dfadd890]
Event: 40.606 Thread 0x00000259f5c2e730 nmethod 6595 0x00000259e6c48d10 code [0x00000259e6c48ea0, 0x00000259e6c48f80]
Event: 40.606 Thread 0x00000259f5c2e730 6599       4       com.sun.javafx.geom.transform.Affine3D::concatenate (561 bytes)
Event: 40.607 Thread 0x00000259cfcc3e50 6601       3       com.sun.javafx.geom.Path2D::getBounds (134 bytes)
Event: 40.607 Thread 0x0000025a0bc09820 6602       3       com.sun.javafx.geom.transform.Affine2D::reset3Delements (1 bytes)
Event: 40.608 Thread 0x0000025a0bc09820 nmethod 6602 0x00000259dfadd910 code [0x00000259dfaddaa0, 0x00000259dfaddba8]
Event: 40.608 Thread 0x00000259f5c2f7b0 6603       3       com.sun.javafx.tk.Toolkit::getPaint (66 bytes)
Event: 40.608 Thread 0x00000259cfcc3e50 nmethod 6601 0x00000259dfaddc10 code [0x00000259dfaddde0, 0x00000259dfade288]
Event: 40.608 Thread 0x00000259f5c2f7b0 nmethod 6603 0x00000259dfade490 code [0x00000259dfade6c0, 0x00000259dfadf0c0]
Event: 40.610 Thread 0x00000259f5c2e730 nmethod 6599 0x00000259e6c49010 code [0x00000259e6c49260, 0x00000259e6c499c0]
Event: 40.610 Thread 0x00000259f5c2e730 6600       4       com.sun.javafx.sg.prism.NGRegion::renderContent (115 bytes)

GC Heap History (20 events):
Event: 29.260 GC heap before
{Heap before GC invocations=4 (full 0):
 garbage-first heap   total reserved 4114432K, committed 258048K, used 129622K [0x0000000704e00000, 0x0000000800000000)
  region size 2048K, 9 young (18432K), 6 survivors (12288K)
 Metaspace       used 19762K, committed 20160K, reserved 1114112K
  class space    used 2782K, committed 2944K, reserved 1048576K
}
Event: 29.263 GC heap after
{Heap after GC invocations=5 (full 0):
 garbage-first heap   total reserved 4114432K, committed 258048K, used 112630K [0x0000000704e00000, 0x0000000800000000)
  region size 2048K, 2 young (4096K), 2 survivors (4096K)
 Metaspace       used 19762K, committed 20160K, reserved 1114112K
  class space    used 2782K, committed 2944K, reserved 1048576K
}
Event: 29.278 GC heap before
{Heap before GC invocations=5 (full 0):
 garbage-first heap   total reserved 4114432K, committed 258048K, used 116726K [0x0000000704e00000, 0x0000000800000000)
  region size 2048K, 3 young (6144K), 2 survivors (4096K)
 Metaspace       used 19768K, committed 20160K, reserved 1114112K
  class space    used 2782K, committed 2944K, reserved 1048576K
}
Event: 29.281 GC heap after
{Heap after GC invocations=6 (full 0):
 garbage-first heap   total reserved 4114432K, committed 258048K, used 113584K [0x0000000704e00000, 0x0000000800000000)
  region size 2048K, 2 young (4096K), 2 survivors (4096K)
 Metaspace       used 19768K, committed 20160K, reserved 1114112K
  class space    used 2782K, committed 2944K, reserved 1048576K
}
Event: 29.298 GC heap before
{Heap before GC invocations=6 (full 0):
 garbage-first heap   total reserved 4114432K, committed 258048K, used 117680K [0x0000000704e00000, 0x0000000800000000)
  region size 2048K, 3 young (6144K), 2 survivors (4096K)
 Metaspace       used 19780K, committed 20160K, reserved 1114112K
  class space    used 2782K, committed 2944K, reserved 1048576K
}
Event: 29.301 GC heap after
{Heap after GC invocations=7 (full 0):
 garbage-first heap   total reserved 4114432K, committed 258048K, used 116576K [0x0000000704e00000, 0x0000000800000000)
  region size 2048K, 4 young (8192K), 4 survivors (8192K)
 Metaspace       used 19780K, committed 20160K, reserved 1114112K
  class space    used 2782K, committed 2944K, reserved 1048576K
}
Event: 29.318 GC heap before
{Heap before GC invocations=7 (full 0):
 garbage-first heap   total reserved 4114432K, committed 258048K, used 120672K [0x0000000704e00000, 0x0000000800000000)
  region size 2048K, 5 young (10240K), 4 survivors (8192K)
 Metaspace       used 19780K, committed 20160K, reserved 1114112K
  class space    used 2782K, committed 2944K, reserved 1048576K
}
Event: 29.321 GC heap after
{Heap after GC invocations=8 (full 0):
 garbage-first heap   total reserved 4114432K, committed 258048K, used 116504K [0x0000000704e00000, 0x0000000800000000)
  region size 2048K, 2 young (4096K), 2 survivors (4096K)
 Metaspace       used 19780K, committed 20160K, reserved 1114112K
  class space    used 2782K, committed 2944K, reserved 1048576K
}
Event: 30.694 GC heap before
{Heap before GC invocations=8 (full 0):
 garbage-first heap   total reserved 4114432K, committed 258048K, used 124696K [0x0000000704e00000, 0x0000000800000000)
  region size 2048K, 5 young (10240K), 2 survivors (4096K)
 Metaspace       used 19867K, committed 20224K, reserved 1114112K
  class space    used 2782K, committed 2944K, reserved 1048576K
}
Event: 30.698 GC heap after
{Heap after GC invocations=9 (full 0):
 garbage-first heap   total reserved 4114432K, committed 516096K, used 119641K [0x0000000704e00000, 0x0000000800000000)
  region size 2048K, 4 young (8192K), 4 survivors (8192K)
 Metaspace       used 19867K, committed 20224K, reserved 1114112K
  class space    used 2782K, committed 2944K, reserved 1048576K
}
Event: 31.046 GC heap before
{Heap before GC invocations=9 (full 0):
 garbage-first heap   total reserved 4114432K, committed 516096K, used 244569K [0x0000000704e00000, 0x0000000800000000)
  region size 2048K, 11 young (22528K), 4 survivors (8192K)
 Metaspace       used 19943K, committed 20288K, reserved 1114112K
  class space    used 2784K, committed 2944K, reserved 1048576K
}
Event: 31.050 GC heap after
{Heap after GC invocations=10 (full 0):
 garbage-first heap   total reserved 4114432K, committed 516096K, used 179811K [0x0000000704e00000, 0x0000000800000000)
  region size 2048K, 9 young (18432K), 9 survivors (18432K)
 Metaspace       used 19943K, committed 20288K, reserved 1114112K
  class space    used 2784K, committed 2944K, reserved 1048576K
}
Event: 32.517 GC heap before
{Heap before GC invocations=10 (full 0):
 garbage-first heap   total reserved 4114432K, committed 516096K, used 261731K [0x0000000704e00000, 0x0000000800000000)
  region size 2048K, 17 young (34816K), 9 survivors (18432K)
 Metaspace       used 20040K, committed 20416K, reserved 1114112K
  class space    used 2786K, committed 2944K, reserved 1048576K
}
Event: 32.522 GC heap after
{Heap after GC invocations=11 (full 0):
 garbage-first heap   total reserved 4114432K, committed 516096K, used 210286K [0x0000000704e00000, 0x0000000800000000)
  region size 2048K, 10 young (20480K), 10 survivors (20480K)
 Metaspace       used 20040K, committed 20416K, reserved 1114112K
  class space    used 2786K, committed 2944K, reserved 1048576K
}
Event: 32.637 GC heap before
{Heap before GC invocations=11 (full 0):
 garbage-first heap   total reserved 4114432K, committed 516096K, used 251246K [0x0000000704e00000, 0x0000000800000000)
  region size 2048K, 13 young (26624K), 10 survivors (20480K)
 Metaspace       used 20053K, committed 20416K, reserved 1114112K
  class space    used 2786K, committed 2944K, reserved 1048576K
}
Event: 32.641 GC heap after
{Heap after GC invocations=12 (full 0):
 garbage-first heap   total reserved 4114432K, committed 516096K, used 218003K [0x0000000704e00000, 0x0000000800000000)
  region size 2048K, 7 young (14336K), 7 survivors (14336K)
 Metaspace       used 20053K, committed 20416K, reserved 1114112K
  class space    used 2786K, committed 2944K, reserved 1048576K
}
Event: 36.563 GC heap before
{Heap before GC invocations=12 (full 0):
 garbage-first heap   total reserved 4114432K, committed 516096K, used 250771K [0x0000000704e00000, 0x0000000800000000)
  region size 2048K, 13 young (26624K), 7 survivors (14336K)
 Metaspace       used 20172K, committed 20544K, reserved 1114112K
  class space    used 2791K, committed 2944K, reserved 1048576K
}
Event: 36.567 GC heap after
{Heap after GC invocations=13 (full 0):
 garbage-first heap   total reserved 4114432K, committed 516096K, used 228542K [0x0000000704e00000, 0x0000000800000000)
  region size 2048K, 5 young (10240K), 5 survivors (10240K)
 Metaspace       used 20172K, committed 20544K, reserved 1114112K
  class space    used 2791K, committed 2944K, reserved 1048576K
}
Event: 36.596 GC heap before
{Heap before GC invocations=13 (full 0):
 garbage-first heap   total reserved 4114432K, committed 516096K, used 236734K [0x0000000704e00000, 0x0000000800000000)
  region size 2048K, 6 young (12288K), 5 survivors (10240K)
 Metaspace       used 20177K, committed 20544K, reserved 1114112K
  class space    used 2791K, committed 2944K, reserved 1048576K
}
Event: 36.598 GC heap after
{Heap after GC invocations=14 (full 0):
 garbage-first heap   total reserved 4114432K, committed 516096K, used 237637K [0x0000000704e00000, 0x0000000800000000)
  region size 2048K, 3 young (6144K), 3 survivors (6144K)
 Metaspace       used 20177K, committed 20544K, reserved 1114112K
  class space    used 2791K, committed 2944K, reserved 1048576K
}

Dll operation events (20 events):
Event: 0.348 Loaded shared library C:\Users\Dell\.openjfx\cache\23.0.1+4\amd64\api-ms-win-crt-math-l1-1-0.dll
Event: 0.350 Loaded shared library C:\Users\Dell\.openjfx\cache\23.0.1+4\amd64\api-ms-win-crt-multibyte-l1-1-0.dll
Event: 0.352 Loaded shared library C:\Users\Dell\.openjfx\cache\23.0.1+4\amd64\api-ms-win-crt-private-l1-1-0.dll
Event: 0.353 Loaded shared library C:\Users\Dell\.openjfx\cache\23.0.1+4\amd64\api-ms-win-crt-process-l1-1-0.dll
Event: 0.354 Loaded shared library C:\Users\Dell\.openjfx\cache\23.0.1+4\amd64\api-ms-win-crt-runtime-l1-1-0.dll
Event: 0.356 Loaded shared library C:\Users\Dell\.openjfx\cache\23.0.1+4\amd64\api-ms-win-crt-stdio-l1-1-0.dll
Event: 0.357 Loaded shared library C:\Users\Dell\.openjfx\cache\23.0.1+4\amd64\api-ms-win-crt-string-l1-1-0.dll
Event: 0.359 Loaded shared library C:\Users\Dell\.openjfx\cache\23.0.1+4\amd64\api-ms-win-crt-time-l1-1-0.dll
Event: 0.360 Loaded shared library C:\Users\Dell\.openjfx\cache\23.0.1+4\amd64\api-ms-win-crt-utility-l1-1-0.dll
Event: 0.370 Loaded shared library C:\Users\Dell\.openjfx\cache\23.0.1+4\amd64\ucrtbase.dll
Event: 0.373 Loaded shared library C:\Users\Dell\.openjfx\cache\23.0.1+4\amd64\vcruntime140.dll
Event: 0.375 Loaded shared library C:\Users\Dell\.openjfx\cache\23.0.1+4\amd64\vcruntime140_1.dll
Event: 0.382 Loaded shared library C:\Users\Dell\.openjfx\cache\23.0.1+4\amd64\msvcp140.dll
Event: 0.383 Loaded shared library C:\Users\Dell\.openjfx\cache\23.0.1+4\amd64\msvcp140_1.dll
Event: 0.387 Loaded shared library C:\Users\Dell\.openjfx\cache\23.0.1+4\amd64\msvcp140_2.dll
Event: 0.417 Loaded shared library C:\Users\Dell\.openjfx\cache\23.0.1+4\amd64\prism_d3d.dll
Event: 0.495 Loaded shared library C:\Users\Dell\.openjfx\cache\23.0.1+4\amd64\glass.dll
Event: 0.614 Loaded shared library C:\Users\Dell\.jdks\openjdk-22.0.1\bin\jimage.dll
Event: 1.034 Loaded shared library C:\Users\Dell\.openjfx\cache\23.0.1+4\amd64\javafx_font.dll
Event: 27.050 Loaded shared library C:\Users\Dell\.openjfx\cache\23.0.1+4\amd64\javafx_iio.dll

Deoptimization events (20 events):
Event: 38.405 Thread 0x00000259c68a9b70 DEOPT PACKING pc=0x00000259e6a7c1b8 sp=0x000000fac05fe080
Event: 38.405 Thread 0x00000259c68a9b70 DEOPT UNPACKING pc=0x00000259e61846a2 sp=0x000000fac05fdfd0 mode 2
Event: 38.405 Thread 0x00000259c68a9b70 Uncommon trap: trap_request=0xffffff45 fr.pc=0x00000259e6a7c1b8 relative=0x0000000000000818
Event: 38.406 Thread 0x00000259c68a9b70 Uncommon trap: reason=unstable_if action=reinterpret pc=0x00000259e6a7c1b8 method=javafx.scene.Node.updateBounds()V @ 47 c2
Event: 38.406 Thread 0x00000259c68a9b70 DEOPT PACKING pc=0x00000259e6a7c1b8 sp=0x000000fac05fe0e0
Event: 38.406 Thread 0x00000259c68a9b70 DEOPT UNPACKING pc=0x00000259e61846a2 sp=0x000000fac05fe030 mode 2
Event: 38.406 Thread 0x00000259c68a9b70 Uncommon trap: trap_request=0xffffff45 fr.pc=0x00000259e6a6126c relative=0x00000000000005ac
Event: 38.406 Thread 0x00000259c68a9b70 Uncommon trap: reason=unstable_if action=reinterpret pc=0x00000259e6a6126c method=javafx.scene.Node.updateBounds()V @ 47 c2
Event: 38.406 Thread 0x00000259c68a9b70 DEOPT PACKING pc=0x00000259e6a6126c sp=0x000000fac05fe000
Event: 38.406 Thread 0x00000259c68a9b70 DEOPT UNPACKING pc=0x00000259e61846a2 sp=0x000000fac05fdfb8 mode 2
Event: 38.407 Thread 0x00000259c68a9b70 Uncommon trap: trap_request=0xffffff45 fr.pc=0x00000259e6a7c1b8 relative=0x0000000000000818
Event: 38.407 Thread 0x00000259c68a9b70 Uncommon trap: reason=unstable_if action=reinterpret pc=0x00000259e6a7c1b8 method=javafx.scene.Node.updateBounds()V @ 47 c2
Event: 38.407 Thread 0x00000259c68a9b70 DEOPT PACKING pc=0x00000259e6a7c1b8 sp=0x000000fac05fe140
Event: 38.407 Thread 0x00000259c68a9b70 DEOPT UNPACKING pc=0x00000259e61846a2 sp=0x000000fac05fe090 mode 2
Event: 40.121 Thread 0x00000259c68a9b70 Uncommon trap: trap_request=0xfffffff4 fr.pc=0x00000259e6c2e78c relative=0x00000000000008ac
Event: 40.121 Thread 0x00000259c68a9b70 Uncommon trap: reason=null_check action=make_not_entrant pc=0x00000259e6c2e78c method=com.sun.javafx.fxml.BeanAdapter.coerce(Ljava/lang/Object;Ljava/lang/Class;)Ljava/lang/Object; @ 28 c2
Event: 40.121 Thread 0x00000259c68a9b70 DEOPT PACKING pc=0x00000259e6c2e78c sp=0x000000fac05fc500
Event: 40.121 Thread 0x00000259c68a9b70 DEOPT UNPACKING pc=0x00000259e61846a2 sp=0x000000fac05fc488 mode 2
Event: 40.376 Thread 0x00000259c68a9b70 DEOPT PACKING pc=0x00000259df6f0160 sp=0x000000fac05faae0
Event: 40.376 Thread 0x00000259c68a9b70 DEOPT UNPACKING pc=0x00000259e6184e42 sp=0x000000fac05f9fd0 mode 0

Classes loaded (20 events):
Event: 27.663 Loading class java/text/BreakIterator
Event: 27.663 Loading class java/text/BreakIterator done
Event: 27.663 Loading class sun/util/locale/provider/BreakIteratorProviderImpl$GraphemeBreakIterator
Event: 27.663 Loading class sun/util/locale/provider/BreakIteratorProviderImpl$GraphemeBreakIterator done
Event: 27.663 Loading class java/text/StringCharacterIterator
Event: 27.664 Loading class java/text/StringCharacterIterator done
Event: 27.664 Loading class sun/util/locale/provider/BreakIteratorProviderImpl$CharacterIteratorCharSequence
Event: 27.664 Loading class sun/util/locale/provider/BreakIteratorProviderImpl$CharacterIteratorCharSequence done
Event: 27.664 Loading class java/text/BreakIterator$BreakIteratorCache
Event: 27.664 Loading class java/text/BreakIterator$BreakIteratorCache done
Event: 27.664 Loading class jdk/internal/util/regex/Grapheme
Event: 27.665 Loading class jdk/internal/util/regex/Grapheme done
Event: 27.665 Loading class jdk/internal/util/regex/IndicConjunctBreak
Event: 27.665 Loading class jdk/internal/util/regex/IndicConjunctBreak done
Event: 27.687 Loading class java/lang/FdLibm$Acos
Event: 27.687 Loading class java/lang/FdLibm$Acos done
Event: 36.640 Loading class java/lang/Throwable$WrappedPrintStream
Event: 36.640 Loading class java/lang/Throwable$PrintStreamOrWriter
Event: 36.640 Loading class java/lang/Throwable$PrintStreamOrWriter done
Event: 36.640 Loading class java/lang/Throwable$WrappedPrintStream done

Classes unloaded (0 events):
No events

Classes redefined (0 events):
No events

Internal exceptions (20 events):
Event: 1.574 Thread 0x00000259c68a9b70 Exception <a 'java/lang/NoSuchMethodError'{0x00000007138d0070}: 'java.lang.Object java.lang.invoke.DirectMethodHandle$Holder.newInvokeSpecial(java.lang.Object, java.lang.Object, int)'> (0x00000007138d0070) 
thrown [s\open\src\hotspot\share\interpreter\linkResolver.cpp, line 774]
Event: 1.675 Thread 0x00000259c62c01b0 Exception <a 'java/lang/NoSuchMethodError'{0x00000007139c7a10}: 'int java.lang.invoke.DirectMethodHandle$Holder.invokeStaticInit(java.lang.Object, java.lang.Object)'> (0x00000007139c7a10) 
thrown [s\open\src\hotspot\share\interpreter\linkResolver.cpp, line 774]
Event: 1.683 Thread 0x00000259c68a9b70 Exception <a 'java/lang/NoSuchMethodError'{0x000000071393c320}: 'long java.lang.invoke.DirectMethodHandle$Holder.invokeStatic(java.lang.Object, java.lang.Object, java.lang.Object)'> (0x000000071393c320) 
thrown [s\open\src\hotspot\share\interpreter\linkResolver.cpp, line 774]
Event: 1.683 Thread 0x00000259c68a9b70 Exception <a 'java/lang/NoSuchMethodError'{0x000000071393f720}: 'long java.lang.invoke.DirectMethodHandle$Holder.invokeStaticInit(java.lang.Object, java.lang.Object, java.lang.Object)'> (0x000000071393f720) 
thrown [s\open\src\hotspot\share\interpreter\linkResolver.cpp, line 774]
Event: 1.684 Thread 0x00000259c68a9b70 Exception <a 'java/lang/NoSuchMethodError'{0x00000007136668a8}: 'java.lang.Object java.lang.invoke.DirectMethodHandle$Holder.newInvokeSpecial(java.lang.Object, java.lang.Object, long)'> (0x00000007136668a8) 
thrown [s\open\src\hotspot\share\interpreter\linkResolver.cpp, line 774]
Event: 1.685 Thread 0x00000259c68a9b70 Exception <a 'java/lang/NoSuchMethodError'{0x000000071366a1f0}: 'java.lang.Object java.lang.invoke.Invokers$Holder.linkToTargetMethod(java.lang.Object, long, java.lang.Object)'> (0x000000071366a1f0) 
thrown [s\open\src\hotspot\share\interpreter\linkResolver.cpp, line 774]
Event: 24.289 Thread 0x00000259c68a9b70 Exception <a 'java/lang/NoSuchMethodError'{0x0000000712d365d0}: 'java.lang.Object java.lang.invoke.DirectMethodHandle$Holder.newInvokeSpecial(java.lang.Object, java.lang.Object, int, int, int, int, int, java.lang.Object)'> (0x0000000712d365d0) 
thrown [s\open\src\hotspot\share\interpreter\linkResolver.cpp, line 774]
Event: 24.291 Thread 0x00000259c68a9b70 Exception <a 'java/lang/NoSuchMethodError'{0x0000000712d482f0}: 'java.lang.Object java.lang.invoke.DirectMethodHandle$Holder.newInvokeSpecial(java.lang.Object, java.lang.Object, java.lang.Object, int, int, int, int, int)'> (0x0000000712d482f0) 
thrown [s\open\src\hotspot\share\interpreter\linkResolver.cpp, line 774]
Event: 24.291 Thread 0x00000259c68a9b70 Exception <a 'java/lang/NoSuchMethodError'{0x0000000712d4f660}: 'java.lang.Object java.lang.invoke.Invokers$Holder.linkToTargetMethod(java.lang.Object, java.lang.Object, int, int, int, int, int, java.lang.Object)'> (0x0000000712d4f660) 
thrown [s\open\src\hotspot\share\interpreter\linkResolver.cpp, line 774]
Event: 26.987 Thread 0x00000259c68a9b70 Implicit null exception at 0x00000259e6a6c54d to 0x00000259e6a6cc8c
Event: 27.593 Thread 0x00000259c68a9b70 Implicit null exception at 0x00000259e6a3bbde to 0x00000259e6a3bc64
Event: 27.686 Thread 0x00000259c62c01b0 Implicit null exception at 0x00000259e6a67931 to 0x00000259e6a68180
Event: 27.689 Thread 0x00000259c62c01b0 Exception <a 'java/lang/NoSuchMethodError'{0x00000007143fd8a8}: 'java.lang.Object java.lang.invoke.DirectMethodHandle$Holder.invokeStaticInit(java.lang.Object, int)'> (0x00000007143fd8a8) 
thrown [s\open\src\hotspot\share\interpreter\linkResolver.cpp, line 774]
Event: 29.109 Thread 0x00000259c68a9b70 Exception <a 'java/io/FileNotFoundException'{0x0000000713a72430}> (0x0000000713a72430) 
thrown [s\open\src\hotspot\share\prims\jni.cpp, line 520]
Event: 36.534 Thread 0x00000259c68a9b70 Exception <a 'java/io/FileNotFoundException'{0x0000000722e76fe0}> (0x0000000722e76fe0) 
thrown [s\open\src\hotspot\share\prims\jni.cpp, line 520]
Event: 36.639 Thread 0x00000259c68a9b70 Exception <a 'java/lang/NullPointerException'{0x0000000724400498}> (0x0000000724400498) 
thrown [s\open\src\hotspot\share\interpreter\linkResolver.cpp, line 1374]
Event: 37.526 Thread 0x00000259c68a9b70 Exception <a 'java/io/FileNotFoundException'{0x00000007244a1028}> (0x00000007244a1028) 
thrown [s\open\src\hotspot\share\prims\jni.cpp, line 520]
Event: 40.121 Thread 0x00000259c68a9b70 Implicit null exception at 0x00000259e6c2df18 to 0x00000259e6c2e774
Event: 40.602 Thread 0x00000259c62c01b0 Implicit null exception at 0x00000259df771528 to 0x00000259df771eeb
Event: 40.602 Thread 0x00000259c62c01b0 Exception <a 'java/lang/NullPointerException'{0x0000000723c64b68}> (0x0000000723c64b68) 
thrown [s\open\src\hotspot\share\runtime\sharedRuntime.cpp, line 628]

ZGC Phase Switch (0 events):
No events

VM Operations (20 events):
Event: 32.637 Executing VM operation: G1TryInitiateConcMark (G1 Humongous Allocation)
Event: 32.641 Executing VM operation: G1TryInitiateConcMark (G1 Humongous Allocation) done
Event: 34.641 Executing VM operation: Cleanup
Event: 34.641 Executing VM operation: Cleanup done
Event: 35.642 Executing VM operation: Cleanup
Event: 35.642 Executing VM operation: Cleanup done
Event: 36.563 Executing VM operation: G1TryInitiateConcMark (G1 Humongous Allocation)
Event: 36.567 Executing VM operation: G1TryInitiateConcMark (G1 Humongous Allocation) done
Event: 36.596 Executing VM operation: G1TryInitiateConcMark (G1 Humongous Allocation)
Event: 36.598 Executing VM operation: G1TryInitiateConcMark (G1 Humongous Allocation) done
Event: 36.603 Executing VM operation: G1PauseRemark
Event: 36.615 Executing VM operation: G1PauseRemark done
Event: 36.618 Executing VM operation: G1PauseCleanup
Event: 36.618 Executing VM operation: G1PauseCleanup done
Event: 37.618 Executing VM operation: Cleanup
Event: 37.618 Executing VM operation: Cleanup done
Event: 38.618 Executing VM operation: Cleanup
Event: 38.618 Executing VM operation: Cleanup done
Event: 39.619 Executing VM operation: Cleanup
Event: 39.619 Executing VM operation: Cleanup done

Events (20 events):
Event: 33.202 Thread 0x00000259d06481b0 Thread exited: 0x00000259d06481b0
Event: 33.591 Thread 0x00000259d0b57c90 Thread exited: 0x00000259d0b57c90
Event: 33.712 Thread 0x00000259d05059a0 Thread exited: 0x00000259d05059a0
Event: 33.713 Thread 0x00000259c5941410 Thread exited: 0x00000259c5941410
Event: 34.545 Thread 0x00000259cff7e4a0 Thread exited: 0x00000259cff7e4a0
Event: 35.154 Thread 0x00000259c5941410 Thread added: 0x00000259c5941410
Event: 35.522 Thread 0x00000259c5941410 Thread exited: 0x00000259c5941410
Event: 37.283 Thread 0x00000259cfcc3e50 Thread exited: 0x00000259cfcc3e50
Event: 37.699 Thread 0x00000259cfcc3e50 Thread added: 0x00000259cfcc3e50
Event: 37.709 Thread 0x00000259cfdafe10 Thread added: 0x00000259cfdafe10
Event: 37.714 Thread 0x0000025a0c262820 Thread added: 0x0000025a0c262820
Event: 37.747 Thread 0x00000259d0220770 Thread added: 0x00000259d0220770
Event: 37.867 Thread 0x00000259d0220770 Thread exited: 0x00000259d0220770
Event: 38.366 Thread 0x00000259cfdafe10 Thread exited: 0x00000259cfdafe10
Event: 39.682 Thread 0x0000025a0c262820 Thread exited: 0x0000025a0c262820
Event: 40.385 Thread 0x0000025a0bd9a7e0 Thread added: 0x0000025a0bd9a7e0
Event: 40.386 Thread 0x00000259cff11840 Thread added: 0x00000259cff11840
Event: 40.388 Thread 0x0000025a0bc09820 Thread added: 0x0000025a0bc09820
Event: 40.388 Thread 0x00000259c6035080 Thread added: 0x00000259c6035080
Event: 40.564 Thread 0x00000259cff11840 Thread exited: 0x00000259cff11840


Dynamic libraries:
0x00007ff721160000 - 0x00007ff72116e000 	C:\Users\Dell\.jdks\openjdk-22.0.1\bin\java.exe
0x00007fff1b1f0000 - 0x00007fff1b407000 	C:\Windows\SYSTEM32\ntdll.dll
0x00007fff19cd0000 - 0x00007fff19d94000 	C:\Windows\System32\KERNEL32.DLL
0x00007fff18590000 - 0x00007fff18949000 	C:\Windows\System32\KERNELBASE.dll
0x00007fff18df0000 - 0x00007fff18f01000 	C:\Windows\System32\ucrtbase.dll
0x00007fff0f930000 - 0x00007fff0f947000 	C:\Users\Dell\.jdks\openjdk-22.0.1\bin\jli.dll
0x00007fff0e7b0000 - 0x00007fff0e7cb000 	C:\Users\Dell\.jdks\openjdk-22.0.1\bin\VCRUNTIME140.dll
0x00007fff19030000 - 0x00007fff191de000 	C:\Windows\System32\USER32.dll
0x00007fff18c30000 - 0x00007fff18c56000 	C:\Windows\System32\win32u.dll
0x00007ffefe000000 - 0x00007ffefe292000 	C:\Windows\WinSxS\amd64_microsoft.windows.common-controls_6595b64144ccf1df_6.0.22621.4391_none_2715d37f73803e96\COMCTL32.dll
0x00007fff1a7f0000 - 0x00007fff1a819000 	C:\Windows\System32\GDI32.dll
0x00007fff192f0000 - 0x00007fff19397000 	C:\Windows\System32\msvcrt.dll
0x00007fff18cd0000 - 0x00007fff18deb000 	C:\Windows\System32\gdi32full.dll
0x00007fff184f0000 - 0x00007fff1858a000 	C:\Windows\System32\msvcp_win.dll
0x00007fff19900000 - 0x00007fff19931000 	C:\Windows\System32\IMM32.DLL
0x00007fff0e720000 - 0x00007fff0e72c000 	C:\Users\Dell\.jdks\openjdk-22.0.1\bin\vcruntime140_1.dll
0x00007fff017a0000 - 0x00007fff0182e000 	C:\Users\Dell\.jdks\openjdk-22.0.1\bin\msvcp140.dll
0x00007ffeb3880000 - 0x00007ffeb45c7000 	C:\Users\Dell\.jdks\openjdk-22.0.1\bin\server\jvm.dll
0x00007fff1a3c0000 - 0x00007fff1a472000 	C:\Windows\System32\ADVAPI32.dll
0x00007fff1b0a0000 - 0x00007fff1b147000 	C:\Windows\System32\sechost.dll
0x00007fff18950000 - 0x00007fff18978000 	C:\Windows\System32\bcrypt.dll
0x00007fff19940000 - 0x00007fff19a54000 	C:\Windows\System32\RPCRT4.dll
0x00007fff19c20000 - 0x00007fff19c91000 	C:\Windows\System32\WS2_32.dll
0x00007fff17340000 - 0x00007fff1738d000 	C:\Windows\SYSTEM32\POWRPROF.dll
0x00007fff110e0000 - 0x00007fff11114000 	C:\Windows\SYSTEM32\WINMM.dll
0x00007fff11540000 - 0x00007fff1154a000 	C:\Windows\SYSTEM32\VERSION.dll
0x00007fff17320000 - 0x00007fff17333000 	C:\Windows\SYSTEM32\UMPDC.dll
0x00007fff175e0000 - 0x00007fff175f8000 	C:\Windows\SYSTEM32\kernel.appcore.dll
0x00007fff0e710000 - 0x00007fff0e71a000 	C:\Users\Dell\.jdks\openjdk-22.0.1\bin\jimage.dll
0x00007fff15c00000 - 0x00007fff15e32000 	C:\Windows\SYSTEM32\DBGHELP.DLL
0x00007fff19570000 - 0x00007fff198ff000 	C:\Windows\System32\combase.dll
0x00007fff1a290000 - 0x00007fff1a367000 	C:\Windows\System32\OLEAUT32.dll
0x00007fff03c20000 - 0x00007fff03c52000 	C:\Windows\SYSTEM32\dbgcore.DLL
0x00007fff18bb0000 - 0x00007fff18c2b000 	C:\Windows\System32\bcryptPrimitives.dll
0x00007fff0a9d0000 - 0x00007fff0a9df000 	C:\Users\Dell\.jdks\openjdk-22.0.1\bin\instrument.dll
0x00007fff04000000 - 0x00007fff0401e000 	C:\Users\Dell\.jdks\openjdk-22.0.1\bin\java.dll
0x00007fff1a820000 - 0x00007fff1b096000 	C:\Windows\System32\SHELL32.dll
0x00007fff193c0000 - 0x00007fff19565000 	C:\Windows\System32\ole32.dll
0x00007fff163f0000 - 0x00007fff16cf3000 	C:\Windows\SYSTEM32\windows.storage.dll
0x00007fff162b0000 - 0x00007fff163ef000 	C:\Windows\SYSTEM32\wintypes.dll
0x00007fff1a480000 - 0x00007fff1a579000 	C:\Windows\System32\SHCORE.dll
0x00007fff19da0000 - 0x00007fff19dfe000 	C:\Windows\System32\shlwapi.dll
0x00007fff18420000 - 0x00007fff1844b000 	C:\Windows\SYSTEM32\profapi.dll
0x00007ffed4800000 - 0x00007ffed48d7000 	C:\Users\Dell\.jdks\openjdk-22.0.1\bin\jsvml.dll
0x00007fff03ff0000 - 0x00007fff04000000 	C:\Users\Dell\.jdks\openjdk-22.0.1\bin\net.dll
0x00007fff17a50000 - 0x00007fff17ab9000 	C:\Windows\system32\mswsock.dll
0x00007fff01780000 - 0x00007fff01796000 	C:\Users\Dell\.jdks\openjdk-22.0.1\bin\nio.dll
0x00007fff01760000 - 0x00007fff01777000 	C:\Users\Dell\.jdks\openjdk-22.0.1\bin\zip.dll
0x00007fff01730000 - 0x00007fff0174a000 	C:\Users\Dell\AppData\Local\Programs\IntelliJ IDEA Ultimate 2024.2.4\bin\breakgen64.dll
0x00000259c6cf0000 - 0x00000259c6cf3000 	C:\Users\Dell\.openjfx\cache\23.0.1+4\amd64\api-ms-win-core-console-l1-1-0.dll
0x00000259c6d00000 - 0x00000259c6d03000 	C:\Users\Dell\.openjfx\cache\23.0.1+4\amd64\api-ms-win-core-console-l1-2-0.dll
0x00000259c6d10000 - 0x00000259c6d13000 	C:\Users\Dell\.openjfx\cache\23.0.1+4\amd64\api-ms-win-core-datetime-l1-1-0.dll
0x00000259c6d20000 - 0x00000259c6d23000 	C:\Users\Dell\.openjfx\cache\23.0.1+4\amd64\api-ms-win-core-debug-l1-1-0.dll
0x00000259c6d30000 - 0x00000259c6d33000 	C:\Users\Dell\.openjfx\cache\23.0.1+4\amd64\api-ms-win-core-errorhandling-l1-1-0.dll
0x00000259c6d40000 - 0x00000259c6d44000 	C:\Users\Dell\.openjfx\cache\23.0.1+4\amd64\api-ms-win-core-file-l1-1-0.dll
0x00000259c6d50000 - 0x00000259c6d53000 	C:\Users\Dell\.openjfx\cache\23.0.1+4\amd64\api-ms-win-core-file-l1-2-0.dll
0x00000259c6d60000 - 0x00000259c6d63000 	C:\Users\Dell\.openjfx\cache\23.0.1+4\amd64\api-ms-win-core-file-l2-1-0.dll
0x00000259c6d70000 - 0x00000259c6d73000 	C:\Users\Dell\.openjfx\cache\23.0.1+4\amd64\api-ms-win-core-handle-l1-1-0.dll
0x00000259c6d80000 - 0x00000259c6d83000 	C:\Users\Dell\.openjfx\cache\23.0.1+4\amd64\api-ms-win-core-heap-l1-1-0.dll
0x00000259c6d90000 - 0x00000259c6d93000 	C:\Users\Dell\.openjfx\cache\23.0.1+4\amd64\api-ms-win-core-interlocked-l1-1-0.dll
0x00000259c6da0000 - 0x00000259c6da3000 	C:\Users\Dell\.openjfx\cache\23.0.1+4\amd64\api-ms-win-core-libraryloader-l1-1-0.dll
0x00000259c6db0000 - 0x00000259c6db3000 	C:\Users\Dell\.openjfx\cache\23.0.1+4\amd64\api-ms-win-core-localization-l1-2-0.dll
0x00000259c6dc0000 - 0x00000259c6dc3000 	C:\Users\Dell\.openjfx\cache\23.0.1+4\amd64\api-ms-win-core-memory-l1-1-0.dll
0x00000259c6dd0000 - 0x00000259c6dd3000 	C:\Users\Dell\.openjfx\cache\23.0.1+4\amd64\api-ms-win-core-namedpipe-l1-1-0.dll
0x00000259c6de0000 - 0x00000259c6de3000 	C:\Users\Dell\.openjfx\cache\23.0.1+4\amd64\api-ms-win-core-processenvironment-l1-1-0.dll
0x00000259c6df0000 - 0x00000259c6df3000 	C:\Users\Dell\.openjfx\cache\23.0.1+4\amd64\api-ms-win-core-processthreads-l1-1-0.dll
0x00000259c6e00000 - 0x00000259c6e03000 	C:\Users\Dell\.openjfx\cache\23.0.1+4\amd64\api-ms-win-core-processthreads-l1-1-1.dll
0x00000259c6e10000 - 0x00000259c6e13000 	C:\Users\Dell\.openjfx\cache\23.0.1+4\amd64\api-ms-win-core-profile-l1-1-0.dll
0x00000259c6e20000 - 0x00000259c6e23000 	C:\Users\Dell\.openjfx\cache\23.0.1+4\amd64\api-ms-win-core-rtlsupport-l1-1-0.dll
0x00000259c6e30000 - 0x00000259c6e33000 	C:\Users\Dell\.openjfx\cache\23.0.1+4\amd64\api-ms-win-core-string-l1-1-0.dll
0x00000259c6e40000 - 0x00000259c6e43000 	C:\Users\Dell\.openjfx\cache\23.0.1+4\amd64\api-ms-win-core-synch-l1-1-0.dll
0x00000259c6e50000 - 0x00000259c6e53000 	C:\Users\Dell\.openjfx\cache\23.0.1+4\amd64\api-ms-win-core-synch-l1-2-0.dll
0x00000259c6e60000 - 0x00000259c6e63000 	C:\Users\Dell\.openjfx\cache\23.0.1+4\amd64\api-ms-win-core-sysinfo-l1-1-0.dll
0x00000259c6e70000 - 0x00000259c6e73000 	C:\Users\Dell\.openjfx\cache\23.0.1+4\amd64\api-ms-win-core-timezone-l1-1-0.dll
0x00000259c6e80000 - 0x00000259c6e83000 	C:\Users\Dell\.openjfx\cache\23.0.1+4\amd64\api-ms-win-core-util-l1-1-0.dll
0x00000259c6e90000 - 0x00000259c6e93000 	C:\Users\Dell\.openjfx\cache\23.0.1+4\amd64\api-ms-win-crt-conio-l1-1-0.dll
0x00000259c6ea0000 - 0x00000259c6ea4000 	C:\Users\Dell\.openjfx\cache\23.0.1+4\amd64\api-ms-win-crt-convert-l1-1-0.dll
0x00000259c6eb0000 - 0x00000259c6eb3000 	C:\Users\Dell\.openjfx\cache\23.0.1+4\amd64\api-ms-win-crt-environment-l1-1-0.dll
0x00000259c6ec0000 - 0x00000259c6ec3000 	C:\Users\Dell\.openjfx\cache\23.0.1+4\amd64\api-ms-win-crt-filesystem-l1-1-0.dll
0x00000259c6ed0000 - 0x00000259c6ed3000 	C:\Users\Dell\.openjfx\cache\23.0.1+4\amd64\api-ms-win-crt-heap-l1-1-0.dll
0x00000259c6ee0000 - 0x00000259c6ee3000 	C:\Users\Dell\.openjfx\cache\23.0.1+4\amd64\api-ms-win-crt-locale-l1-1-0.dll
0x00000259c6ef0000 - 0x00000259c6ef5000 	C:\Users\Dell\.openjfx\cache\23.0.1+4\amd64\api-ms-win-crt-math-l1-1-0.dll
0x00000259c6f00000 - 0x00000259c6f05000 	C:\Users\Dell\.openjfx\cache\23.0.1+4\amd64\api-ms-win-crt-multibyte-l1-1-0.dll
0x00000259c6f10000 - 0x00000259c6f20000 	C:\Users\Dell\.openjfx\cache\23.0.1+4\amd64\api-ms-win-crt-private-l1-1-0.dll
0x00000259c6f20000 - 0x00000259c6f23000 	C:\Users\Dell\.openjfx\cache\23.0.1+4\amd64\api-ms-win-crt-process-l1-1-0.dll
0x00000259c6f30000 - 0x00000259c6f34000 	C:\Users\Dell\.openjfx\cache\23.0.1+4\amd64\api-ms-win-crt-runtime-l1-1-0.dll
0x00000259c6f40000 - 0x00000259c6f44000 	C:\Users\Dell\.openjfx\cache\23.0.1+4\amd64\api-ms-win-crt-stdio-l1-1-0.dll
0x00000259c6f50000 - 0x00000259c6f54000 	C:\Users\Dell\.openjfx\cache\23.0.1+4\amd64\api-ms-win-crt-string-l1-1-0.dll
0x00000259c6f60000 - 0x00000259c6f63000 	C:\Users\Dell\.openjfx\cache\23.0.1+4\amd64\api-ms-win-crt-time-l1-1-0.dll
0x00000259c6f70000 - 0x00000259c6f73000 	C:\Users\Dell\.openjfx\cache\23.0.1+4\amd64\api-ms-win-crt-utility-l1-1-0.dll
0x00007ffed4700000 - 0x00007ffed47fc000 	C:\Users\Dell\.openjfx\cache\23.0.1+4\amd64\ucrtbase.dll
0x00007fff015f0000 - 0x00007fff0160b000 	C:\Users\Dell\.openjfx\cache\23.0.1+4\amd64\vcruntime140.dll
0x00007fff016e0000 - 0x00007fff016ec000 	C:\Users\Dell\.openjfx\cache\23.0.1+4\amd64\vcruntime140_1.dll
0x00007ffedd6c0000 - 0x00007ffedd74e000 	C:\Users\Dell\.openjfx\cache\23.0.1+4\amd64\msvcp140.dll
0x00007ffeff6f0000 - 0x00007ffeff6f9000 	C:\Users\Dell\.openjfx\cache\23.0.1+4\amd64\msvcp140_1.dll
0x00007ffefdbc0000 - 0x00007ffefdc01000 	C:\Users\Dell\.openjfx\cache\23.0.1+4\amd64\msvcp140_2.dll
0x00007ffeff6c0000 - 0x00007ffeff6f0000 	C:\Users\Dell\.openjfx\cache\23.0.1+4\amd64\prism_d3d.dll
0x00007ffec1bc0000 - 0x00007ffec1d68000 	C:\Windows\system32\d3d9.dll
0x00007fff15730000 - 0x00007fff1575b000 	C:\Windows\SYSTEM32\dwmapi.dll
0x00007fff156e0000 - 0x00007fff15717000 	C:\Windows\SYSTEM32\dxcore.dll
0x00007fff15360000 - 0x00007fff15411000 	C:\Windows\system32\uxtheme.dll
0x00007ffed4650000 - 0x00007ffed4700000 	C:\Windows\SYSTEM32\d3d9on12.dll
0x00007fff15580000 - 0x00007fff15677000 	C:\Windows\SYSTEM32\dxgi.dll
0x00007ffefdc80000 - 0x00007ffefdca6000 	C:\Windows\SYSTEM32\d3d12.dll
0x00007fff181e0000 - 0x00007fff1822e000 	C:\Windows\SYSTEM32\cfgmgr32.dll
0x00007ffeb9e60000 - 0x00007ffeba062000 	C:\Windows\SYSTEM32\D3D12Core.dll
0x00007ffed44e0000 - 0x00007ffed45d3000 	C:\Windows\System32\DriverStore\FileRepository\iigd_dch.inf_amd64_bcc3ca7fdd6d5f38\igd12umd64.dll
0x00007ffea9e20000 - 0x00007ffeab0a5000 	C:\Windows\System32\DriverStore\FileRepository\iigd_dch.inf_amd64_bcc3ca7fdd6d5f38\igd12um64xel.dll
0x00007fff18980000 - 0x00007fff18ae6000 	C:\Windows\System32\CRYPT32.dll
0x00007fff0ae60000 - 0x00007fff0afc2000 	C:\Windows\SYSTEM32\drvstore.dll
0x00007ffefdb70000 - 0x00007ffefdb96000 	C:\Windows\System32\DriverStore\FileRepository\iigd_dch.inf_amd64_bcc3ca7fdd6d5f38\igdext64.dll
0x00007ffef1110000 - 0x00007ffef1159000 	C:\Windows\SYSTEM32\ControlLib.dll
0x00007fff01a20000 - 0x00007fff01ab1000 	C:\Windows\System32\DriverStore\FileRepository\iigd_dch.inf_amd64_bcc3ca7fdd6d5f38\IntelControlLib.dll
0x00007fff0c560000 - 0x00007fff0c5a9000 	C:\Windows\SYSTEM32\directxdatabasehelper.dll
0x00007fff00470000 - 0x00007fff008ae000 	C:\Windows\System32\DriverStore\FileRepository\iigd_dch.inf_amd64_bcc3ca7fdd6d5f38\igdgmm64.dll
0x00007ffef7250000 - 0x00007ffefb2a4000 	C:\Windows\System32\DriverStore\FileRepository\iigd_dch.inf_amd64_bcc3ca7fdd6d5f38\igc64.dll
0x00007ffef5e00000 - 0x00007ffef5e2f000 	C:\Windows\SYSTEM32\D3DSCache.dll
0x00007fff17af0000 - 0x00007fff17b18000 	C:\Windows\SYSTEM32\USERENV.dll
0x00007ffeb9b50000 - 0x00007ffeb9e5c000 	C:\Windows\System32\DriverStore\FileRepository\iigd_dch.inf_amd64_bcc3ca7fdd6d5f38\igd12dxva64.dll
0x00007fff19e00000 - 0x00007fff1a274000 	C:\Windows\System32\SETUPAPI.dll
0x00007ffea8630000 - 0x00007ffea980d000 	C:\Windows\System32\DriverStore\FileRepository\iigd_dch.inf_amd64_bcc3ca7fdd6d5f38\igddxvacommon64.dll
0x00007ffea6900000 - 0x00007ffea862b000 	C:\Windows\System32\DriverStore\FileRepository\iigd_dch.inf_amd64_bcc3ca7fdd6d5f38\media_bin_64.dll
0x00007ffefea70000 - 0x00007ffefea97000 	C:\Windows\System32\DriverStore\FileRepository\iigd_dch.inf_amd64_bcc3ca7fdd6d5f38\igdinfo64.dll
0x00007fff050f0000 - 0x00007fff05394000 	C:\Windows\SYSTEM32\twinapi.appcore.dll
0x00007ffedef50000 - 0x00007ffedef95000 	C:\Users\Dell\.openjfx\cache\23.0.1+4\amd64\glass.dll
0x00007fff18f20000 - 0x00007fff1901f000 	C:\Windows\System32\COMDLG32.dll
0x00007fff1a5e0000 - 0x00007fff1a740000 	C:\Windows\System32\MSCTF.dll
0x00007fff1a740000 - 0x00007fff1a7f0000 	C:\Windows\System32\clbcatq.dll

dbghelp: loaded successfully - version: 4.0.5 - missing functions: none
symbol engine: initialized successfully - sym options: 0x614 - pdb path: .;C:\Users\Dell\.jdks\openjdk-22.0.1\bin;C:\Windows\SYSTEM32;C:\Windows\WinSxS\amd64_microsoft.windows.common-controls_6595b64144ccf1df_6.0.22621.4391_none_2715d37f73803e96;C:\Users\Dell\.jdks\openjdk-22.0.1\bin\server;C:\Users\Dell\AppData\Local\Programs\IntelliJ IDEA Ultimate 2024.2.4\bin;C:\Users\Dell\.openjfx\cache\23.0.1+4\amd64;C:\Windows\System32\DriverStore\FileRepository\iigd_dch.inf_amd64_bcc3ca7fdd6d5f38;C:\Program Files\Common Files\Microsoft Shared\Ink

VM Arguments:
jvm_args: -javaagent:C:\Users\Dell\AppData\Local\Programs\IntelliJ IDEA Ultimate 2024.2.4\lib\idea_rt.jar=57912:C:\Users\Dell\AppData\Local\Programs\IntelliJ IDEA Ultimate 2024.2.4\bin -Dfile.encoding=UTF-8 -Dsun.stdout.encoding=UTF-8 -Dsun.stderr.encoding=UTF-8 --module-path=C:\Users\Dell\.m2\repository\org\openjfx\javafx-controls\23.0.1\javafx-controls-23.0.1-win.jar;C:\Users\Dell\.m2\repository\com\sun\mail\javax.mail\1.6.2\javax.mail-1.6.2.jar;C:\Users\Dell\.m2\repository\com\squareup\okhttp3\okhttp\4.9.3\okhttp-4.9.3.jar;C:\Users\Dell\.m2\repository\io\github\cdimascio\java-dotenv\5.2.2\java-dotenv-5.2.2.jar;C:\Users\Dell\.m2\repository\org\openjfx\javafx-base\23.0.1\javafx-base-23.0.1-win.jar;C:\Users\Dell\.m2\repository\com\mysql\mysql-connector-j\8.0.32\mysql-connector-j-8.0.32.jar;C:\Users\Dell\.m2\repository\com\google\code\gson\gson\2.10.1\gson-2.10.1.jar;C:\Users\Dell\.m2\repository\org\controlsfx\controlsfx\11.2.1\controlsfx-11.2.1.jar;D:\oop\lms\target\classes;C:\Users\Dell\.m2\repository\org\openjfx\javafx-graphics\23.0.1\javafx-graphics-23.0.1-win.jar;C:\Users\Dell\.m2\repository\org\openjfx\javafx-fxml\23.0.1\javafx-fxml-23.0.1-win.jar -Djdk.module.main=edu.lms 
java_command: edu.lms/edu.lms.LibraryManagementApplication
java_class_path (initial): C:\Users\Dell\.m2\repository\org\openjfx\javafx-controls\23.0.1\javafx-controls-23.0.1.jar;C:\Users\Dell\.m2\repository\org\openjfx\javafx-graphics\23.0.1\javafx-graphics-23.0.1.jar;C:\Users\Dell\.m2\repository\org\openjfx\javafx-base\23.0.1\javafx-base-23.0.1.jar;C:\Users\Dell\.m2\repository\org\openjfx\javafx-fxml\23.0.1\javafx-fxml-23.0.1.jar;C:\Users\Dell\.m2\repository\org\jetbrains\kotlin\kotlin-stdlib\1.4.0\kotlin-stdlib-1.4.0.jar;C:\Users\Dell\.m2\repository\org\jetbrains\kotlin\kotlin-stdlib-common\1.4.0\kotlin-stdlib-common-1.4.0.jar;C:\Users\Dell\.m2\repository\org\jetbrains\annotations\13.0\annotations-13.0.jar;C:\Users\Dell\.m2\repository\com\squareup\okio\okio\2.8.0\okio-2.8.0.jar;C:\Users\Dell\.m2\repository\com\google\protobuf\protobuf-java\3.21.9\protobuf-java-3.21.9.jar;C:\Users\Dell\.m2\repository\javax\activation\activation\1.1\activation-1.1.jar;C:\Users\Dell\.m2\repository\org\json\json\20240303\json-20240303.jar
Launcher Type: SUN_STANDARD

[Global flags]
     intx CICompilerCount                          = 12                                        {product} {ergonomic}
     uint ConcGCThreads                            = 4                                         {product} {ergonomic}
     uint G1ConcRefinementThreads                  = 15                                        {product} {ergonomic}
   size_t G1HeapRegionSize                         = 2097152                                   {product} {ergonomic}
   size_t InitialHeapSize                          = 264241152                                 {product} {ergonomic}
   size_t MarkStackSize                            = 4194304                                   {product} {ergonomic}
   size_t MaxHeapSize                              = 4213178368                                {product} {ergonomic}
   size_t MaxNewSize                               = 2527068160                                {product} {ergonomic}
   size_t MinHeapDeltaBytes                        = 2097152                                   {product} {ergonomic}
   size_t MinHeapSize                              = 8388608                                   {product} {ergonomic}
    uintx NonNMethodCodeHeapSize                   = 7602480                                {pd product} {ergonomic}
    uintx NonProfiledCodeHeapSize                  = 122027880                              {pd product} {ergonomic}
    uintx ProfiledCodeHeapSize                     = 122027880                              {pd product} {ergonomic}
    uintx ReservedCodeCacheSize                    = 251658240                              {pd product} {ergonomic}
     bool SegmentedCodeCache                       = true                                      {product} {ergonomic}
   size_t SoftMaxHeapSize                          = 4213178368                             {manageable} {ergonomic}
     bool UseCompressedOops                        = true                           {product lp64_product} {ergonomic}
     bool UseG1GC                                  = true                                      {product} {ergonomic}
     bool UseLargePagesIndividualAllocation        = false                                  {pd product} {ergonomic}

Logging:
Log output configuration:
 #0: stdout all=warning uptime,level,tags foldmultilines=false
 #1: stderr all=off uptime,level,tags foldmultilines=false

Environment Variables:
PATH=C:\Program Files\Common Files\Oracle\Java\javapath;C:\Program Files (x86)\Common Files\Oracle\Java\java8path;C:\Program Files (x86)\Common Files\Oracle\Java\javapath;C:\Windows\system32;C:\Windows;C:\Windows\System32\Wbem;C:\Windows\System32\WindowsPowerShell\v1.0\;C:\Windows\System32\OpenSSH\;C:\Program Files (x86)\NVIDIA Corporation\PhysX\Common;C:\Program Files\NVIDIA Corporation\NVIDIA NvDLISR;C:\msys64\mingw64\bin;C:\Program Files (x86)\Windows Kits\10\Windows Performance Toolkit\;D:\Git\cmd;C:\Program Files\Amazon\AWSCLIV2\;C:\Program Files\dotnet\;C:\Users\Dell\AppData\Local\Programs\Python\Launcher\;C:\Users\Dell\AppData\Local\Microsoft\WindowsApps;C:\Users\Dell\AppData\Local\Programs\Microsoft VS Code\bin;C:\winlibs-x86_64-posix-seh-gcc-12.1.0-mingw-w64msvcrt-10.0.0-r3\mingw64\bin;C:\msys64\ucrt64\bin;C:\Users\Dell\AppData\Local\GitHubDesktop\bin;C:\Program Files\JetBrains\DataGrip 2024.2.2\bin;;C:\Users\Dell\AppData\Local\Muse Hub\lib;C:\Users\Dell\Desktop\Java\apache-maven-3.9.9\bin;
USERNAME=Dell
OS=Windows_NT
PROCESSOR_IDENTIFIER=Intel64 Family 6 Model 154 Stepping 3, GenuineIntel
TMP=C:\Users\Dell\AppData\Local\Temp
TEMP=C:\Users\Dell\AppData\Local\Temp




Periodic native trim disabled

---------------  S Y S T E M  ---------------

OS:
 Windows 11 , 64 bit Build 22621 (10.0.22621.4391)
OS uptime: 0 days 5:18 hours
Hyper-V role detected

CPU: total 20 (initial active 20) (10 cores per cpu, 2 threads per core) family 6 model 154 stepping 3 microcode 0x435, cx8, cmov, fxsr, ht, mmx, 3dnowpref, sse, sse2, sse3, ssse3, sse4.1, sse4.2, popcnt, lzcnt, tsc, tscinvbit, avx, avx2, aes, erms, clmul, bmi1, bmi2, adx, sha, fma, vzeroupper, clflush, clflushopt, clwb, hv, serialize, rdtscp, rdpid, fsrm, f16c, cet_ibt, cet_ss
Processor Information for processor 0
  Max Mhz: 2300, Current Mhz: 2300, Mhz Limit: 2300
Processor Information for processor 1
  Max Mhz: 2300, Current Mhz: 2300, Mhz Limit: 2300
Processor Information for processor 2
  Max Mhz: 2300, Current Mhz: 1506, Mhz Limit: 2300
Processor Information for processor 3
  Max Mhz: 2300, Current Mhz: 2300, Mhz Limit: 2300
Processor Information for processor 4
  Max Mhz: 2300, Current Mhz: 2300, Mhz Limit: 2300
Processor Information for processor 5
  Max Mhz: 2300, Current Mhz: 2300, Mhz Limit: 2300
Processor Information for processor 6
  Max Mhz: 2300, Current Mhz: 2300, Mhz Limit: 2300
Processor Information for processor 7
  Max Mhz: 2300, Current Mhz: 2300, Mhz Limit: 2300
Processor Information for processor 8
  Max Mhz: 2300, Current Mhz: 2300, Mhz Limit: 2300
Processor Information for processor 9
  Max Mhz: 2300, Current Mhz: 2300, Mhz Limit: 2300
Processor Information for processor 10
  Max Mhz: 2300, Current Mhz: 1506, Mhz Limit: 2300
Processor Information for processor 11
  Max Mhz: 2300, Current Mhz: 2300, Mhz Limit: 2300
Processor Information for processor 12
  Max Mhz: 2300, Current Mhz: 1700, Mhz Limit: 1679
Processor Information for processor 13
  Max Mhz: 2300, Current Mhz: 1500, Mhz Limit: 1679
Processor Information for processor 14
  Max Mhz: 2300, Current Mhz: 1500, Mhz Limit: 1679
Processor Information for processor 15
  Max Mhz: 2300, Current Mhz: 1700, Mhz Limit: 1679
Processor Information for processor 16
  Max Mhz: 2300, Current Mhz: 1700, Mhz Limit: 1679
Processor Information for processor 17
  Max Mhz: 2300, Current Mhz: 1500, Mhz Limit: 1679
Processor Information for processor 18
  Max Mhz: 2300, Current Mhz: 1500, Mhz Limit: 1679
Processor Information for processor 19
  Max Mhz: 2300, Current Mhz: 1500, Mhz Limit: 1679

Memory: 4k page, system-wide physical 16068M (2646M free)
TotalPageFile size 20068M (AvailPageFile size 4M)
current process WorkingSet (physical memory assigned to process): 1179M, peak: 1179M
current process commit charge ("private bytes"): 1358M, peak: 1358M

vm_info: OpenJDK 64-Bit Server VM (22.0.1+8-16) for windows-amd64 JRE (22.0.1+8-16), built on 2024-03-12T10:33:16Z by "mach5one" with MS VC++ 17.6 (VS2022)

END.
