#
# There is insufficient memory for the Java Runtime Environment to continue.
# Native memory allocation (mmap) failed to map 65536 bytes. Error detail: Failed to commit metaspace.
# Possible reasons:
#   The system is out of physical RAM or swap space
#   This process is running with CompressedOops enabled, and the Java Heap may be blocking the growth of the native heap
# Possible solutions:
#   Reduce memory load on the system
#   Increase physical memory or swap space
#   Check if swap backing store is full
#   Decrease Java heap size (-Xmx/-Xms)
#   Decrease number of Java threads
#   Decrease Java thread stack sizes (-Xss)
#   Set larger code cache with -XX:ReservedCodeCacheSize=
#   JVM is running with Zero Based Compressed Oops mode in which the Java heap is
#     placed in the first 32GB address space. The Java Heap base address is the
#     maximum limit for the native heap growth. Please use -XX:HeapBaseMinAddress
#     to set the Java Heap base and to place the Java Heap above 32GB virtual address.
# This output file may be truncated or incomplete.
#
#  Out of Memory Error (virtualSpaceNode.cpp:112), pid=4596, tid=6492
#
# JRE version: OpenJDK Runtime Environment (22.0.1+8) (build 22.0.1+8-16)
# Java VM: OpenJDK 64-Bit Server VM (22.0.1+8-16, mixed mode, sharing, tiered, compressed oops, compressed class ptrs, g1 gc, windows-amd64)
# No core dump will be written. Minidumps are not enabled by default on client versions of Windows
#

---------------  S U M M A R Y ------------

Command Line: -javaagent:C:\Users\Dell\AppData\Local\Programs\IntelliJ IDEA Ultimate 2024.2.4\lib\idea_rt.jar=59921:C:\Users\Dell\AppData\Local\Programs\IntelliJ IDEA Ultimate 2024.2.4\bin -Dfile.encoding=UTF-8 -Dsun.stdout.encoding=UTF-8 -Dsun.stderr.encoding=UTF-8 --module-path=C:\Users\Dell\.m2\repository\org\openjfx\javafx-fxml\23.0.1\javafx-fxml-23.0.1-win.jar;C:\Users\Dell\.m2\repository\io\github\cdimascio\java-dotenv\5.2.2\java-dotenv-5.2.2.jar;C:\Users\Dell\.m2\repository\org\openjfx\javafx-base\23.0.1\javafx-base-23.0.1-win.jar;C:\Users\Dell\.m2\repository\com\sun\mail\javax.mail\1.6.2\javax.mail-1.6.2.jar;C:\Users\Dell\.m2\repository\com\squareup\okhttp3\okhttp\4.9.3\okhttp-4.9.3.jar;C:\Users\Dell\.m2\repository\org\openjfx\javafx-graphics\23.0.1\javafx-graphics-23.0.1-win.jar;D:\oop\lms\target\classes;C:\Users\Dell\.m2\repository\org\openjfx\javafx-controls\23.0.1\javafx-controls-23.0.1-win.jar;C:\Users\Dell\.m2\repository\org\controlsfx\controlsfx\11.2.1\controlsfx-11.2.1.jar;C:\Users\Dell\.m2\repository\com\google\code\gson\gson\2.10.1\gson-2.10.1.jar;C:\Users\Dell\.m2\repository\com\mysql\mysql-connector-j\8.0.32\mysql-connector-j-8.0.32.jar -Djdk.module.main=edu.lms edu.lms/edu.lms.LibraryManagementApplication

Host: 12th Gen Intel(R) Core(TM) i7-12700H, 20 cores, 15G,  Windows 11 , 64 bit Build 22621 (10.0.22621.4391)
Time: Sun Nov 24 20:39:29 2024 SE Asia Standard Time elapsed time: 0.087114 seconds (0d 0h 0m 0s)

---------------  T H R E A D  ---------------

Current thread (0x0000019022386060):  JavaThread "C1 CompilerThread1" daemon [_thread_in_vm, id=6492, stack(0x0000007306300000,0x0000007306400000) (1024K)]


Current CompileTask:
C1:87  175       3       java.lang.Class::getPackageName (81 bytes)

Stack: [0x0000007306300000,0x0000007306400000]
Native frames: (J=compiled Java code, j=interpreted, Vv=VM code, C=native code)
V  [jvm.dll+0x6e2279]  (no source info available)
V  [jvm.dll+0x874e33]  (no source info available)
V  [jvm.dll+0x87725e]  (no source info available)
V  [jvm.dll+0x877933]  (no source info available)
V  [jvm.dll+0x27fd76]  (no source info available)
V  [jvm.dll+0x870a7e]  (no source info available)
V  [jvm.dll+0x6852e5]  (no source info available)
V  [jvm.dll+0x68534a]  (no source info available)
V  [jvm.dll+0x687b8a]  (no source info available)
V  [jvm.dll+0x2250ac]  (no source info available)
V  [jvm.dll+0x685cfe]  (no source info available)
V  [jvm.dll+0x6973da]  (no source info available)
V  [jvm.dll+0x690262]  (no source info available)
V  [jvm.dll+0x1f1c60]  (no source info available)
V  [jvm.dll+0x1f1e48]  (no source info available)
V  [jvm.dll+0x165fde]  (no source info available)
V  [jvm.dll+0x165e26]  (no source info available)
V  [jvm.dll+0x15d70a]  (no source info available)
V  [jvm.dll+0x15f96d]  (no source info available)
V  [jvm.dll+0x15dfa5]  (no source info available)
V  [jvm.dll+0x166941]  (no source info available)
V  [jvm.dll+0x165e26]  (no source info available)
V  [jvm.dll+0x15d70a]  (no source info available)
V  [jvm.dll+0x15f96d]  (no source info available)
V  [jvm.dll+0x15dfa5]  (no source info available)
V  [jvm.dll+0x157a2f]  (no source info available)
V  [jvm.dll+0x167a86]  (no source info available)
V  [jvm.dll+0x1530bb]  (no source info available)
V  [jvm.dll+0x153507]  (no source info available)
V  [jvm.dll+0x1538a0]  (no source info available)
V  [jvm.dll+0x152c1d]  (no source info available)
V  [jvm.dll+0x154add]  (no source info available)
V  [jvm.dll+0x2569fe]  (no source info available)
V  [jvm.dll+0x254cba]  (no source info available)
V  [jvm.dll+0x3f5336]  (no source info available)
V  [jvm.dll+0x81d44b]  (no source info available)
V  [jvm.dll+0x6e0915]  (no source info available)
C  [ucrtbase.dll+0x29333]  (no source info available)
C  [KERNEL32.DLL+0x1259d]  (no source info available)
C  [ntdll.dll+0x5af38]  (no source info available)


---------------  P R O C E S S  ---------------

Threads class SMR info:
_java_thread_list=0x00000190224bffa0, length=12, elements={
0x00000190022af830, 0x000001902220edb0, 0x0000019022210920, 0x00000190222174a0,
0x0000019022218710, 0x000001902221b500, 0x000001902221ae70, 0x000001902222cb10,
0x000001902222d1d0, 0x0000019022386060, 0x000001902240bfa0, 0x0000019022218080
}

Java Threads: ( => current thread )
  0x00000190022af830 JavaThread "main"                              [_thread_in_vm, id=17724, stack(0x0000007305300000,0x0000007305400000) (1024K)]
  0x000001902220edb0 JavaThread "Reference Handler"          daemon [_thread_blocked, id=25412, stack(0x0000007305b00000,0x0000007305c00000) (1024K)]
  0x0000019022210920 JavaThread "Finalizer"                  daemon [_thread_blocked, id=29156, stack(0x0000007305c00000,0x0000007305d00000) (1024K)]
  0x00000190222174a0 JavaThread "Signal Dispatcher"          daemon [_thread_blocked, id=12128, stack(0x0000007305d00000,0x0000007305e00000) (1024K)]
  0x0000019022218710 JavaThread "Attach Listener"            daemon [_thread_blocked, id=27412, stack(0x0000007305e00000,0x0000007305f00000) (1024K)]
  0x000001902221b500 JavaThread "Service Thread"             daemon [_thread_blocked, id=21944, stack(0x0000007305f00000,0x0000007306000000) (1024K)]
  0x000001902221ae70 JavaThread "Monitor Deflation Thread"   daemon [_thread_blocked, id=15304, stack(0x0000007306000000,0x0000007306100000) (1024K)]
  0x000001902222cb10 JavaThread "C2 CompilerThread0"         daemon [_thread_blocked, id=29892, stack(0x0000007306100000,0x0000007306200000) (1024K)]
  0x000001902222d1d0 JavaThread "C1 CompilerThread0"         daemon [_thread_blocked, id=19384, stack(0x0000007306200000,0x0000007306300000) (1024K)]
=>0x0000019022386060 JavaThread "C1 CompilerThread1"         daemon [_thread_in_vm, id=6492, stack(0x0000007306300000,0x0000007306400000) (1024K)]
  0x000001902240bfa0 JavaThread "C1 CompilerThread2"         daemon [_thread_in_vm, id=25220, stack(0x0000007306400000,0x0000007306500000) (1024K)]
  0x0000019022218080 JavaThread "Common-Cleaner"             daemon [_thread_blocked, id=11524, stack(0x0000007306500000,0x0000007306600000) (1024K)]
Total: 12

Other Threads:
  0x00000190221ee890 VMThread "VM Thread"                           [id=25928, stack(0x0000007305a00000,0x0000007305b00000) (1024K)]
  0x00000190221d4d10 WatcherThread "VM Periodic Task Thread"        [id=28636, stack(0x0000007305900000,0x0000007305a00000) (1024K)]
  0x0000019002317350 WorkerThread "GC Thread#0"                     [id=2980, stack(0x0000007305400000,0x0000007305500000) (1024K)]
  0x00000190023296c0 ConcurrentGCThread "G1 Main Marker"            [id=4304, stack(0x0000007305500000,0x0000007305600000) (1024K)]
  0x000001900232a0e0 WorkerThread "G1 Conc#0"                       [id=22000, stack(0x0000007305600000,0x0000007305700000) (1024K)]
  0x00000190220a84b0 ConcurrentGCThread "G1 Refine#0"               [id=8096, stack(0x0000007305700000,0x0000007305800000) (1024K)]
  0x00000190220a8f40 ConcurrentGCThread "G1 Service"                [id=10888, stack(0x0000007305800000,0x0000007305900000) (1024K)]
Total: 7

Threads with active compile tasks:
C1 CompilerThread1  120  175       3       java.lang.Class::getPackageName (81 bytes)
C1 CompilerThread2  120  174       3       java.lang.ref.WeakReference::<init> (7 bytes)
Total: 2

VM state: not at safepoint (normal execution)

VM Mutex/Monitor currently owned by a thread:  ([mutex/lock_event])
[0x00007ff80aea9b38] Metaspace_lock - owner thread: 0x0000019022386060

Heap address: 0x0000000704e00000, size: 4018 MB, Compressed Oops mode: Zero based, Oop shift amount: 3

CDS archive(s) mapped at: [0x0000019023000000-0x0000019023c50000-0x0000019023c50000), size 12910592, SharedBaseAddress: 0x0000019023000000, ArchiveRelocationMode: 1.
Compressed class space mapped at: 0x0000019024000000-0x0000019064000000, reserved size: 1073741824
Narrow klass base: 0x0000019023000000, Narrow klass shift: 0, Narrow klass range: 0x41000000

GC Precious Log:
 CardTable entry size: 512
 Card Set container configuration: InlinePtr #cards 4 size 8 Array Of Cards #cards 16 size 48 Howl #buckets 8 coarsen threshold 3686 Howl Bitmap #cards 512 size 80 coarsen threshold 460 Card regions per heap region 1 cards per card region 4096
 CPUs: 20 total, 20 available
 Memory: 16068M
 Large Page Support: Disabled
 NUMA Support: Disabled
 Compressed Oops: Enabled (Zero based)
 Heap Region Size: 2M
 Heap Min Capacity: 8M
 Heap Initial Capacity: 252M
 Heap Max Capacity: 4018M
 Pre-touch: Disabled
 Parallel Workers: 15
 Concurrent Workers: 4
 Concurrent Refinement Workers: 15
 Periodic GC: Disabled

Heap:
 garbage-first heap   total reserved 4114432K, committed 258048K, used 2048K [0x0000000704e00000, 0x0000000800000000)
  region size 2048K, 2 young (4096K), 0 survivors (0K)
 Metaspace       used 342K, committed 512K, reserved 1114112K
  class space    used 20K, committed 128K, reserved 1048576K

Heap Regions: E=young(eden), S=young(survivor), O=old, HS=humongous(starts), HC=humongous(continues), CS=collection set, F=free, TAMS=top-at-mark-start, PB=parsable bottom
|   0|0x0000000704e00000, 0x0000000704e00000, 0x0000000705000000|  0%| F|  |TAMS 0x0000000704e00000| PB 0x0000000704e00000| Untracked |  0
|   1|0x0000000705000000, 0x0000000705000000, 0x0000000705200000|  0%| F|  |TAMS 0x0000000705000000| PB 0x0000000705000000| Untracked |  0
|   2|0x0000000705200000, 0x0000000705200000, 0x0000000705400000|  0%| F|  |TAMS 0x0000000705200000| PB 0x0000000705200000| Untracked |  0
|   3|0x0000000705400000, 0x0000000705400000, 0x0000000705600000|  0%| F|  |TAMS 0x0000000705400000| PB 0x0000000705400000| Untracked |  0
|   4|0x0000000705600000, 0x0000000705600000, 0x0000000705800000|  0%| F|  |TAMS 0x0000000705600000| PB 0x0000000705600000| Untracked |  0
|   5|0x0000000705800000, 0x0000000705800000, 0x0000000705a00000|  0%| F|  |TAMS 0x0000000705800000| PB 0x0000000705800000| Untracked |  0
|   6|0x0000000705a00000, 0x0000000705a00000, 0x0000000705c00000|  0%| F|  |TAMS 0x0000000705a00000| PB 0x0000000705a00000| Untracked |  0
|   7|0x0000000705c00000, 0x0000000705c00000, 0x0000000705e00000|  0%| F|  |TAMS 0x0000000705c00000| PB 0x0000000705c00000| Untracked |  0
|   8|0x0000000705e00000, 0x0000000705e00000, 0x0000000706000000|  0%| F|  |TAMS 0x0000000705e00000| PB 0x0000000705e00000| Untracked |  0
|   9|0x0000000706000000, 0x0000000706000000, 0x0000000706200000|  0%| F|  |TAMS 0x0000000706000000| PB 0x0000000706000000| Untracked |  0
|  10|0x0000000706200000, 0x0000000706200000, 0x0000000706400000|  0%| F|  |TAMS 0x0000000706200000| PB 0x0000000706200000| Untracked |  0
|  11|0x0000000706400000, 0x0000000706400000, 0x0000000706600000|  0%| F|  |TAMS 0x0000000706400000| PB 0x0000000706400000| Untracked |  0
|  12|0x0000000706600000, 0x0000000706600000, 0x0000000706800000|  0%| F|  |TAMS 0x0000000706600000| PB 0x0000000706600000| Untracked |  0
|  13|0x0000000706800000, 0x0000000706800000, 0x0000000706a00000|  0%| F|  |TAMS 0x0000000706800000| PB 0x0000000706800000| Untracked |  0
|  14|0x0000000706a00000, 0x0000000706a00000, 0x0000000706c00000|  0%| F|  |TAMS 0x0000000706a00000| PB 0x0000000706a00000| Untracked |  0
|  15|0x0000000706c00000, 0x0000000706c00000, 0x0000000706e00000|  0%| F|  |TAMS 0x0000000706c00000| PB 0x0000000706c00000| Untracked |  0
|  16|0x0000000706e00000, 0x0000000706e00000, 0x0000000707000000|  0%| F|  |TAMS 0x0000000706e00000| PB 0x0000000706e00000| Untracked |  0
|  17|0x0000000707000000, 0x0000000707000000, 0x0000000707200000|  0%| F|  |TAMS 0x0000000707000000| PB 0x0000000707000000| Untracked |  0
|  18|0x0000000707200000, 0x0000000707200000, 0x0000000707400000|  0%| F|  |TAMS 0x0000000707200000| PB 0x0000000707200000| Untracked |  0
|  19|0x0000000707400000, 0x0000000707400000, 0x0000000707600000|  0%| F|  |TAMS 0x0000000707400000| PB 0x0000000707400000| Untracked |  0
|  20|0x0000000707600000, 0x0000000707600000, 0x0000000707800000|  0%| F|  |TAMS 0x0000000707600000| PB 0x0000000707600000| Untracked |  0
|  21|0x0000000707800000, 0x0000000707800000, 0x0000000707a00000|  0%| F|  |TAMS 0x0000000707800000| PB 0x0000000707800000| Untracked |  0
|  22|0x0000000707a00000, 0x0000000707a00000, 0x0000000707c00000|  0%| F|  |TAMS 0x0000000707a00000| PB 0x0000000707a00000| Untracked |  0
|  23|0x0000000707c00000, 0x0000000707c00000, 0x0000000707e00000|  0%| F|  |TAMS 0x0000000707c00000| PB 0x0000000707c00000| Untracked |  0
|  24|0x0000000707e00000, 0x0000000707e00000, 0x0000000708000000|  0%| F|  |TAMS 0x0000000707e00000| PB 0x0000000707e00000| Untracked |  0
|  25|0x0000000708000000, 0x0000000708000000, 0x0000000708200000|  0%| F|  |TAMS 0x0000000708000000| PB 0x0000000708000000| Untracked |  0
|  26|0x0000000708200000, 0x0000000708200000, 0x0000000708400000|  0%| F|  |TAMS 0x0000000708200000| PB 0x0000000708200000| Untracked |  0
|  27|0x0000000708400000, 0x0000000708400000, 0x0000000708600000|  0%| F|  |TAMS 0x0000000708400000| PB 0x0000000708400000| Untracked |  0
|  28|0x0000000708600000, 0x0000000708600000, 0x0000000708800000|  0%| F|  |TAMS 0x0000000708600000| PB 0x0000000708600000| Untracked |  0
|  29|0x0000000708800000, 0x0000000708800000, 0x0000000708a00000|  0%| F|  |TAMS 0x0000000708800000| PB 0x0000000708800000| Untracked |  0
|  30|0x0000000708a00000, 0x0000000708a00000, 0x0000000708c00000|  0%| F|  |TAMS 0x0000000708a00000| PB 0x0000000708a00000| Untracked |  0
|  31|0x0000000708c00000, 0x0000000708c00000, 0x0000000708e00000|  0%| F|  |TAMS 0x0000000708c00000| PB 0x0000000708c00000| Untracked |  0
|  32|0x0000000708e00000, 0x0000000708e00000, 0x0000000709000000|  0%| F|  |TAMS 0x0000000708e00000| PB 0x0000000708e00000| Untracked |  0
|  33|0x0000000709000000, 0x0000000709000000, 0x0000000709200000|  0%| F|  |TAMS 0x0000000709000000| PB 0x0000000709000000| Untracked |  0
|  34|0x0000000709200000, 0x0000000709200000, 0x0000000709400000|  0%| F|  |TAMS 0x0000000709200000| PB 0x0000000709200000| Untracked |  0
|  35|0x0000000709400000, 0x0000000709400000, 0x0000000709600000|  0%| F|  |TAMS 0x0000000709400000| PB 0x0000000709400000| Untracked |  0
|  36|0x0000000709600000, 0x0000000709600000, 0x0000000709800000|  0%| F|  |TAMS 0x0000000709600000| PB 0x0000000709600000| Untracked |  0
|  37|0x0000000709800000, 0x0000000709800000, 0x0000000709a00000|  0%| F|  |TAMS 0x0000000709800000| PB 0x0000000709800000| Untracked |  0
|  38|0x0000000709a00000, 0x0000000709a00000, 0x0000000709c00000|  0%| F|  |TAMS 0x0000000709a00000| PB 0x0000000709a00000| Untracked |  0
|  39|0x0000000709c00000, 0x0000000709c00000, 0x0000000709e00000|  0%| F|  |TAMS 0x0000000709c00000| PB 0x0000000709c00000| Untracked |  0
|  40|0x0000000709e00000, 0x0000000709e00000, 0x000000070a000000|  0%| F|  |TAMS 0x0000000709e00000| PB 0x0000000709e00000| Untracked |  0
|  41|0x000000070a000000, 0x000000070a000000, 0x000000070a200000|  0%| F|  |TAMS 0x000000070a000000| PB 0x000000070a000000| Untracked |  0
|  42|0x000000070a200000, 0x000000070a200000, 0x000000070a400000|  0%| F|  |TAMS 0x000000070a200000| PB 0x000000070a200000| Untracked |  0
|  43|0x000000070a400000, 0x000000070a400000, 0x000000070a600000|  0%| F|  |TAMS 0x000000070a400000| PB 0x000000070a400000| Untracked |  0
|  44|0x000000070a600000, 0x000000070a600000, 0x000000070a800000|  0%| F|  |TAMS 0x000000070a600000| PB 0x000000070a600000| Untracked |  0
|  45|0x000000070a800000, 0x000000070a800000, 0x000000070aa00000|  0%| F|  |TAMS 0x000000070a800000| PB 0x000000070a800000| Untracked |  0
|  46|0x000000070aa00000, 0x000000070aa00000, 0x000000070ac00000|  0%| F|  |TAMS 0x000000070aa00000| PB 0x000000070aa00000| Untracked |  0
|  47|0x000000070ac00000, 0x000000070ac00000, 0x000000070ae00000|  0%| F|  |TAMS 0x000000070ac00000| PB 0x000000070ac00000| Untracked |  0
|  48|0x000000070ae00000, 0x000000070ae00000, 0x000000070b000000|  0%| F|  |TAMS 0x000000070ae00000| PB 0x000000070ae00000| Untracked |  0
|  49|0x000000070b000000, 0x000000070b000000, 0x000000070b200000|  0%| F|  |TAMS 0x000000070b000000| PB 0x000000070b000000| Untracked |  0
|  50|0x000000070b200000, 0x000000070b200000, 0x000000070b400000|  0%| F|  |TAMS 0x000000070b200000| PB 0x000000070b200000| Untracked |  0
|  51|0x000000070b400000, 0x000000070b400000, 0x000000070b600000|  0%| F|  |TAMS 0x000000070b400000| PB 0x000000070b400000| Untracked |  0
|  52|0x000000070b600000, 0x000000070b600000, 0x000000070b800000|  0%| F|  |TAMS 0x000000070b600000| PB 0x000000070b600000| Untracked |  0
|  53|0x000000070b800000, 0x000000070b800000, 0x000000070ba00000|  0%| F|  |TAMS 0x000000070b800000| PB 0x000000070b800000| Untracked |  0
|  54|0x000000070ba00000, 0x000000070ba00000, 0x000000070bc00000|  0%| F|  |TAMS 0x000000070ba00000| PB 0x000000070ba00000| Untracked |  0
|  55|0x000000070bc00000, 0x000000070bc00000, 0x000000070be00000|  0%| F|  |TAMS 0x000000070bc00000| PB 0x000000070bc00000| Untracked |  0
|  56|0x000000070be00000, 0x000000070be00000, 0x000000070c000000|  0%| F|  |TAMS 0x000000070be00000| PB 0x000000070be00000| Untracked |  0
|  57|0x000000070c000000, 0x000000070c000000, 0x000000070c200000|  0%| F|  |TAMS 0x000000070c000000| PB 0x000000070c000000| Untracked |  0
|  58|0x000000070c200000, 0x000000070c200000, 0x000000070c400000|  0%| F|  |TAMS 0x000000070c200000| PB 0x000000070c200000| Untracked |  0
|  59|0x000000070c400000, 0x000000070c400000, 0x000000070c600000|  0%| F|  |TAMS 0x000000070c400000| PB 0x000000070c400000| Untracked |  0
|  60|0x000000070c600000, 0x000000070c600000, 0x000000070c800000|  0%| F|  |TAMS 0x000000070c600000| PB 0x000000070c600000| Untracked |  0
|  61|0x000000070c800000, 0x000000070c800000, 0x000000070ca00000|  0%| F|  |TAMS 0x000000070c800000| PB 0x000000070c800000| Untracked |  0
|  62|0x000000070ca00000, 0x000000070ca00000, 0x000000070cc00000|  0%| F|  |TAMS 0x000000070ca00000| PB 0x000000070ca00000| Untracked |  0
|  63|0x000000070cc00000, 0x000000070cc00000, 0x000000070ce00000|  0%| F|  |TAMS 0x000000070cc00000| PB 0x000000070cc00000| Untracked |  0
|  64|0x000000070ce00000, 0x000000070ce00000, 0x000000070d000000|  0%| F|  |TAMS 0x000000070ce00000| PB 0x000000070ce00000| Untracked |  0
|  65|0x000000070d000000, 0x000000070d000000, 0x000000070d200000|  0%| F|  |TAMS 0x000000070d000000| PB 0x000000070d000000| Untracked |  0
|  66|0x000000070d200000, 0x000000070d200000, 0x000000070d400000|  0%| F|  |TAMS 0x000000070d200000| PB 0x000000070d200000| Untracked |  0
|  67|0x000000070d400000, 0x000000070d400000, 0x000000070d600000|  0%| F|  |TAMS 0x000000070d400000| PB 0x000000070d400000| Untracked |  0
|  68|0x000000070d600000, 0x000000070d600000, 0x000000070d800000|  0%| F|  |TAMS 0x000000070d600000| PB 0x000000070d600000| Untracked |  0
|  69|0x000000070d800000, 0x000000070d800000, 0x000000070da00000|  0%| F|  |TAMS 0x000000070d800000| PB 0x000000070d800000| Untracked |  0
|  70|0x000000070da00000, 0x000000070da00000, 0x000000070dc00000|  0%| F|  |TAMS 0x000000070da00000| PB 0x000000070da00000| Untracked |  0
|  71|0x000000070dc00000, 0x000000070dc00000, 0x000000070de00000|  0%| F|  |TAMS 0x000000070dc00000| PB 0x000000070dc00000| Untracked |  0
|  72|0x000000070de00000, 0x000000070de00000, 0x000000070e000000|  0%| F|  |TAMS 0x000000070de00000| PB 0x000000070de00000| Untracked |  0
|  73|0x000000070e000000, 0x000000070e000000, 0x000000070e200000|  0%| F|  |TAMS 0x000000070e000000| PB 0x000000070e000000| Untracked |  0
|  74|0x000000070e200000, 0x000000070e200000, 0x000000070e400000|  0%| F|  |TAMS 0x000000070e200000| PB 0x000000070e200000| Untracked |  0
|  75|0x000000070e400000, 0x000000070e400000, 0x000000070e600000|  0%| F|  |TAMS 0x000000070e400000| PB 0x000000070e400000| Untracked |  0
|  76|0x000000070e600000, 0x000000070e600000, 0x000000070e800000|  0%| F|  |TAMS 0x000000070e600000| PB 0x000000070e600000| Untracked |  0
|  77|0x000000070e800000, 0x000000070e800000, 0x000000070ea00000|  0%| F|  |TAMS 0x000000070e800000| PB 0x000000070e800000| Untracked |  0
|  78|0x000000070ea00000, 0x000000070ea00000, 0x000000070ec00000|  0%| F|  |TAMS 0x000000070ea00000| PB 0x000000070ea00000| Untracked |  0
|  79|0x000000070ec00000, 0x000000070ec00000, 0x000000070ee00000|  0%| F|  |TAMS 0x000000070ec00000| PB 0x000000070ec00000| Untracked |  0
|  80|0x000000070ee00000, 0x000000070ee00000, 0x000000070f000000|  0%| F|  |TAMS 0x000000070ee00000| PB 0x000000070ee00000| Untracked |  0
|  81|0x000000070f000000, 0x000000070f000000, 0x000000070f200000|  0%| F|  |TAMS 0x000000070f000000| PB 0x000000070f000000| Untracked |  0
|  82|0x000000070f200000, 0x000000070f200000, 0x000000070f400000|  0%| F|  |TAMS 0x000000070f200000| PB 0x000000070f200000| Untracked |  0
|  83|0x000000070f400000, 0x000000070f400000, 0x000000070f600000|  0%| F|  |TAMS 0x000000070f400000| PB 0x000000070f400000| Untracked |  0
|  84|0x000000070f600000, 0x000000070f600000, 0x000000070f800000|  0%| F|  |TAMS 0x000000070f600000| PB 0x000000070f600000| Untracked |  0
|  85|0x000000070f800000, 0x000000070f800000, 0x000000070fa00000|  0%| F|  |TAMS 0x000000070f800000| PB 0x000000070f800000| Untracked |  0
|  86|0x000000070fa00000, 0x000000070fa00000, 0x000000070fc00000|  0%| F|  |TAMS 0x000000070fa00000| PB 0x000000070fa00000| Untracked |  0
|  87|0x000000070fc00000, 0x000000070fc00000, 0x000000070fe00000|  0%| F|  |TAMS 0x000000070fc00000| PB 0x000000070fc00000| Untracked |  0
|  88|0x000000070fe00000, 0x000000070fe00000, 0x0000000710000000|  0%| F|  |TAMS 0x000000070fe00000| PB 0x000000070fe00000| Untracked |  0
|  89|0x0000000710000000, 0x0000000710000000, 0x0000000710200000|  0%| F|  |TAMS 0x0000000710000000| PB 0x0000000710000000| Untracked |  0
|  90|0x0000000710200000, 0x0000000710200000, 0x0000000710400000|  0%| F|  |TAMS 0x0000000710200000| PB 0x0000000710200000| Untracked |  0
|  91|0x0000000710400000, 0x0000000710400000, 0x0000000710600000|  0%| F|  |TAMS 0x0000000710400000| PB 0x0000000710400000| Untracked |  0
|  92|0x0000000710600000, 0x0000000710600000, 0x0000000710800000|  0%| F|  |TAMS 0x0000000710600000| PB 0x0000000710600000| Untracked |  0
|  93|0x0000000710800000, 0x0000000710800000, 0x0000000710a00000|  0%| F|  |TAMS 0x0000000710800000| PB 0x0000000710800000| Untracked |  0
|  94|0x0000000710a00000, 0x0000000710a00000, 0x0000000710c00000|  0%| F|  |TAMS 0x0000000710a00000| PB 0x0000000710a00000| Untracked |  0
|  95|0x0000000710c00000, 0x0000000710c00000, 0x0000000710e00000|  0%| F|  |TAMS 0x0000000710c00000| PB 0x0000000710c00000| Untracked |  0
|  96|0x0000000710e00000, 0x0000000710e00000, 0x0000000711000000|  0%| F|  |TAMS 0x0000000710e00000| PB 0x0000000710e00000| Untracked |  0
|  97|0x0000000711000000, 0x0000000711000000, 0x0000000711200000|  0%| F|  |TAMS 0x0000000711000000| PB 0x0000000711000000| Untracked |  0
|  98|0x0000000711200000, 0x0000000711200000, 0x0000000711400000|  0%| F|  |TAMS 0x0000000711200000| PB 0x0000000711200000| Untracked |  0
|  99|0x0000000711400000, 0x0000000711400000, 0x0000000711600000|  0%| F|  |TAMS 0x0000000711400000| PB 0x0000000711400000| Untracked |  0
| 100|0x0000000711600000, 0x0000000711600000, 0x0000000711800000|  0%| F|  |TAMS 0x0000000711600000| PB 0x0000000711600000| Untracked |  0
| 101|0x0000000711800000, 0x0000000711800000, 0x0000000711a00000|  0%| F|  |TAMS 0x0000000711800000| PB 0x0000000711800000| Untracked |  0
| 102|0x0000000711a00000, 0x0000000711a00000, 0x0000000711c00000|  0%| F|  |TAMS 0x0000000711a00000| PB 0x0000000711a00000| Untracked |  0
| 103|0x0000000711c00000, 0x0000000711c00000, 0x0000000711e00000|  0%| F|  |TAMS 0x0000000711c00000| PB 0x0000000711c00000| Untracked |  0
| 104|0x0000000711e00000, 0x0000000711e00000, 0x0000000712000000|  0%| F|  |TAMS 0x0000000711e00000| PB 0x0000000711e00000| Untracked |  0
| 105|0x0000000712000000, 0x0000000712000000, 0x0000000712200000|  0%| F|  |TAMS 0x0000000712000000| PB 0x0000000712000000| Untracked |  0
| 106|0x0000000712200000, 0x0000000712200000, 0x0000000712400000|  0%| F|  |TAMS 0x0000000712200000| PB 0x0000000712200000| Untracked |  0
| 107|0x0000000712400000, 0x0000000712400000, 0x0000000712600000|  0%| F|  |TAMS 0x0000000712400000| PB 0x0000000712400000| Untracked |  0
| 108|0x0000000712600000, 0x0000000712600000, 0x0000000712800000|  0%| F|  |TAMS 0x0000000712600000| PB 0x0000000712600000| Untracked |  0
| 109|0x0000000712800000, 0x0000000712800000, 0x0000000712a00000|  0%| F|  |TAMS 0x0000000712800000| PB 0x0000000712800000| Untracked |  0
| 110|0x0000000712a00000, 0x0000000712a00000, 0x0000000712c00000|  0%| F|  |TAMS 0x0000000712a00000| PB 0x0000000712a00000| Untracked |  0
| 111|0x0000000712c00000, 0x0000000712c00000, 0x0000000712e00000|  0%| F|  |TAMS 0x0000000712c00000| PB 0x0000000712c00000| Untracked |  0
| 112|0x0000000712e00000, 0x0000000712e00000, 0x0000000713000000|  0%| F|  |TAMS 0x0000000712e00000| PB 0x0000000712e00000| Untracked |  0
| 113|0x0000000713000000, 0x0000000713000000, 0x0000000713200000|  0%| F|  |TAMS 0x0000000713000000| PB 0x0000000713000000| Untracked |  0
| 114|0x0000000713200000, 0x0000000713200000, 0x0000000713400000|  0%| F|  |TAMS 0x0000000713200000| PB 0x0000000713200000| Untracked |  0
| 115|0x0000000713400000, 0x0000000713400000, 0x0000000713600000|  0%| F|  |TAMS 0x0000000713400000| PB 0x0000000713400000| Untracked |  0
| 116|0x0000000713600000, 0x0000000713600000, 0x0000000713800000|  0%| F|  |TAMS 0x0000000713600000| PB 0x0000000713600000| Untracked |  0
| 117|0x0000000713800000, 0x0000000713800000, 0x0000000713a00000|  0%| F|  |TAMS 0x0000000713800000| PB 0x0000000713800000| Untracked |  0
| 118|0x0000000713a00000, 0x0000000713a00000, 0x0000000713c00000|  0%| F|  |TAMS 0x0000000713a00000| PB 0x0000000713a00000| Untracked |  0
| 119|0x0000000713c00000, 0x0000000713c00000, 0x0000000713e00000|  0%| F|  |TAMS 0x0000000713c00000| PB 0x0000000713c00000| Untracked |  0
| 120|0x0000000713e00000, 0x0000000713e00000, 0x0000000714000000|  0%| F|  |TAMS 0x0000000713e00000| PB 0x0000000713e00000| Untracked |  0
| 121|0x0000000714000000, 0x0000000714000000, 0x0000000714200000|  0%| F|  |TAMS 0x0000000714000000| PB 0x0000000714000000| Untracked |  0
| 122|0x0000000714200000, 0x0000000714200000, 0x0000000714400000|  0%| F|  |TAMS 0x0000000714200000| PB 0x0000000714200000| Untracked |  0
| 123|0x0000000714400000, 0x0000000714400000, 0x0000000714600000|  0%| F|  |TAMS 0x0000000714400000| PB 0x0000000714400000| Untracked |  0
| 124|0x0000000714600000, 0x0000000714770b20, 0x0000000714800000| 72%| E|  |TAMS 0x0000000714600000| PB 0x0000000714600000| Complete |  0
| 125|0x0000000714800000, 0x0000000714a00000, 0x0000000714a00000|100%| E|CS|TAMS 0x0000000714800000| PB 0x0000000714800000| Complete |  0

Card table byte_map: [0x000001901a870000,0x000001901b050000] _byte_map_base: 0x0000019017049000

Marking Bits: (CMBitMap*) 0x0000019002317970
 Bits: [0x000001901b050000, 0x000001901ef18000)

Polling page: 0x00000190001d0000

Metaspace:

Usage:
  Non-class:    321.78 KB used.
      Class:     20.31 KB used.
       Both:    342.09 KB used.

Virtual space:
  Non-class space:       64.00 MB reserved,     384.00 KB ( <1%) committed,  1 nodes.
      Class space:        1.00 GB reserved,     128.00 KB ( <1%) committed,  1 nodes.
             Both:        1.06 GB reserved,     512.00 KB ( <1%) committed. 

Chunk freelists:
   Non-Class:  12.00 MB
       Class:  15.75 MB
        Both:  27.74 MB

MaxMetaspaceSize: unlimited
CompressedClassSpaceSize: 1.00 GB
Initial GC threshold: 21.00 MB
Current GC threshold: 21.00 MB
CDS: on
 - commit_granule_bytes: 65536.
 - commit_granule_words: 8192.
 - virtual_space_node_default_size: 8388608.
 - enlarge_chunks_in_place: 1.
 - use_allocation_guard: 0.


Internal statistics:

num_allocs_failed_limit: 0.
num_arena_births: 6.
num_arena_deaths: 0.
num_vsnodes_births: 2.
num_vsnodes_deaths: 0.
num_space_committed: 8.
num_space_uncommitted: 0.
num_chunks_returned_to_freelist: 0.
num_chunks_taken_from_freelist: 7.
num_chunk_merges: 0.
num_chunk_splits: 5.
num_chunks_enlarged: 2.
num_inconsistent_stats: 0.

CodeHeap 'non-profiled nmethods': size=119168Kb used=50Kb max_used=50Kb free=119117Kb
 bounds [0x0000019012190000, 0x0000019012400000, 0x00000190195f0000]
CodeHeap 'profiled nmethods': size=119104Kb used=210Kb max_used=210Kb free=118893Kb
 bounds [0x000001900a5f0000, 0x000001900a860000, 0x0000019011a40000]
CodeHeap 'non-nmethods': size=7488Kb used=2425Kb max_used=2436Kb free=5062Kb
 bounds [0x0000019011a40000, 0x0000019011cb0000, 0x0000019012190000]
 total_blobs=586 nmethods=173 adapters=316
 compilation: enabled
              stopped_count=0, restarted_count=0
 full_count=0

Compilation events (20 events):
Event: 0.081 Thread 0x000001902240bfa0  155       3       java.lang.CharacterDataLatin1::toLowerCase (44 bytes)
Event: 0.081 Thread 0x000001902240bfa0 nmethod 155 0x000001900a61d510 code [0x000001900a61d6c0, 0x000001900a61d928]
Event: 0.081 Thread 0x000001902222cb10 nmethod 154 0x000001901219a210 code [0x000001901219a380, 0x000001901219a430]
Event: 0.082 Thread 0x000001902240bfa0  156       3       java.lang.invoke.MemberName::initResolved (53 bytes)
Event: 0.083 Thread 0x000001902240bfa0 nmethod 156 0x000001900a61d990 code [0x000001900a61db20, 0x000001900a61dcd0]
Event: 0.083 Thread 0x000001902240bfa0  160       1       java.lang.invoke.MethodTypeForm::erasedType (5 bytes)
Event: 0.083 Thread 0x000001902240bfa0 nmethod 160 0x000001901219ae10 code [0x000001901219afa0, 0x000001901219b070]
Event: 0.084 Thread 0x000001902240bfa0  163       3       java.lang.StringBuilder::append (8 bytes)
Event: 0.084 Thread 0x0000019022386060  164       3       java.lang.AbstractStringBuilder::append (77 bytes)
Event: 0.084 Thread 0x000001902240bfa0 nmethod 163 0x000001900a61dd90 code [0x000001900a61df40, 0x000001900a61e090]
Event: 0.084 Thread 0x000001902222d1d0  166       1       java.lang.invoke.MethodTypeForm::parameterSlotCount (5 bytes)
Event: 0.084 Thread 0x000001902222d1d0 nmethod 166 0x000001901219c010 code [0x000001901219c1a0, 0x000001901219c268]
Event: 0.084 Thread 0x0000019022386060 nmethod 164 0x000001900a61e110 code [0x000001900a61e320, 0x000001900a61e9d0]
Event: 0.084 Thread 0x000001902222d1d0  169       3       sun.invoke.util.VerifyAccess::isTypeVisible (118 bytes)
Event: 0.085 Thread 0x000001902240bfa0  170       1       java.lang.invoke.MethodHandles$Lookup::lookupClass (5 bytes)
Event: 0.085 Thread 0x000001902240bfa0 nmethod 170 0x000001901219c310 code [0x000001901219c4a0, 0x000001901219c570]
Event: 0.085 Thread 0x000001902240bfa0  171   !   3       java.lang.invoke.MemberName::getMethodType (213 bytes)
Event: 0.085 Thread 0x0000019022386060  173       3       java.lang.invoke.MethodType::checkPtypes (76 bytes)
Event: 0.085 Thread 0x0000019022386060 nmethod 173 0x000001900a61ec90 code [0x000001900a61ef20, 0x000001900a61f9b0]
Event: 0.085 Thread 0x0000019022386060  175       3       java.lang.Class::getPackageName (81 bytes)

GC Heap History (0 events):
No events

Dll operation events (5 events):
Event: 0.008 Loaded shared library C:\Users\Dell\.jdks\openjdk-22.0.1\bin\java.dll
Event: 0.032 Loaded shared library C:\Users\Dell\.jdks\openjdk-22.0.1\bin\jsvml.dll
Event: 0.059 Loaded shared library C:\Users\Dell\.jdks\openjdk-22.0.1\bin\net.dll
Event: 0.061 Loaded shared library C:\Users\Dell\.jdks\openjdk-22.0.1\bin\nio.dll
Event: 0.065 Loaded shared library C:\Users\Dell\.jdks\openjdk-22.0.1\bin\zip.dll

Deoptimization events (0 events):
No events

Classes loaded (18 events):
Event: 0.029 Loading class sun/nio/cs/UTF_8$Encoder
Event: 0.029 Loading class sun/nio/cs/UTF_8$Encoder done
Event: 0.068 Loading class jdk/internal/module/ModuleInfo
Event: 0.068 Loading class jdk/internal/module/ModuleInfo done
Event: 0.068 Loading class jdk/internal/module/ModuleInfo$CountingDataInput
Event: 0.068 Loading class jdk/internal/module/ModuleInfo$CountingDataInput done
Event: 0.070 Loading class jdk/internal/module/ModuleInfo$ConstantPool
Event: 0.070 Loading class jdk/internal/module/ModuleInfo$ConstantPool done
Event: 0.070 Loading class jdk/internal/module/ModuleInfo$ConstantPool$Entry
Event: 0.070 Loading class jdk/internal/module/ModuleInfo$ConstantPool$Entry done
Event: 0.070 Loading class jdk/internal/module/ModuleInfo$ConstantPool$IndexEntry
Event: 0.070 Loading class jdk/internal/module/ModuleInfo$ConstantPool$IndexEntry done
Event: 0.070 Loading class jdk/internal/module/ModuleInfo$ConstantPool$ValueEntry
Event: 0.070 Loading class jdk/internal/module/ModuleInfo$ConstantPool$ValueEntry done
Event: 0.080 Loading class java/util/WeakHashMap$KeyIterator
Event: 0.080 Loading class java/util/WeakHashMap$HashIterator
Event: 0.080 Loading class java/util/WeakHashMap$HashIterator done
Event: 0.080 Loading class java/util/WeakHashMap$KeyIterator done

Classes unloaded (0 events):
No events

Classes redefined (0 events):
No events

Internal exceptions (0 events):
No events

ZGC Phase Switch (0 events):
No events

VM Operations (2 events):
Event: 0.082 Executing VM operation: HandshakeAllThreads (Deoptimize)
Event: 0.082 Executing VM operation: HandshakeAllThreads (Deoptimize) done

Events (12 events):
Event: 0.021 Thread 0x00000190022af830 Thread added: 0x00000190022af830
Event: 0.030 Thread 0x000001902220edb0 Thread added: 0x000001902220edb0
Event: 0.030 Thread 0x0000019022210920 Thread added: 0x0000019022210920
Event: 0.030 Thread 0x00000190222174a0 Thread added: 0x00000190222174a0
Event: 0.030 Thread 0x0000019022218710 Thread added: 0x0000019022218710
Event: 0.030 Thread 0x000001902221b500 Thread added: 0x000001902221b500
Event: 0.031 Thread 0x000001902221ae70 Thread added: 0x000001902221ae70
Event: 0.031 Thread 0x000001902222cb10 Thread added: 0x000001902222cb10
Event: 0.031 Thread 0x000001902222d1d0 Thread added: 0x000001902222d1d0
Event: 0.032 Thread 0x0000019022386060 Thread added: 0x0000019022386060
Event: 0.033 Thread 0x000001902240bfa0 Thread added: 0x000001902240bfa0
Event: 0.055 Thread 0x0000019022218080 Thread added: 0x0000019022218080


Dynamic libraries:
0x00007ff691ba0000 - 0x00007ff691bae000 	C:\Users\Dell\.jdks\openjdk-22.0.1\bin\java.exe
0x00007ff8a5090000 - 0x00007ff8a52a7000 	C:\Windows\SYSTEM32\ntdll.dll
0x00007ff8a3450000 - 0x00007ff8a3514000 	C:\Windows\System32\KERNEL32.DLL
0x00007ff8a2460000 - 0x00007ff8a2819000 	C:\Windows\System32\KERNELBASE.dll
0x00007ff8a2960000 - 0x00007ff8a2a71000 	C:\Windows\System32\ucrtbase.dll
0x00007ff884230000 - 0x00007ff884247000 	C:\Users\Dell\.jdks\openjdk-22.0.1\bin\jli.dll
0x00007ff86f510000 - 0x00007ff86f52b000 	C:\Users\Dell\.jdks\openjdk-22.0.1\bin\VCRUNTIME140.dll
0x00007ff8a4cc0000 - 0x00007ff8a4e6e000 	C:\Windows\System32\USER32.dll
0x00007ff8a2400000 - 0x00007ff8a2426000 	C:\Windows\System32\win32u.dll
0x00007ff8a3340000 - 0x00007ff8a3369000 	C:\Windows\System32\GDI32.dll
0x00007ff886a80000 - 0x00007ff886d12000 	C:\Windows\WinSxS\amd64_microsoft.windows.common-controls_6595b64144ccf1df_6.0.22621.4391_none_2715d37f73803e96\COMCTL32.dll
0x00007ff8a2c90000 - 0x00007ff8a2dab000 	C:\Windows\System32\gdi32full.dll
0x00007ff8a2bf0000 - 0x00007ff8a2c8a000 	C:\Windows\System32\msvcp_win.dll
0x00007ff8a3080000 - 0x00007ff8a3127000 	C:\Windows\System32\msvcrt.dll
0x00007ff8a3410000 - 0x00007ff8a3441000 	C:\Windows\System32\IMM32.DLL
0x00007ff884290000 - 0x00007ff88429c000 	C:\Users\Dell\.jdks\openjdk-22.0.1\bin\vcruntime140_1.dll
0x00007ff850050000 - 0x00007ff8500de000 	C:\Users\Dell\.jdks\openjdk-22.0.1\bin\msvcp140.dll
0x00007ff80a240000 - 0x00007ff80af87000 	C:\Users\Dell\.jdks\openjdk-22.0.1\bin\server\jvm.dll
0x00007ff8a4140000 - 0x00007ff8a41f2000 	C:\Windows\System32\ADVAPI32.dll
0x00007ff8a3c90000 - 0x00007ff8a3d37000 	C:\Windows\System32\sechost.dll
0x00007ff8a2430000 - 0x00007ff8a2458000 	C:\Windows\System32\bcrypt.dll
0x00007ff8a31d0000 - 0x00007ff8a32e4000 	C:\Windows\System32\RPCRT4.dll
0x00007ff8a43c0000 - 0x00007ff8a4431000 	C:\Windows\System32\WS2_32.dll
0x00007ff89a500000 - 0x00007ff89a534000 	C:\Windows\SYSTEM32\WINMM.dll
0x00007ff8a11e0000 - 0x00007ff8a122d000 	C:\Windows\SYSTEM32\POWRPROF.dll
0x00007ff89b2c0000 - 0x00007ff89b2ca000 	C:\Windows\SYSTEM32\VERSION.dll
0x00007ff8a11c0000 - 0x00007ff8a11d3000 	C:\Windows\SYSTEM32\UMPDC.dll
0x00007ff8a1480000 - 0x00007ff8a1498000 	C:\Windows\SYSTEM32\kernel.appcore.dll
0x00007ff883f00000 - 0x00007ff883f0a000 	C:\Users\Dell\.jdks\openjdk-22.0.1\bin\jimage.dll
0x00007ff89fc50000 - 0x00007ff89fe82000 	C:\Windows\SYSTEM32\DBGHELP.DLL
0x00007ff8a3da0000 - 0x00007ff8a412f000 	C:\Windows\System32\combase.dll
0x00007ff8a4e70000 - 0x00007ff8a4f47000 	C:\Windows\System32\OLEAUT32.dll
0x00007ff892070000 - 0x00007ff8920a2000 	C:\Windows\SYSTEM32\dbgcore.DLL
0x00007ff8a28e0000 - 0x00007ff8a295b000 	C:\Windows\System32\bcryptPrimitives.dll
0x00007ff8831e0000 - 0x00007ff8831ef000 	C:\Users\Dell\.jdks\openjdk-22.0.1\bin\instrument.dll
0x00007ff883cd0000 - 0x00007ff883cee000 	C:\Users\Dell\.jdks\openjdk-22.0.1\bin\java.dll
0x00007ff8a4440000 - 0x00007ff8a4cb6000 	C:\Windows\System32\SHELL32.dll
0x00007ff8a3ae0000 - 0x00007ff8a3c85000 	C:\Windows\System32\ole32.dll
0x00007ff8a0290000 - 0x00007ff8a0b93000 	C:\Windows\SYSTEM32\windows.storage.dll
0x00007ff8a0150000 - 0x00007ff8a028f000 	C:\Windows\SYSTEM32\wintypes.dll
0x00007ff8a4f50000 - 0x00007ff8a5049000 	C:\Windows\System32\SHCORE.dll
0x00007ff8a3150000 - 0x00007ff8a31ae000 	C:\Windows\System32\shlwapi.dll
0x00007ff8a22c0000 - 0x00007ff8a22eb000 	C:\Windows\SYSTEM32\profapi.dll
0x00007ff84ff70000 - 0x00007ff850047000 	C:\Users\Dell\.jdks\openjdk-22.0.1\bin\jsvml.dll
0x00007ff883cc0000 - 0x00007ff883cd0000 	C:\Users\Dell\.jdks\openjdk-22.0.1\bin\net.dll
0x00007ff8a18f0000 - 0x00007ff8a1959000 	C:\Windows\system32\mswsock.dll
0x00007ff86d030000 - 0x00007ff86d046000 	C:\Users\Dell\.jdks\openjdk-22.0.1\bin\nio.dll
0x00007ff8687f0000 - 0x00007ff868807000 	C:\Users\Dell\.jdks\openjdk-22.0.1\bin\zip.dll

dbghelp: loaded successfully - version: 4.0.5 - missing functions: none
symbol engine: initialized successfully - sym options: 0x614 - pdb path: .;C:\Users\Dell\.jdks\openjdk-22.0.1\bin;C:\Windows\SYSTEM32;C:\Windows\WinSxS\amd64_microsoft.windows.common-controls_6595b64144ccf1df_6.0.22621.4391_none_2715d37f73803e96;C:\Users\Dell\.jdks\openjdk-22.0.1\bin\server

VM Arguments:
jvm_args: -javaagent:C:\Users\Dell\AppData\Local\Programs\IntelliJ IDEA Ultimate 2024.2.4\lib\idea_rt.jar=59921:C:\Users\Dell\AppData\Local\Programs\IntelliJ IDEA Ultimate 2024.2.4\bin -Dfile.encoding=UTF-8 -Dsun.stdout.encoding=UTF-8 -Dsun.stderr.encoding=UTF-8 --module-path=C:\Users\Dell\.m2\repository\org\openjfx\javafx-fxml\23.0.1\javafx-fxml-23.0.1-win.jar;C:\Users\Dell\.m2\repository\io\github\cdimascio\java-dotenv\5.2.2\java-dotenv-5.2.2.jar;C:\Users\Dell\.m2\repository\org\openjfx\javafx-base\23.0.1\javafx-base-23.0.1-win.jar;C:\Users\Dell\.m2\repository\com\sun\mail\javax.mail\1.6.2\javax.mail-1.6.2.jar;C:\Users\Dell\.m2\repository\com\squareup\okhttp3\okhttp\4.9.3\okhttp-4.9.3.jar;C:\Users\Dell\.m2\repository\org\openjfx\javafx-graphics\23.0.1\javafx-graphics-23.0.1-win.jar;D:\oop\lms\target\classes;C:\Users\Dell\.m2\repository\org\openjfx\javafx-controls\23.0.1\javafx-controls-23.0.1-win.jar;C:\Users\Dell\.m2\repository\org\controlsfx\controlsfx\11.2.1\controlsfx-11.2.1.jar;C:\Users\Dell\.m2\repository\com\google\code\gson\gson\2.10.1\gson-2.10.1.jar;C:\Users\Dell\.m2\repository\com\mysql\mysql-connector-j\8.0.32\mysql-connector-j-8.0.32.jar -Djdk.module.main=edu.lms 
java_command: edu.lms/edu.lms.LibraryManagementApplication
java_class_path (initial): C:\Users\Dell\.m2\repository\org\openjfx\javafx-controls\23.0.1\javafx-controls-23.0.1.jar;C:\Users\Dell\.m2\repository\org\openjfx\javafx-graphics\23.0.1\javafx-graphics-23.0.1.jar;C:\Users\Dell\.m2\repository\org\openjfx\javafx-base\23.0.1\javafx-base-23.0.1.jar;C:\Users\Dell\.m2\repository\org\openjfx\javafx-fxml\23.0.1\javafx-fxml-23.0.1.jar;C:\Users\Dell\.m2\repository\org\jetbrains\kotlin\kotlin-stdlib\1.4.0\kotlin-stdlib-1.4.0.jar;C:\Users\Dell\.m2\repository\org\jetbrains\kotlin\kotlin-stdlib-common\1.4.0\kotlin-stdlib-common-1.4.0.jar;C:\Users\Dell\.m2\repository\org\jetbrains\annotations\13.0\annotations-13.0.jar;C:\Users\Dell\.m2\repository\com\squareup\okio\okio\2.8.0\okio-2.8.0.jar;C:\Users\Dell\.m2\repository\com\google\protobuf\protobuf-java\3.21.9\protobuf-java-3.21.9.jar;C:\Users\Dell\.m2\repository\javax\activation\activation\1.1\activation-1.1.jar;C:\Users\Dell\.m2\repository\org\json\json\20240303\json-20240303.jar
Launcher Type: SUN_STANDARD

[Global flags]
     intx CICompilerCount                          = 12                                        {product} {ergonomic}
     uint ConcGCThreads                            = 4                                         {product} {ergonomic}
     uint G1ConcRefinementThreads                  = 15                                        {product} {ergonomic}
   size_t G1HeapRegionSize                         = 2097152                                   {product} {ergonomic}
   size_t InitialHeapSize                          = 264241152                                 {product} {ergonomic}
   size_t MarkStackSize                            = 4194304                                   {product} {ergonomic}
   size_t MaxHeapSize                              = 4213178368                                {product} {ergonomic}
   size_t MaxNewSize                               = 2527068160                                {product} {ergonomic}
   size_t MinHeapDeltaBytes                        = 2097152                                   {product} {ergonomic}
   size_t MinHeapSize                              = 8388608                                   {product} {ergonomic}
    uintx NonNMethodCodeHeapSize                   = 7602480                                {pd product} {ergonomic}
    uintx NonProfiledCodeHeapSize                  = 122027880                              {pd product} {ergonomic}
    uintx ProfiledCodeHeapSize                     = 122027880                              {pd product} {ergonomic}
    uintx ReservedCodeCacheSize                    = 251658240                              {pd product} {ergonomic}
     bool SegmentedCodeCache                       = true                                      {product} {ergonomic}
   size_t SoftMaxHeapSize                          = 4213178368                             {manageable} {ergonomic}
     bool UseCompressedOops                        = true                           {product lp64_product} {ergonomic}
     bool UseG1GC                                  = true                                      {product} {ergonomic}
     bool UseLargePagesIndividualAllocation        = false                                  {pd product} {ergonomic}

Logging:
Log output configuration:
 #0: stdout all=warning uptime,level,tags foldmultilines=false
 #1: stderr all=off uptime,level,tags foldmultilines=false

Environment Variables:
PATH=C:\Program Files\Common Files\Oracle\Java\javapath;C:\Program Files (x86)\Common Files\Oracle\Java\java8path;C:\Program Files (x86)\Common Files\Oracle\Java\javapath;C:\Windows\system32;C:\Windows;C:\Windows\System32\Wbem;C:\Windows\System32\WindowsPowerShell\v1.0\;C:\Windows\System32\OpenSSH\;C:\Program Files (x86)\NVIDIA Corporation\PhysX\Common;C:\Program Files\NVIDIA Corporation\NVIDIA NvDLISR;C:\msys64\mingw64\bin;C:\Program Files (x86)\Windows Kits\10\Windows Performance Toolkit\;D:\Git\cmd;C:\Program Files\Amazon\AWSCLIV2\;C:\Program Files\dotnet\;C:\Users\Dell\AppData\Local\Programs\Python\Launcher\;C:\Users\Dell\AppData\Local\Microsoft\WindowsApps;C:\Users\Dell\AppData\Local\Programs\Microsoft VS Code\bin;C:\winlibs-x86_64-posix-seh-gcc-12.1.0-mingw-w64msvcrt-10.0.0-r3\mingw64\bin;C:\msys64\ucrt64\bin;C:\Users\Dell\AppData\Local\GitHubDesktop\bin;C:\Program Files\JetBrains\DataGrip 2024.2.2\bin;;C:\Users\Dell\AppData\Local\Muse Hub\lib;C:\Users\Dell\Desktop\Java\apache-maven-3.9.9\bin;
USERNAME=Dell
OS=Windows_NT
PROCESSOR_IDENTIFIER=Intel64 Family 6 Model 154 Stepping 3, GenuineIntel
TMP=C:\Users\Dell\AppData\Local\Temp
TEMP=C:\Users\Dell\AppData\Local\Temp




Periodic native trim disabled

---------------  S Y S T E M  ---------------

OS:
 Windows 11 , 64 bit Build 22621 (10.0.22621.4391)
OS uptime: 0 days 4:32 hours
Hyper-V role detected

CPU: total 20 (initial active 20) (10 cores per cpu, 2 threads per core) family 6 model 154 stepping 3 microcode 0x435, cx8, cmov, fxsr, ht, mmx, 3dnowpref, sse, sse2, sse3, ssse3, sse4.1, sse4.2, popcnt, lzcnt, tsc, tscinvbit, avx, avx2, aes, erms, clmul, bmi1, bmi2, adx, sha, fma, vzeroupper, clflush, clflushopt, clwb, hv, serialize, rdtscp, rdpid, fsrm, f16c, cet_ibt, cet_ss
Processor Information for processor 0
  Max Mhz: 2300, Current Mhz: 2300, Mhz Limit: 2300
Processor Information for processor 1
  Max Mhz: 2300, Current Mhz: 2300, Mhz Limit: 2300
Processor Information for processor 2
  Max Mhz: 2300, Current Mhz: 2300, Mhz Limit: 2300
Processor Information for processor 3
  Max Mhz: 2300, Current Mhz: 2300, Mhz Limit: 2300
Processor Information for processor 4
  Max Mhz: 2300, Current Mhz: 2300, Mhz Limit: 2300
Processor Information for processor 5
  Max Mhz: 2300, Current Mhz: 2300, Mhz Limit: 2300
Processor Information for processor 6
  Max Mhz: 2300, Current Mhz: 2300, Mhz Limit: 2300
Processor Information for processor 7
  Max Mhz: 2300, Current Mhz: 2300, Mhz Limit: 2300
Processor Information for processor 8
  Max Mhz: 2300, Current Mhz: 2300, Mhz Limit: 2300
Processor Information for processor 9
  Max Mhz: 2300, Current Mhz: 2300, Mhz Limit: 2300
Processor Information for processor 10
  Max Mhz: 2300, Current Mhz: 2300, Mhz Limit: 2300
Processor Information for processor 11
  Max Mhz: 2300, Current Mhz: 2300, Mhz Limit: 2300
Processor Information for processor 12
  Max Mhz: 2300, Current Mhz: 1700, Mhz Limit: 1679
Processor Information for processor 13
  Max Mhz: 2300, Current Mhz: 1700, Mhz Limit: 1679
Processor Information for processor 14
  Max Mhz: 2300, Current Mhz: 1700, Mhz Limit: 1679
Processor Information for processor 15
  Max Mhz: 2300, Current Mhz: 1700, Mhz Limit: 1679
Processor Information for processor 16
  Max Mhz: 2300, Current Mhz: 1500, Mhz Limit: 1679
Processor Information for processor 17
  Max Mhz: 2300, Current Mhz: 1700, Mhz Limit: 1679
Processor Information for processor 18
  Max Mhz: 2300, Current Mhz: 1700, Mhz Limit: 1679
Processor Information for processor 19
  Max Mhz: 2300, Current Mhz: 1700, Mhz Limit: 1679

Memory: 4k page, system-wide physical 16068M (2515M free)
TotalPageFile size 20068M (AvailPageFile size 0M)
current process WorkingSet (physical memory assigned to process): 37M, peak: 37M
current process commit charge ("private bytes"): 351M, peak: 351M

vm_info: OpenJDK 64-Bit Server VM (22.0.1+8-16) for windows-amd64 JRE (22.0.1+8-16), built on 2024-03-12T10:33:16Z by "mach5one" with MS VC++ 17.6 (VS2022)

END.
