#
# There is insufficient memory for the Java Runtime Environment to continue.
# Native memory allocation (mmap) failed to map 264241152 bytes. Error detail: G1 virtual space
# Possible reasons:
#   The system is out of physical RAM or swap space
#   This process is running with CompressedOops enabled, and the Java Heap may be blocking the growth of the native heap
# Possible solutions:
#   Reduce memory load on the system
#   Increase physical memory or swap space
#   Check if swap backing store is full
#   Decrease Java heap size (-Xmx/-Xms)
#   Decrease number of Java threads
#   Decrease Java thread stack sizes (-Xss)
#   Set larger code cache with -XX:ReservedCodeCacheSize=
#   JVM is running with Zero Based Compressed Oops mode in which the Java heap is
#     placed in the first 32GB address space. The Java Heap base address is the
#     maximum limit for the native heap growth. Please use -XX:HeapBaseMinAddress
#     to set the Java Heap base and to place the Java Heap above 32GB virtual address.
# This output file may be truncated or incomplete.
#
#  Out of Memory Error (os_windows.cpp:3631), pid=17288, tid=16340
#
# JRE version:  (22.0.1+8) (build )
# Java VM: OpenJDK 64-Bit Server VM (22.0.1+8-16, mixed mode, sharing, tiered, compressed oops, compressed class ptrs, g1 gc, windows-amd64)
# No core dump will be written. Minidumps are not enabled by default on client versions of Windows
#

---------------  S U M M A R Y ------------

Command Line: -javaagent:C:\Users\Dell\AppData\Local\Programs\IntelliJ IDEA Ultimate 2024.2.4\lib\idea_rt.jar=55642:C:\Users\Dell\AppData\Local\Programs\IntelliJ IDEA Ultimate 2024.2.4\bin -Dfile.encoding=UTF-8 -Dsun.stdout.encoding=UTF-8 -Dsun.stderr.encoding=UTF-8 --module-path=C:\Users\Dell\.m2\repository\org\openjfx\javafx-controls\23.0.1\javafx-controls-23.0.1-win.jar;C:\Users\Dell\.m2\repository\com\sun\mail\javax.mail\1.6.2\javax.mail-1.6.2.jar;C:\Users\Dell\.m2\repository\com\squareup\okhttp3\okhttp\4.9.3\okhttp-4.9.3.jar;C:\Users\Dell\.m2\repository\io\github\cdimascio\java-dotenv\5.2.2\java-dotenv-5.2.2.jar;C:\Users\Dell\.m2\repository\org\openjfx\javafx-base\23.0.1\javafx-base-23.0.1-win.jar;C:\Users\Dell\.m2\repository\com\mysql\mysql-connector-j\8.0.32\mysql-connector-j-8.0.32.jar;C:\Users\Dell\.m2\repository\com\google\code\gson\gson\2.10.1\gson-2.10.1.jar;C:\Users\Dell\.m2\repository\org\controlsfx\controlsfx\11.2.1\controlsfx-11.2.1.jar;D:\oop\lms\target\classes;C:\Users\Dell\.m2\repository\org\openjfx\javafx-graphics\23.0.1\javafx-graphics-23.0.1-win.jar;C:\Users\Dell\.m2\repository\org\openjfx\javafx-fxml\23.0.1\javafx-fxml-23.0.1-win.jar -Djdk.module.main=edu.lms edu.lms/edu.lms.LibraryManagementApplication

Host: 12th Gen Intel(R) Core(TM) i7-12700H, 20 cores, 15G,  Windows 11 , 64 bit Build 22621 (10.0.22621.4391)
Time: Sat Nov 23 22:00:51 2024 SE Asia Standard Time elapsed time: 0.015483 seconds (0d 0h 0m 0s)

---------------  T H R E A D  ---------------

Current thread (0x0000023e3c191920):  JavaThread "Unknown thread" [_thread_in_vm, id=16340, stack(0x000000e600900000,0x000000e600a00000) (1024K)]

Stack: [0x000000e600900000,0x000000e600a00000]
Native frames: (J=compiled Java code, j=interpreted, Vv=VM code, C=native code)
V  [jvm.dll+0x6e2279]  (no source info available)
V  [jvm.dll+0x874e33]  (no source info available)
V  [jvm.dll+0x87725e]  (no source info available)
V  [jvm.dll+0x877933]  (no source info available)
V  [jvm.dll+0x27fd76]  (no source info available)
V  [jvm.dll+0x6de915]  (no source info available)
V  [jvm.dll+0x6d341a]  (no source info available)
V  [jvm.dll+0x3589da]  (no source info available)
V  [jvm.dll+0x360f06]  (no source info available)
V  [jvm.dll+0x3b3e2e]  (no source info available)
V  [jvm.dll+0x3b40d8]  (no source info available)
V  [jvm.dll+0x32c59c]  (no source info available)
V  [jvm.dll+0x32d158]  (no source info available)
V  [jvm.dll+0x83ccdc]  (no source info available)
V  [jvm.dll+0x3c0d71]  (no source info available)
V  [jvm.dll+0x825ccc]  (no source info available)
V  [jvm.dll+0x45b8fe]  (no source info available)
V  [jvm.dll+0x45d781]  (no source info available)
C  [jli.dll+0x52a3]  (no source info available)
C  [ucrtbase.dll+0x29333]  (no source info available)
C  [KERNEL32.DLL+0x1259d]  (no source info available)
C  [ntdll.dll+0x5af38]  (no source info available)


---------------  P R O C E S S  ---------------

Threads class SMR info:
_java_thread_list=0x00007ffeb93fb1c8, length=0, elements={
}

Java Threads: ( => current thread )
Total: 0

Other Threads:
  0x0000023e3c1fa1b0 WorkerThread "GC Thread#0"                     [id=22692, stack(0x000000e600a00000,0x000000e600b00000) (1024K)]
  0x0000023e3c20abb0 ConcurrentGCThread "G1 Main Marker"            [id=27420, stack(0x000000e600b00000,0x000000e600c00000) (1024K)]
  0x0000023e3c20c5d0 WorkerThread "G1 Conc#0"                       [id=28368, stack(0x000000e600c00000,0x000000e600d00000) (1024K)]

[error occurred during error reporting (printing all threads), id 0xc0000005, EXCEPTION_ACCESS_VIOLATION (0xc0000005) at pc=0x00007ffeb8b4f367]
VM state: not at safepoint (not fully initialized)

VM Mutex/Monitor currently owned by a thread:  ([mutex/lock_event])
[0x00007ffeb947bcb8] Heap_lock - owner thread: 0x0000023e3c191920

Heap address: 0x0000000704e00000, size: 4018 MB, Compressed Oops mode: Zero based, Oop shift amount: 3

CDS archive(s) mapped at: [0x0000000000000000-0x0000000000000000-0x0000000000000000), size 0, SharedBaseAddress: 0x0000000800000000, ArchiveRelocationMode: 1.
Narrow klass base: 0x0000000000000000, Narrow klass shift: 0, Narrow klass range: 0x0

GC Precious Log:
 CardTable entry size: 512
 Card Set container configuration: InlinePtr #cards 4 size 8 Array Of Cards #cards 16 size 48 Howl #buckets 8 coarsen threshold 3686 Howl Bitmap #cards 512 size 80 coarsen threshold 460 Card regions per heap region 1 cards per card region 4096

Heap:
 garbage-first heap   total reserved 4114432K, committed 0K, used 0K [0x0000000704e00000, 0x0000000800000000)
  region size 2048K, 0 young (0K), 0 survivors (0K)

[error occurred during error reporting (printing heap information), id 0xc0000005, EXCEPTION_ACCESS_VIOLATION (0xc0000005) at pc=0x00007ffeb8f4e429]
GC Heap History (0 events):
No events

Dll operation events (1 events):
Event: 0.012 Loaded shared library C:\Users\Dell\.jdks\openjdk-22.0.1\bin\java.dll

Deoptimization events (0 events):
No events

Classes loaded (0 events):
No events

Classes unloaded (0 events):
No events

Classes redefined (0 events):
No events

Internal exceptions (0 events):
No events

ZGC Phase Switch (0 events):
No events

VM Operations (0 events):
No events

Events (0 events):
No events


Dynamic libraries:
0x00007ff721160000 - 0x00007ff72116e000 	C:\Users\Dell\.jdks\openjdk-22.0.1\bin\java.exe
0x00007fff1b1f0000 - 0x00007fff1b407000 	C:\Windows\SYSTEM32\ntdll.dll
0x00007fff19cd0000 - 0x00007fff19d94000 	C:\Windows\System32\KERNEL32.DLL
0x00007fff18590000 - 0x00007fff18949000 	C:\Windows\System32\KERNELBASE.dll
0x00007fff18df0000 - 0x00007fff18f01000 	C:\Windows\System32\ucrtbase.dll
0x00007fff0f930000 - 0x00007fff0f947000 	C:\Users\Dell\.jdks\openjdk-22.0.1\bin\jli.dll
0x00007fff19030000 - 0x00007fff191de000 	C:\Windows\System32\USER32.dll
0x00007fff18c30000 - 0x00007fff18c56000 	C:\Windows\System32\win32u.dll
0x00007fff0e7b0000 - 0x00007fff0e7cb000 	C:\Users\Dell\.jdks\openjdk-22.0.1\bin\VCRUNTIME140.dll
0x00007ffefe000000 - 0x00007ffefe292000 	C:\Windows\WinSxS\amd64_microsoft.windows.common-controls_6595b64144ccf1df_6.0.22621.4391_none_2715d37f73803e96\COMCTL32.dll
0x00007fff1a7f0000 - 0x00007fff1a819000 	C:\Windows\System32\GDI32.dll
0x00007fff192f0000 - 0x00007fff19397000 	C:\Windows\System32\msvcrt.dll
0x00007fff18cd0000 - 0x00007fff18deb000 	C:\Windows\System32\gdi32full.dll
0x00007fff184f0000 - 0x00007fff1858a000 	C:\Windows\System32\msvcp_win.dll
0x00007fff19900000 - 0x00007fff19931000 	C:\Windows\System32\IMM32.DLL
0x00007fff0e720000 - 0x00007fff0e72c000 	C:\Users\Dell\.jdks\openjdk-22.0.1\bin\vcruntime140_1.dll
0x00007ffeded40000 - 0x00007ffededce000 	C:\Users\Dell\.jdks\openjdk-22.0.1\bin\msvcp140.dll
0x00007ffeb8810000 - 0x00007ffeb9557000 	C:\Users\Dell\.jdks\openjdk-22.0.1\bin\server\jvm.dll
0x00007fff1a3c0000 - 0x00007fff1a472000 	C:\Windows\System32\ADVAPI32.dll
0x00007fff1b0a0000 - 0x00007fff1b147000 	C:\Windows\System32\sechost.dll
0x00007fff18950000 - 0x00007fff18978000 	C:\Windows\System32\bcrypt.dll
0x00007fff19940000 - 0x00007fff19a54000 	C:\Windows\System32\RPCRT4.dll
0x00007fff19c20000 - 0x00007fff19c91000 	C:\Windows\System32\WS2_32.dll
0x00007fff17340000 - 0x00007fff1738d000 	C:\Windows\SYSTEM32\POWRPROF.dll
0x00007fff110e0000 - 0x00007fff11114000 	C:\Windows\SYSTEM32\WINMM.dll
0x00007fff11540000 - 0x00007fff1154a000 	C:\Windows\SYSTEM32\VERSION.dll
0x00007fff17320000 - 0x00007fff17333000 	C:\Windows\SYSTEM32\UMPDC.dll
0x00007fff175e0000 - 0x00007fff175f8000 	C:\Windows\SYSTEM32\kernel.appcore.dll
0x00007fff0e710000 - 0x00007fff0e71a000 	C:\Users\Dell\.jdks\openjdk-22.0.1\bin\jimage.dll
0x00007fff15c00000 - 0x00007fff15e32000 	C:\Windows\SYSTEM32\DBGHELP.DLL
0x00007fff19570000 - 0x00007fff198ff000 	C:\Windows\System32\combase.dll
0x00007fff1a290000 - 0x00007fff1a367000 	C:\Windows\System32\OLEAUT32.dll
0x00007fff03c20000 - 0x00007fff03c52000 	C:\Windows\SYSTEM32\dbgcore.DLL
0x00007fff18bb0000 - 0x00007fff18c2b000 	C:\Windows\System32\bcryptPrimitives.dll
0x00007fff016e0000 - 0x00007fff016ef000 	C:\Users\Dell\.jdks\openjdk-22.0.1\bin\instrument.dll
0x00007ffeff6e0000 - 0x00007ffeff6fe000 	C:\Users\Dell\.jdks\openjdk-22.0.1\bin\java.dll
0x00007fff1a820000 - 0x00007fff1b096000 	C:\Windows\System32\SHELL32.dll
0x00007fff193c0000 - 0x00007fff19565000 	C:\Windows\System32\ole32.dll

dbghelp: loaded successfully - version: 4.0.5 - missing functions: none
symbol engine: initialized successfully - sym options: 0x614 - pdb path: .;C:\Users\Dell\.jdks\openjdk-22.0.1\bin;C:\Windows\SYSTEM32;C:\Windows\WinSxS\amd64_microsoft.windows.common-controls_6595b64144ccf1df_6.0.22621.4391_none_2715d37f73803e96;C:\Users\Dell\.jdks\openjdk-22.0.1\bin\server

VM Arguments:
jvm_args: -javaagent:C:\Users\Dell\AppData\Local\Programs\IntelliJ IDEA Ultimate 2024.2.4\lib\idea_rt.jar=55642:C:\Users\Dell\AppData\Local\Programs\IntelliJ IDEA Ultimate 2024.2.4\bin -Dfile.encoding=UTF-8 -Dsun.stdout.encoding=UTF-8 -Dsun.stderr.encoding=UTF-8 --module-path=C:\Users\Dell\.m2\repository\org\openjfx\javafx-controls\23.0.1\javafx-controls-23.0.1-win.jar;C:\Users\Dell\.m2\repository\com\sun\mail\javax.mail\1.6.2\javax.mail-1.6.2.jar;C:\Users\Dell\.m2\repository\com\squareup\okhttp3\okhttp\4.9.3\okhttp-4.9.3.jar;C:\Users\Dell\.m2\repository\io\github\cdimascio\java-dotenv\5.2.2\java-dotenv-5.2.2.jar;C:\Users\Dell\.m2\repository\org\openjfx\javafx-base\23.0.1\javafx-base-23.0.1-win.jar;C:\Users\Dell\.m2\repository\com\mysql\mysql-connector-j\8.0.32\mysql-connector-j-8.0.32.jar;C:\Users\Dell\.m2\repository\com\google\code\gson\gson\2.10.1\gson-2.10.1.jar;C:\Users\Dell\.m2\repository\org\controlsfx\controlsfx\11.2.1\controlsfx-11.2.1.jar;D:\oop\lms\target\classes;C:\Users\Dell\.m2\repository\org\openjfx\javafx-graphics\23.0.1\javafx-graphics-23.0.1-win.jar;C:\Users\Dell\.m2\repository\org\openjfx\javafx-fxml\23.0.1\javafx-fxml-23.0.1-win.jar -Djdk.module.main=edu.lms 
java_command: edu.lms/edu.lms.LibraryManagementApplication
java_class_path (initial): C:\Users\Dell\.m2\repository\org\openjfx\javafx-controls\23.0.1\javafx-controls-23.0.1.jar;C:\Users\Dell\.m2\repository\org\openjfx\javafx-graphics\23.0.1\javafx-graphics-23.0.1.jar;C:\Users\Dell\.m2\repository\org\openjfx\javafx-base\23.0.1\javafx-base-23.0.1.jar;C:\Users\Dell\.m2\repository\org\openjfx\javafx-fxml\23.0.1\javafx-fxml-23.0.1.jar;C:\Users\Dell\.m2\repository\org\jetbrains\kotlin\kotlin-stdlib\1.4.0\kotlin-stdlib-1.4.0.jar;C:\Users\Dell\.m2\repository\org\jetbrains\kotlin\kotlin-stdlib-common\1.4.0\kotlin-stdlib-common-1.4.0.jar;C:\Users\Dell\.m2\repository\org\jetbrains\annotations\13.0\annotations-13.0.jar;C:\Users\Dell\.m2\repository\com\squareup\okio\okio\2.8.0\okio-2.8.0.jar;C:\Users\Dell\.m2\repository\com\google\protobuf\protobuf-java\3.21.9\protobuf-java-3.21.9.jar;C:\Users\Dell\.m2\repository\javax\activation\activation\1.1\activation-1.1.jar;C:\Users\Dell\.m2\repository\org\json\json\20240303\json-20240303.jar
Launcher Type: SUN_STANDARD

[Global flags]
     intx CICompilerCount                          = 12                                        {product} {ergonomic}
     uint ConcGCThreads                            = 4                                         {product} {ergonomic}
     uint G1ConcRefinementThreads                  = 15                                        {product} {ergonomic}
   size_t G1HeapRegionSize                         = 2097152                                   {product} {ergonomic}
   size_t InitialHeapSize                          = 264241152                                 {product} {ergonomic}
   size_t MarkStackSize                            = 4194304                                   {product} {ergonomic}
   size_t MaxHeapSize                              = 4213178368                                {product} {ergonomic}
   size_t MinHeapDeltaBytes                        = 2097152                                   {product} {ergonomic}
   size_t MinHeapSize                              = 8388608                                   {product} {ergonomic}
    uintx NonNMethodCodeHeapSize                   = 7602480                                {pd product} {ergonomic}
    uintx NonProfiledCodeHeapSize                  = 122027880                              {pd product} {ergonomic}
    uintx ProfiledCodeHeapSize                     = 122027880                              {pd product} {ergonomic}
    uintx ReservedCodeCacheSize                    = 251658240                              {pd product} {ergonomic}
     bool SegmentedCodeCache                       = true                                      {product} {ergonomic}
   size_t SoftMaxHeapSize                          = 4213178368                             {manageable} {ergonomic}
     bool UseCompressedOops                        = true                           {product lp64_product} {ergonomic}
     bool UseG1GC                                  = true                                      {product} {ergonomic}
     bool UseLargePagesIndividualAllocation        = false                                  {pd product} {ergonomic}

Logging:
Log output configuration:
 #0: stdout all=warning uptime,level,tags foldmultilines=false
 #1: stderr all=off uptime,level,tags foldmultilines=false

Environment Variables:
PATH=C:\Program Files\Common Files\Oracle\Java\javapath;C:\Program Files (x86)\Common Files\Oracle\Java\java8path;C:\Program Files (x86)\Common Files\Oracle\Java\javapath;C:\Windows\system32;C:\Windows;C:\Windows\System32\Wbem;C:\Windows\System32\WindowsPowerShell\v1.0\;C:\Windows\System32\OpenSSH\;C:\Program Files (x86)\NVIDIA Corporation\PhysX\Common;C:\Program Files\NVIDIA Corporation\NVIDIA NvDLISR;C:\msys64\mingw64\bin;C:\Program Files (x86)\Windows Kits\10\Windows Performance Toolkit\;D:\Git\cmd;C:\Program Files\Amazon\AWSCLIV2\;C:\Program Files\dotnet\;C:\Users\Dell\AppData\Local\Programs\Python\Launcher\;C:\Users\Dell\AppData\Local\Microsoft\WindowsApps;C:\Users\Dell\AppData\Local\Programs\Microsoft VS Code\bin;C:\winlibs-x86_64-posix-seh-gcc-12.1.0-mingw-w64msvcrt-10.0.0-r3\mingw64\bin;C:\msys64\ucrt64\bin;C:\Users\Dell\AppData\Local\GitHubDesktop\bin;C:\Program Files\JetBrains\DataGrip 2024.2.2\bin;;C:\Users\Dell\AppData\Local\Muse Hub\lib;C:\Users\Dell\Desktop\Java\apache-maven-3.9.9\bin;
USERNAME=Dell
OS=Windows_NT
PROCESSOR_IDENTIFIER=Intel64 Family 6 Model 154 Stepping 3, GenuineIntel
TMP=C:\Users\Dell\AppData\Local\Temp
TEMP=C:\Users\Dell\AppData\Local\Temp




Periodic native trim disabled

---------------  S Y S T E M  ---------------

OS:
 Windows 11 , 64 bit Build 22621 (10.0.22621.4391)
OS uptime: 0 days 3:36 hours
Hyper-V role detected

CPU: total 20 (initial active 20) (10 cores per cpu, 2 threads per core) family 6 model 154 stepping 3 microcode 0x435, cx8, cmov, fxsr, ht, mmx, 3dnowpref, sse, sse2, sse3, ssse3, sse4.1, sse4.2, popcnt, lzcnt, tsc, tscinvbit, avx, avx2, aes, erms, clmul, bmi1, bmi2, adx, sha, fma, vzeroupper, clflush, clflushopt, clwb, hv, serialize, rdtscp, rdpid, fsrm, f16c, cet_ibt, cet_ss
Processor Information for processor 0
  Max Mhz: 2300, Current Mhz: 2300, Mhz Limit: 2300
Processor Information for processor 1
  Max Mhz: 2300, Current Mhz: 2300, Mhz Limit: 2300
Processor Information for processor 2
  Max Mhz: 2300, Current Mhz: 2300, Mhz Limit: 2300
Processor Information for processor 3
  Max Mhz: 2300, Current Mhz: 2300, Mhz Limit: 2300
Processor Information for processor 4
  Max Mhz: 2300, Current Mhz: 2300, Mhz Limit: 2300
Processor Information for processor 5
  Max Mhz: 2300, Current Mhz: 2300, Mhz Limit: 2300
Processor Information for processor 6
  Max Mhz: 2300, Current Mhz: 2300, Mhz Limit: 2300
Processor Information for processor 7
  Max Mhz: 2300, Current Mhz: 2300, Mhz Limit: 2300
Processor Information for processor 8
  Max Mhz: 2300, Current Mhz: 2300, Mhz Limit: 2300
Processor Information for processor 9
  Max Mhz: 2300, Current Mhz: 2300, Mhz Limit: 2300
Processor Information for processor 10
  Max Mhz: 2300, Current Mhz: 2300, Mhz Limit: 2300
Processor Information for processor 11
  Max Mhz: 2300, Current Mhz: 2300, Mhz Limit: 2300
Processor Information for processor 12
  Max Mhz: 2300, Current Mhz: 1500, Mhz Limit: 1679
Processor Information for processor 13
  Max Mhz: 2300, Current Mhz: 1500, Mhz Limit: 1679
Processor Information for processor 14
  Max Mhz: 2300, Current Mhz: 1500, Mhz Limit: 1679
Processor Information for processor 15
  Max Mhz: 2300, Current Mhz: 1500, Mhz Limit: 1679
Processor Information for processor 16
  Max Mhz: 2300, Current Mhz: 1700, Mhz Limit: 1679
Processor Information for processor 17
  Max Mhz: 2300, Current Mhz: 1500, Mhz Limit: 1679
Processor Information for processor 18
  Max Mhz: 2300, Current Mhz: 1700, Mhz Limit: 1679
Processor Information for processor 19
  Max Mhz: 2300, Current Mhz: 1500, Mhz Limit: 1679

Memory: 4k page, system-wide physical 16068M (620M free)
TotalPageFile size 20068M (AvailPageFile size 114M)
current process WorkingSet (physical memory assigned to process): 12M, peak: 12M
current process commit charge ("private bytes"): 75M, peak: 327M

vm_info: OpenJDK 64-Bit Server VM (22.0.1+8-16) for windows-amd64 JRE (22.0.1+8-16), built on 2024-03-12T10:33:16Z by "mach5one" with MS VC++ 17.6 (VS2022)

END.
