#
# There is insufficient memory for the Java Runtime Environment to continue.
# Native memory allocation (malloc) failed to allocate 160016 bytes. Error detail: Chunk::new
# Possible reasons:
#   The system is out of physical RAM or swap space
#   This process is running with CompressedOops enabled, and the Java Heap may be blocking the growth of the native heap
# Possible solutions:
#   Reduce memory load on the system
#   Increase physical memory or swap space
#   Check if swap backing store is full
#   Decrease Java heap size (-Xmx/-Xms)
#   Decrease number of Java threads
#   Decrease Java thread stack sizes (-Xss)
#   Set larger code cache with -XX:ReservedCodeCacheSize=
#   JVM is running with Zero Based Compressed Oops mode in which the Java heap is
#     placed in the first 32GB address space. The Java Heap base address is the
#     maximum limit for the native heap growth. Please use -XX:HeapBaseMinAddress
#     to set the Java Heap base and to place the Java Heap above 32GB virtual address.
# This output file may be truncated or incomplete.
#
#  Out of Memory Error (arena.cpp:150), pid=24884, tid=16812
#
# JRE version: OpenJDK Runtime Environment (22.0.1+8) (build 22.0.1+8-16)
# Java VM: OpenJDK 64-Bit Server VM (22.0.1+8-16, mixed mode, sharing, tiered, compressed oops, compressed class ptrs, g1 gc, windows-amd64)
# No core dump will be written. Minidumps are not enabled by default on client versions of Windows
#

---------------  S U M M A R Y ------------

Command Line: -javaagent:C:\Users\Dell\AppData\Local\Programs\IntelliJ IDEA Ultimate 2024.2.4\lib\idea_rt.jar=55689:C:\Users\Dell\AppData\Local\Programs\IntelliJ IDEA Ultimate 2024.2.4\bin -Dfile.encoding=UTF-8 -Dsun.stdout.encoding=UTF-8 -Dsun.stderr.encoding=UTF-8 --module-path=C:\Users\Dell\.m2\repository\org\openjfx\javafx-controls\23.0.1\javafx-controls-23.0.1-win.jar;C:\Users\Dell\.m2\repository\com\sun\mail\javax.mail\1.6.2\javax.mail-1.6.2.jar;C:\Users\Dell\.m2\repository\com\squareup\okhttp3\okhttp\4.9.3\okhttp-4.9.3.jar;C:\Users\Dell\.m2\repository\io\github\cdimascio\java-dotenv\5.2.2\java-dotenv-5.2.2.jar;C:\Users\Dell\.m2\repository\org\openjfx\javafx-base\23.0.1\javafx-base-23.0.1-win.jar;C:\Users\Dell\.m2\repository\com\mysql\mysql-connector-j\8.0.32\mysql-connector-j-8.0.32.jar;C:\Users\Dell\.m2\repository\com\google\code\gson\gson\2.10.1\gson-2.10.1.jar;C:\Users\Dell\.m2\repository\org\controlsfx\controlsfx\11.2.1\controlsfx-11.2.1.jar;D:\oop\lms\target\classes;C:\Users\Dell\.m2\repository\org\openjfx\javafx-graphics\23.0.1\javafx-graphics-23.0.1-win.jar;C:\Users\Dell\.m2\repository\org\openjfx\javafx-fxml\23.0.1\javafx-fxml-23.0.1-win.jar -Djdk.module.main=edu.lms edu.lms/edu.lms.LibraryManagementApplication

Host: 12th Gen Intel(R) Core(TM) i7-12700H, 20 cores, 15G,  Windows 11 , 64 bit Build 22621 (10.0.22621.4391)
Time: Sat Nov 23 22:03:27 2024 SE Asia Standard Time elapsed time: 0.212039 seconds (0d 0h 0m 0s)

---------------  T H R E A D  ---------------

Current thread (0x000001d51123c420):  JavaThread "C2 CompilerThread1" daemon [_thread_in_native, id=16812, stack(0x0000004dab400000,0x0000004dab500000) (1024K)]


Current CompileTask:
C2:212  416       4       jdk.internal.module.Checks::isTypeName (49 bytes)

Stack: [0x0000004dab400000,0x0000004dab500000]
Native frames: (J=compiled Java code, j=interpreted, Vv=VM code, C=native code)
V  [jvm.dll+0x6e2279]  (no source info available)
V  [jvm.dll+0x874e33]  (no source info available)
V  [jvm.dll+0x87725e]  (no source info available)
V  [jvm.dll+0x877933]  (no source info available)
V  [jvm.dll+0x27fd76]  (no source info available)
V  [jvm.dll+0xc3d0f]  (no source info available)
V  [jvm.dll+0xc3f6b]  (no source info available)
V  [jvm.dll+0x3bb0d2]  (no source info available)
V  [jvm.dll+0x1df51c]  (no source info available)
V  [jvm.dll+0x247a5c]  (no source info available)
V  [jvm.dll+0x246fbf]  (no source info available)
V  [jvm.dll+0x1c4e90]  (no source info available)
V  [jvm.dll+0x2569fe]  (no source info available)
V  [jvm.dll+0x254cba]  (no source info available)
V  [jvm.dll+0x3f5336]  (no source info available)
V  [jvm.dll+0x81d44b]  (no source info available)
V  [jvm.dll+0x6e0915]  (no source info available)
C  [ucrtbase.dll+0x29333]  (no source info available)
C  [KERNEL32.DLL+0x1259d]  (no source info available)
C  [ntdll.dll+0x5af38]  (no source info available)


---------------  P R O C E S S  ---------------

Threads class SMR info:
_java_thread_list=0x000001d511224770, length=17, elements={
0x000001d4abcbf1a0, 0x000001d4cbc06cc0, 0x000001d4cbc08d30, 0x000001d4cbc0dad0,
0x000001d4cbc10540, 0x000001d4cbc13fd0, 0x000001d4cbc14cb0, 0x000001d4cbc15a40,
0x000001d4cbc20fa0, 0x000001d4cbc2e4a0, 0x000001d5110c17c0, 0x000001d5111a8870,
0x000001d51123c420, 0x000001d511238820, 0x000001d51123aa20, 0x000001d51123b0e0,
0x000001d51123b7a0
}

Java Threads: ( => current thread )
  0x000001d4abcbf1a0 JavaThread "main"                              [_thread_in_vm, id=21656, stack(0x0000004daa100000,0x0000004daa200000) (1024K)]
  0x000001d4cbc06cc0 JavaThread "Reference Handler"          daemon [_thread_blocked, id=26136, stack(0x0000004daa900000,0x0000004daaa00000) (1024K)]
  0x000001d4cbc08d30 JavaThread "Finalizer"                  daemon [_thread_blocked, id=28500, stack(0x0000004daaa00000,0x0000004daab00000) (1024K)]
  0x000001d4cbc0dad0 JavaThread "Signal Dispatcher"          daemon [_thread_blocked, id=9100, stack(0x0000004daab00000,0x0000004daac00000) (1024K)]
  0x000001d4cbc10540 JavaThread "Attach Listener"            daemon [_thread_blocked, id=15600, stack(0x0000004daac00000,0x0000004daad00000) (1024K)]
  0x000001d4cbc13fd0 JavaThread "Service Thread"             daemon [_thread_blocked, id=9916, stack(0x0000004daad00000,0x0000004daae00000) (1024K)]
  0x000001d4cbc14cb0 JavaThread "Monitor Deflation Thread"   daemon [_thread_blocked, id=11100, stack(0x0000004daae00000,0x0000004daaf00000) (1024K)]
  0x000001d4cbc15a40 JavaThread "C2 CompilerThread0"         daemon [_thread_in_native, id=21872, stack(0x0000004daaf00000,0x0000004dab000000) (1024K)]
  0x000001d4cbc20fa0 JavaThread "C1 CompilerThread0"         daemon [_thread_blocked, id=18060, stack(0x0000004dab000000,0x0000004dab100000) (1024K)]
  0x000001d4cbc2e4a0 JavaThread "C1 CompilerThread1"         daemon [_thread_blocked, id=25424, stack(0x0000004dab100000,0x0000004dab200000) (1024K)]
  0x000001d5110c17c0 JavaThread "C1 CompilerThread2"         daemon [_thread_blocked, id=23072, stack(0x0000004dab200000,0x0000004dab300000) (1024K)]
  0x000001d5111a8870 JavaThread "Common-Cleaner"             daemon [_thread_blocked, id=27732, stack(0x0000004dab300000,0x0000004dab400000) (1024K)]
=>0x000001d51123c420 JavaThread "C2 CompilerThread1"         daemon [_thread_in_native, id=16812, stack(0x0000004dab400000,0x0000004dab500000) (1024K)]
  0x000001d511238820 JavaThread "C2 CompilerThread2"         daemon [_thread_blocked, id=17584, stack(0x0000004dab500000,0x0000004dab600000) (1024K)]
  0x000001d51123aa20 JavaThread "C1 CompilerThread3"         daemon [_thread_in_native, id=13504, stack(0x0000004dab600000,0x0000004dab700000) (1024K)]
  0x000001d51123b0e0 JavaThread "C2 CompilerThread3"         daemon [_thread_in_native, id=25336, stack(0x0000004dab700000,0x0000004dab800000) (1024K)]
  0x000001d51123b7a0 JavaThread "C2 CompilerThread4"         daemon [_thread_in_native, id=28368, stack(0x0000004dab800000,0x0000004dab900000) (1024K)]
Total: 17

Other Threads:
  0x000001d4cbbe8830 VMThread "VM Thread"                           [id=27580, stack(0x0000004daa800000,0x0000004daa900000) (1024K)]
  0x000001d4cbbd1a60 WatcherThread "VM Periodic Task Thread"        [id=27460, stack(0x0000004daa700000,0x0000004daa800000) (1024K)]
  0x000001d4abd26c20 WorkerThread "GC Thread#0"                     [id=5364, stack(0x0000004daa200000,0x0000004daa300000) (1024K)]
  0x000001d4abd37630 ConcurrentGCThread "G1 Main Marker"            [id=25676, stack(0x0000004daa300000,0x0000004daa400000) (1024K)]
  0x000001d4abd38050 WorkerThread "G1 Conc#0"                       [id=17908, stack(0x0000004daa400000,0x0000004daa500000) (1024K)]
  0x000001d4cbaa41f0 ConcurrentGCThread "G1 Refine#0"               [id=27000, stack(0x0000004daa500000,0x0000004daa600000) (1024K)]
  0x000001d4cbaa4c80 ConcurrentGCThread "G1 Service"                [id=28416, stack(0x0000004daa600000,0x0000004daa700000) (1024K)]
Total: 7

Threads with active compile tasks:
C2 CompilerThread0  251  529       4       java.util.zip.ZipFile::getZipEntry (322 bytes)
C2 CompilerThread1  251  416       4       jdk.internal.module.Checks::isTypeName (49 bytes)
C1 CompilerThread3  251  658       3       java.util.zip.ZipFile$Source::checkExtraFields (188 bytes)
C2 CompilerThread3  251  657       4       java.lang.AbstractStringBuilder::ensureCapacityInternal (39 bytes)
C2 CompilerThread4  251  659       4       java.util.zip.ZipUtils::get16 (21 bytes)
Total: 5

VM state: not at safepoint (normal execution)

VM Mutex/Monitor currently owned by a thread: None

Heap address: 0x0000000704e00000, size: 4018 MB, Compressed Oops mode: Zero based, Oop shift amount: 3

CDS archive(s) mapped at: [0x000001d4cc000000-0x000001d4ccc50000-0x000001d4ccc50000), size 12910592, SharedBaseAddress: 0x000001d4cc000000, ArchiveRelocationMode: 1.
Compressed class space mapped at: 0x000001d4cd000000-0x000001d50d000000, reserved size: 1073741824
Narrow klass base: 0x000001d4cc000000, Narrow klass shift: 0, Narrow klass range: 0x41000000

GC Precious Log:
 CardTable entry size: 512
 Card Set container configuration: InlinePtr #cards 4 size 8 Array Of Cards #cards 16 size 48 Howl #buckets 8 coarsen threshold 3686 Howl Bitmap #cards 512 size 80 coarsen threshold 460 Card regions per heap region 1 cards per card region 4096
 CPUs: 20 total, 20 available
 Memory: 16068M
 Large Page Support: Disabled
 NUMA Support: Disabled
 Compressed Oops: Enabled (Zero based)
 Heap Region Size: 2M
 Heap Min Capacity: 8M
 Heap Initial Capacity: 252M
 Heap Max Capacity: 4018M
 Pre-touch: Disabled
 Parallel Workers: 15
 Concurrent Workers: 4
 Concurrent Refinement Workers: 15
 Periodic GC: Disabled

Heap:
 garbage-first heap   total reserved 4114432K, committed 258048K, used 10240K [0x0000000704e00000, 0x0000000800000000)
  region size 2048K, 6 young (12288K), 0 survivors (0K)
 Metaspace       used 1062K, committed 1280K, reserved 1114112K
  class space    used 85K, committed 192K, reserved 1048576K

Heap Regions: E=young(eden), S=young(survivor), O=old, HS=humongous(starts), HC=humongous(continues), CS=collection set, F=free, TAMS=top-at-mark-start, PB=parsable bottom
|   0|0x0000000704e00000, 0x0000000704e00000, 0x0000000705000000|  0%| F|  |TAMS 0x0000000704e00000| PB 0x0000000704e00000| Untracked |  0
|   1|0x0000000705000000, 0x0000000705000000, 0x0000000705200000|  0%| F|  |TAMS 0x0000000705000000| PB 0x0000000705000000| Untracked |  0
|   2|0x0000000705200000, 0x0000000705200000, 0x0000000705400000|  0%| F|  |TAMS 0x0000000705200000| PB 0x0000000705200000| Untracked |  0
|   3|0x0000000705400000, 0x0000000705400000, 0x0000000705600000|  0%| F|  |TAMS 0x0000000705400000| PB 0x0000000705400000| Untracked |  0
|   4|0x0000000705600000, 0x0000000705600000, 0x0000000705800000|  0%| F|  |TAMS 0x0000000705600000| PB 0x0000000705600000| Untracked |  0
|   5|0x0000000705800000, 0x0000000705800000, 0x0000000705a00000|  0%| F|  |TAMS 0x0000000705800000| PB 0x0000000705800000| Untracked |  0
|   6|0x0000000705a00000, 0x0000000705a00000, 0x0000000705c00000|  0%| F|  |TAMS 0x0000000705a00000| PB 0x0000000705a00000| Untracked |  0
|   7|0x0000000705c00000, 0x0000000705c00000, 0x0000000705e00000|  0%| F|  |TAMS 0x0000000705c00000| PB 0x0000000705c00000| Untracked |  0
|   8|0x0000000705e00000, 0x0000000705e00000, 0x0000000706000000|  0%| F|  |TAMS 0x0000000705e00000| PB 0x0000000705e00000| Untracked |  0
|   9|0x0000000706000000, 0x0000000706000000, 0x0000000706200000|  0%| F|  |TAMS 0x0000000706000000| PB 0x0000000706000000| Untracked |  0
|  10|0x0000000706200000, 0x0000000706200000, 0x0000000706400000|  0%| F|  |TAMS 0x0000000706200000| PB 0x0000000706200000| Untracked |  0
|  11|0x0000000706400000, 0x0000000706400000, 0x0000000706600000|  0%| F|  |TAMS 0x0000000706400000| PB 0x0000000706400000| Untracked |  0
|  12|0x0000000706600000, 0x0000000706600000, 0x0000000706800000|  0%| F|  |TAMS 0x0000000706600000| PB 0x0000000706600000| Untracked |  0
|  13|0x0000000706800000, 0x0000000706800000, 0x0000000706a00000|  0%| F|  |TAMS 0x0000000706800000| PB 0x0000000706800000| Untracked |  0
|  14|0x0000000706a00000, 0x0000000706a00000, 0x0000000706c00000|  0%| F|  |TAMS 0x0000000706a00000| PB 0x0000000706a00000| Untracked |  0
|  15|0x0000000706c00000, 0x0000000706c00000, 0x0000000706e00000|  0%| F|  |TAMS 0x0000000706c00000| PB 0x0000000706c00000| Untracked |  0
|  16|0x0000000706e00000, 0x0000000706e00000, 0x0000000707000000|  0%| F|  |TAMS 0x0000000706e00000| PB 0x0000000706e00000| Untracked |  0
|  17|0x0000000707000000, 0x0000000707000000, 0x0000000707200000|  0%| F|  |TAMS 0x0000000707000000| PB 0x0000000707000000| Untracked |  0
|  18|0x0000000707200000, 0x0000000707200000, 0x0000000707400000|  0%| F|  |TAMS 0x0000000707200000| PB 0x0000000707200000| Untracked |  0
|  19|0x0000000707400000, 0x0000000707400000, 0x0000000707600000|  0%| F|  |TAMS 0x0000000707400000| PB 0x0000000707400000| Untracked |  0
|  20|0x0000000707600000, 0x0000000707600000, 0x0000000707800000|  0%| F|  |TAMS 0x0000000707600000| PB 0x0000000707600000| Untracked |  0
|  21|0x0000000707800000, 0x0000000707800000, 0x0000000707a00000|  0%| F|  |TAMS 0x0000000707800000| PB 0x0000000707800000| Untracked |  0
|  22|0x0000000707a00000, 0x0000000707a00000, 0x0000000707c00000|  0%| F|  |TAMS 0x0000000707a00000| PB 0x0000000707a00000| Untracked |  0
|  23|0x0000000707c00000, 0x0000000707c00000, 0x0000000707e00000|  0%| F|  |TAMS 0x0000000707c00000| PB 0x0000000707c00000| Untracked |  0
|  24|0x0000000707e00000, 0x0000000707e00000, 0x0000000708000000|  0%| F|  |TAMS 0x0000000707e00000| PB 0x0000000707e00000| Untracked |  0
|  25|0x0000000708000000, 0x0000000708000000, 0x0000000708200000|  0%| F|  |TAMS 0x0000000708000000| PB 0x0000000708000000| Untracked |  0
|  26|0x0000000708200000, 0x0000000708200000, 0x0000000708400000|  0%| F|  |TAMS 0x0000000708200000| PB 0x0000000708200000| Untracked |  0
|  27|0x0000000708400000, 0x0000000708400000, 0x0000000708600000|  0%| F|  |TAMS 0x0000000708400000| PB 0x0000000708400000| Untracked |  0
|  28|0x0000000708600000, 0x0000000708600000, 0x0000000708800000|  0%| F|  |TAMS 0x0000000708600000| PB 0x0000000708600000| Untracked |  0
|  29|0x0000000708800000, 0x0000000708800000, 0x0000000708a00000|  0%| F|  |TAMS 0x0000000708800000| PB 0x0000000708800000| Untracked |  0
|  30|0x0000000708a00000, 0x0000000708a00000, 0x0000000708c00000|  0%| F|  |TAMS 0x0000000708a00000| PB 0x0000000708a00000| Untracked |  0
|  31|0x0000000708c00000, 0x0000000708c00000, 0x0000000708e00000|  0%| F|  |TAMS 0x0000000708c00000| PB 0x0000000708c00000| Untracked |  0
|  32|0x0000000708e00000, 0x0000000708e00000, 0x0000000709000000|  0%| F|  |TAMS 0x0000000708e00000| PB 0x0000000708e00000| Untracked |  0
|  33|0x0000000709000000, 0x0000000709000000, 0x0000000709200000|  0%| F|  |TAMS 0x0000000709000000| PB 0x0000000709000000| Untracked |  0
|  34|0x0000000709200000, 0x0000000709200000, 0x0000000709400000|  0%| F|  |TAMS 0x0000000709200000| PB 0x0000000709200000| Untracked |  0
|  35|0x0000000709400000, 0x0000000709400000, 0x0000000709600000|  0%| F|  |TAMS 0x0000000709400000| PB 0x0000000709400000| Untracked |  0
|  36|0x0000000709600000, 0x0000000709600000, 0x0000000709800000|  0%| F|  |TAMS 0x0000000709600000| PB 0x0000000709600000| Untracked |  0
|  37|0x0000000709800000, 0x0000000709800000, 0x0000000709a00000|  0%| F|  |TAMS 0x0000000709800000| PB 0x0000000709800000| Untracked |  0
|  38|0x0000000709a00000, 0x0000000709a00000, 0x0000000709c00000|  0%| F|  |TAMS 0x0000000709a00000| PB 0x0000000709a00000| Untracked |  0
|  39|0x0000000709c00000, 0x0000000709c00000, 0x0000000709e00000|  0%| F|  |TAMS 0x0000000709c00000| PB 0x0000000709c00000| Untracked |  0
|  40|0x0000000709e00000, 0x0000000709e00000, 0x000000070a000000|  0%| F|  |TAMS 0x0000000709e00000| PB 0x0000000709e00000| Untracked |  0
|  41|0x000000070a000000, 0x000000070a000000, 0x000000070a200000|  0%| F|  |TAMS 0x000000070a000000| PB 0x000000070a000000| Untracked |  0
|  42|0x000000070a200000, 0x000000070a200000, 0x000000070a400000|  0%| F|  |TAMS 0x000000070a200000| PB 0x000000070a200000| Untracked |  0
|  43|0x000000070a400000, 0x000000070a400000, 0x000000070a600000|  0%| F|  |TAMS 0x000000070a400000| PB 0x000000070a400000| Untracked |  0
|  44|0x000000070a600000, 0x000000070a600000, 0x000000070a800000|  0%| F|  |TAMS 0x000000070a600000| PB 0x000000070a600000| Untracked |  0
|  45|0x000000070a800000, 0x000000070a800000, 0x000000070aa00000|  0%| F|  |TAMS 0x000000070a800000| PB 0x000000070a800000| Untracked |  0
|  46|0x000000070aa00000, 0x000000070aa00000, 0x000000070ac00000|  0%| F|  |TAMS 0x000000070aa00000| PB 0x000000070aa00000| Untracked |  0
|  47|0x000000070ac00000, 0x000000070ac00000, 0x000000070ae00000|  0%| F|  |TAMS 0x000000070ac00000| PB 0x000000070ac00000| Untracked |  0
|  48|0x000000070ae00000, 0x000000070ae00000, 0x000000070b000000|  0%| F|  |TAMS 0x000000070ae00000| PB 0x000000070ae00000| Untracked |  0
|  49|0x000000070b000000, 0x000000070b000000, 0x000000070b200000|  0%| F|  |TAMS 0x000000070b000000| PB 0x000000070b000000| Untracked |  0
|  50|0x000000070b200000, 0x000000070b200000, 0x000000070b400000|  0%| F|  |TAMS 0x000000070b200000| PB 0x000000070b200000| Untracked |  0
|  51|0x000000070b400000, 0x000000070b400000, 0x000000070b600000|  0%| F|  |TAMS 0x000000070b400000| PB 0x000000070b400000| Untracked |  0
|  52|0x000000070b600000, 0x000000070b600000, 0x000000070b800000|  0%| F|  |TAMS 0x000000070b600000| PB 0x000000070b600000| Untracked |  0
|  53|0x000000070b800000, 0x000000070b800000, 0x000000070ba00000|  0%| F|  |TAMS 0x000000070b800000| PB 0x000000070b800000| Untracked |  0
|  54|0x000000070ba00000, 0x000000070ba00000, 0x000000070bc00000|  0%| F|  |TAMS 0x000000070ba00000| PB 0x000000070ba00000| Untracked |  0
|  55|0x000000070bc00000, 0x000000070bc00000, 0x000000070be00000|  0%| F|  |TAMS 0x000000070bc00000| PB 0x000000070bc00000| Untracked |  0
|  56|0x000000070be00000, 0x000000070be00000, 0x000000070c000000|  0%| F|  |TAMS 0x000000070be00000| PB 0x000000070be00000| Untracked |  0
|  57|0x000000070c000000, 0x000000070c000000, 0x000000070c200000|  0%| F|  |TAMS 0x000000070c000000| PB 0x000000070c000000| Untracked |  0
|  58|0x000000070c200000, 0x000000070c200000, 0x000000070c400000|  0%| F|  |TAMS 0x000000070c200000| PB 0x000000070c200000| Untracked |  0
|  59|0x000000070c400000, 0x000000070c400000, 0x000000070c600000|  0%| F|  |TAMS 0x000000070c400000| PB 0x000000070c400000| Untracked |  0
|  60|0x000000070c600000, 0x000000070c600000, 0x000000070c800000|  0%| F|  |TAMS 0x000000070c600000| PB 0x000000070c600000| Untracked |  0
|  61|0x000000070c800000, 0x000000070c800000, 0x000000070ca00000|  0%| F|  |TAMS 0x000000070c800000| PB 0x000000070c800000| Untracked |  0
|  62|0x000000070ca00000, 0x000000070ca00000, 0x000000070cc00000|  0%| F|  |TAMS 0x000000070ca00000| PB 0x000000070ca00000| Untracked |  0
|  63|0x000000070cc00000, 0x000000070cc00000, 0x000000070ce00000|  0%| F|  |TAMS 0x000000070cc00000| PB 0x000000070cc00000| Untracked |  0
|  64|0x000000070ce00000, 0x000000070ce00000, 0x000000070d000000|  0%| F|  |TAMS 0x000000070ce00000| PB 0x000000070ce00000| Untracked |  0
|  65|0x000000070d000000, 0x000000070d000000, 0x000000070d200000|  0%| F|  |TAMS 0x000000070d000000| PB 0x000000070d000000| Untracked |  0
|  66|0x000000070d200000, 0x000000070d200000, 0x000000070d400000|  0%| F|  |TAMS 0x000000070d200000| PB 0x000000070d200000| Untracked |  0
|  67|0x000000070d400000, 0x000000070d400000, 0x000000070d600000|  0%| F|  |TAMS 0x000000070d400000| PB 0x000000070d400000| Untracked |  0
|  68|0x000000070d600000, 0x000000070d600000, 0x000000070d800000|  0%| F|  |TAMS 0x000000070d600000| PB 0x000000070d600000| Untracked |  0
|  69|0x000000070d800000, 0x000000070d800000, 0x000000070da00000|  0%| F|  |TAMS 0x000000070d800000| PB 0x000000070d800000| Untracked |  0
|  70|0x000000070da00000, 0x000000070da00000, 0x000000070dc00000|  0%| F|  |TAMS 0x000000070da00000| PB 0x000000070da00000| Untracked |  0
|  71|0x000000070dc00000, 0x000000070dc00000, 0x000000070de00000|  0%| F|  |TAMS 0x000000070dc00000| PB 0x000000070dc00000| Untracked |  0
|  72|0x000000070de00000, 0x000000070de00000, 0x000000070e000000|  0%| F|  |TAMS 0x000000070de00000| PB 0x000000070de00000| Untracked |  0
|  73|0x000000070e000000, 0x000000070e000000, 0x000000070e200000|  0%| F|  |TAMS 0x000000070e000000| PB 0x000000070e000000| Untracked |  0
|  74|0x000000070e200000, 0x000000070e200000, 0x000000070e400000|  0%| F|  |TAMS 0x000000070e200000| PB 0x000000070e200000| Untracked |  0
|  75|0x000000070e400000, 0x000000070e400000, 0x000000070e600000|  0%| F|  |TAMS 0x000000070e400000| PB 0x000000070e400000| Untracked |  0
|  76|0x000000070e600000, 0x000000070e600000, 0x000000070e800000|  0%| F|  |TAMS 0x000000070e600000| PB 0x000000070e600000| Untracked |  0
|  77|0x000000070e800000, 0x000000070e800000, 0x000000070ea00000|  0%| F|  |TAMS 0x000000070e800000| PB 0x000000070e800000| Untracked |  0
|  78|0x000000070ea00000, 0x000000070ea00000, 0x000000070ec00000|  0%| F|  |TAMS 0x000000070ea00000| PB 0x000000070ea00000| Untracked |  0
|  79|0x000000070ec00000, 0x000000070ec00000, 0x000000070ee00000|  0%| F|  |TAMS 0x000000070ec00000| PB 0x000000070ec00000| Untracked |  0
|  80|0x000000070ee00000, 0x000000070ee00000, 0x000000070f000000|  0%| F|  |TAMS 0x000000070ee00000| PB 0x000000070ee00000| Untracked |  0
|  81|0x000000070f000000, 0x000000070f000000, 0x000000070f200000|  0%| F|  |TAMS 0x000000070f000000| PB 0x000000070f000000| Untracked |  0
|  82|0x000000070f200000, 0x000000070f200000, 0x000000070f400000|  0%| F|  |TAMS 0x000000070f200000| PB 0x000000070f200000| Untracked |  0
|  83|0x000000070f400000, 0x000000070f400000, 0x000000070f600000|  0%| F|  |TAMS 0x000000070f400000| PB 0x000000070f400000| Untracked |  0
|  84|0x000000070f600000, 0x000000070f600000, 0x000000070f800000|  0%| F|  |TAMS 0x000000070f600000| PB 0x000000070f600000| Untracked |  0
|  85|0x000000070f800000, 0x000000070f800000, 0x000000070fa00000|  0%| F|  |TAMS 0x000000070f800000| PB 0x000000070f800000| Untracked |  0
|  86|0x000000070fa00000, 0x000000070fa00000, 0x000000070fc00000|  0%| F|  |TAMS 0x000000070fa00000| PB 0x000000070fa00000| Untracked |  0
|  87|0x000000070fc00000, 0x000000070fc00000, 0x000000070fe00000|  0%| F|  |TAMS 0x000000070fc00000| PB 0x000000070fc00000| Untracked |  0
|  88|0x000000070fe00000, 0x000000070fe00000, 0x0000000710000000|  0%| F|  |TAMS 0x000000070fe00000| PB 0x000000070fe00000| Untracked |  0
|  89|0x0000000710000000, 0x0000000710000000, 0x0000000710200000|  0%| F|  |TAMS 0x0000000710000000| PB 0x0000000710000000| Untracked |  0
|  90|0x0000000710200000, 0x0000000710200000, 0x0000000710400000|  0%| F|  |TAMS 0x0000000710200000| PB 0x0000000710200000| Untracked |  0
|  91|0x0000000710400000, 0x0000000710400000, 0x0000000710600000|  0%| F|  |TAMS 0x0000000710400000| PB 0x0000000710400000| Untracked |  0
|  92|0x0000000710600000, 0x0000000710600000, 0x0000000710800000|  0%| F|  |TAMS 0x0000000710600000| PB 0x0000000710600000| Untracked |  0
|  93|0x0000000710800000, 0x0000000710800000, 0x0000000710a00000|  0%| F|  |TAMS 0x0000000710800000| PB 0x0000000710800000| Untracked |  0
|  94|0x0000000710a00000, 0x0000000710a00000, 0x0000000710c00000|  0%| F|  |TAMS 0x0000000710a00000| PB 0x0000000710a00000| Untracked |  0
|  95|0x0000000710c00000, 0x0000000710c00000, 0x0000000710e00000|  0%| F|  |TAMS 0x0000000710c00000| PB 0x0000000710c00000| Untracked |  0
|  96|0x0000000710e00000, 0x0000000710e00000, 0x0000000711000000|  0%| F|  |TAMS 0x0000000710e00000| PB 0x0000000710e00000| Untracked |  0
|  97|0x0000000711000000, 0x0000000711000000, 0x0000000711200000|  0%| F|  |TAMS 0x0000000711000000| PB 0x0000000711000000| Untracked |  0
|  98|0x0000000711200000, 0x0000000711200000, 0x0000000711400000|  0%| F|  |TAMS 0x0000000711200000| PB 0x0000000711200000| Untracked |  0
|  99|0x0000000711400000, 0x0000000711400000, 0x0000000711600000|  0%| F|  |TAMS 0x0000000711400000| PB 0x0000000711400000| Untracked |  0
| 100|0x0000000711600000, 0x0000000711600000, 0x0000000711800000|  0%| F|  |TAMS 0x0000000711600000| PB 0x0000000711600000| Untracked |  0
| 101|0x0000000711800000, 0x0000000711800000, 0x0000000711a00000|  0%| F|  |TAMS 0x0000000711800000| PB 0x0000000711800000| Untracked |  0
| 102|0x0000000711a00000, 0x0000000711a00000, 0x0000000711c00000|  0%| F|  |TAMS 0x0000000711a00000| PB 0x0000000711a00000| Untracked |  0
| 103|0x0000000711c00000, 0x0000000711c00000, 0x0000000711e00000|  0%| F|  |TAMS 0x0000000711c00000| PB 0x0000000711c00000| Untracked |  0
| 104|0x0000000711e00000, 0x0000000711e00000, 0x0000000712000000|  0%| F|  |TAMS 0x0000000711e00000| PB 0x0000000711e00000| Untracked |  0
| 105|0x0000000712000000, 0x0000000712000000, 0x0000000712200000|  0%| F|  |TAMS 0x0000000712000000| PB 0x0000000712000000| Untracked |  0
| 106|0x0000000712200000, 0x0000000712200000, 0x0000000712400000|  0%| F|  |TAMS 0x0000000712200000| PB 0x0000000712200000| Untracked |  0
| 107|0x0000000712400000, 0x0000000712400000, 0x0000000712600000|  0%| F|  |TAMS 0x0000000712400000| PB 0x0000000712400000| Untracked |  0
| 108|0x0000000712600000, 0x0000000712600000, 0x0000000712800000|  0%| F|  |TAMS 0x0000000712600000| PB 0x0000000712600000| Untracked |  0
| 109|0x0000000712800000, 0x0000000712800000, 0x0000000712a00000|  0%| F|  |TAMS 0x0000000712800000| PB 0x0000000712800000| Untracked |  0
| 110|0x0000000712a00000, 0x0000000712a00000, 0x0000000712c00000|  0%| F|  |TAMS 0x0000000712a00000| PB 0x0000000712a00000| Untracked |  0
| 111|0x0000000712c00000, 0x0000000712c00000, 0x0000000712e00000|  0%| F|  |TAMS 0x0000000712c00000| PB 0x0000000712c00000| Untracked |  0
| 112|0x0000000712e00000, 0x0000000712e00000, 0x0000000713000000|  0%| F|  |TAMS 0x0000000712e00000| PB 0x0000000712e00000| Untracked |  0
| 113|0x0000000713000000, 0x0000000713000000, 0x0000000713200000|  0%| F|  |TAMS 0x0000000713000000| PB 0x0000000713000000| Untracked |  0
| 114|0x0000000713200000, 0x0000000713200000, 0x0000000713400000|  0%| F|  |TAMS 0x0000000713200000| PB 0x0000000713200000| Untracked |  0
| 115|0x0000000713400000, 0x0000000713400000, 0x0000000713600000|  0%| F|  |TAMS 0x0000000713400000| PB 0x0000000713400000| Untracked |  0
| 116|0x0000000713600000, 0x0000000713600000, 0x0000000713800000|  0%| F|  |TAMS 0x0000000713600000| PB 0x0000000713600000| Untracked |  0
| 117|0x0000000713800000, 0x0000000713800000, 0x0000000713a00000|  0%| F|  |TAMS 0x0000000713800000| PB 0x0000000713800000| Untracked |  0
| 118|0x0000000713a00000, 0x0000000713a00000, 0x0000000713c00000|  0%| F|  |TAMS 0x0000000713a00000| PB 0x0000000713a00000| Untracked |  0
| 119|0x0000000713c00000, 0x0000000713c00000, 0x0000000713e00000|  0%| F|  |TAMS 0x0000000713c00000| PB 0x0000000713c00000| Untracked |  0
| 120|0x0000000713e00000, 0x0000000713ff2970, 0x0000000714000000| 97%| E|  |TAMS 0x0000000713e00000| PB 0x0000000713e00000| Complete |  0
| 121|0x0000000714000000, 0x0000000714200000, 0x0000000714200000|100%| E|CS|TAMS 0x0000000714000000| PB 0x0000000714000000| Complete |  0
| 122|0x0000000714200000, 0x0000000714400000, 0x0000000714400000|100%| E|CS|TAMS 0x0000000714200000| PB 0x0000000714200000| Complete |  0
| 123|0x0000000714400000, 0x0000000714600000, 0x0000000714600000|100%| E|CS|TAMS 0x0000000714400000| PB 0x0000000714400000| Complete |  0
| 124|0x0000000714600000, 0x0000000714800000, 0x0000000714800000|100%| E|CS|TAMS 0x0000000714600000| PB 0x0000000714600000| Complete |  0
| 125|0x0000000714800000, 0x0000000714a00000, 0x0000000714a00000|100%| E|CS|TAMS 0x0000000714800000| PB 0x0000000714800000| Complete |  0

Card table byte_map: [0x000001d4c4290000,0x000001d4c4a70000] _byte_map_base: 0x000001d4c0a69000

Marking Bits: (CMBitMap*) 0x000001d4abd27240
 Bits: [0x000001d4c4a70000, 0x000001d4c8938000)

Polling page: 0x000001d4a9c70000

Metaspace:

Usage:
  Non-class:    984.53 KB used.
      Class:     86.76 KB used.
       Both:      1.05 MB used.

Virtual space:
  Non-class space:       64.00 MB reserved,       1.06 MB (  2%) committed,  1 nodes.
      Class space:        1.00 GB reserved,     192.00 KB ( <1%) committed,  1 nodes.
             Both:        1.06 GB reserved,       1.25 MB ( <1%) committed. 

Chunk freelists:
   Non-Class:  11.97 MB
       Class:  15.74 MB
        Both:  27.71 MB

MaxMetaspaceSize: unlimited
CompressedClassSpaceSize: 1.00 GB
Initial GC threshold: 21.00 MB
Current GC threshold: 21.00 MB
CDS: on
 - commit_granule_bytes: 65536.
 - commit_granule_words: 8192.
 - virtual_space_node_default_size: 8388608.
 - enlarge_chunks_in_place: 1.
 - use_allocation_guard: 0.


Internal statistics:

num_allocs_failed_limit: 0.
num_arena_births: 26.
num_arena_deaths: 0.
num_vsnodes_births: 2.
num_vsnodes_deaths: 0.
num_space_committed: 20.
num_space_uncommitted: 0.
num_chunks_returned_to_freelist: 0.
num_chunks_taken_from_freelist: 27.
num_chunk_merges: 0.
num_chunk_splits: 19.
num_chunks_enlarged: 11.
num_inconsistent_stats: 0.

CodeHeap 'non-profiled nmethods': size=119168Kb used=256Kb max_used=256Kb free=118911Kb
 bounds [0x000001d4bbba0000, 0x000001d4bbe10000, 0x000001d4c3000000]
CodeHeap 'profiled nmethods': size=119104Kb used=913Kb max_used=913Kb free=118190Kb
 bounds [0x000001d4b4000000, 0x000001d4b4270000, 0x000001d4bb450000]
CodeHeap 'non-nmethods': size=7488Kb used=3007Kb max_used=3030Kb free=4480Kb
 bounds [0x000001d4bb450000, 0x000001d4bb750000, 0x000001d4bbba0000]
 total_blobs=1090 nmethods=661 adapters=331
 compilation: enabled
              stopped_count=0, restarted_count=0
 full_count=0

Compilation events (20 events):
Event: 0.207 Thread 0x000001d4cbc2e4a0  608       1       java.util.KeyValueHolder::getKey (5 bytes)
Event: 0.207 Thread 0x000001d51123aa20  609       1       java.util.KeyValueHolder::getValue (5 bytes)
Event: 0.207 Thread 0x000001d5110c17c0  610       3       java.util.ImmutableCollections$MapN::probe (60 bytes)
Event: 0.208 Thread 0x000001d4cbc2e4a0 nmethod 608 0x000001d4bbbcf810 code [0x000001d4bbbcf9a0, 0x000001d4bbbcfa70]
Event: 0.208 Thread 0x000001d51123aa20 nmethod 609 0x000001d4bbbcfb10 code [0x000001d4bbbcfca0, 0x000001d4bbbcfd70]
Event: 0.208 Thread 0x000001d4cbc20fa0  612       1       java.lang.module.ModuleDescriptor::packages (5 bytes)
Event: 0.208 Thread 0x000001d4cbc2e4a0  613       1       java.lang.module.ResolvedModule::reference (5 bytes)
Event: 0.208 Thread 0x000001d5110c17c0 nmethod 610 0x000001d4b40d1110 code [0x000001d4b40d1300, 0x000001d4b40d1838]
Event: 0.208 Thread 0x000001d4cbc20fa0 nmethod 612 0x000001d4bbbcfe10 code [0x000001d4bbbcffa0, 0x000001d4bbbd0070]
Event: 0.208 Thread 0x000001d4cbc2e4a0 nmethod 613 0x000001d4bbbd0110 code [0x000001d4bbbd02a0, 0x000001d4bbbd0370]
Event: 0.209 Thread 0x000001d511238820 nmethod 511 0x000001d4bbbd0410 code [0x000001d4bbbd0640, 0x000001d4bbbd14c0]
Event: 0.209 Thread 0x000001d51123b7a0 nmethod 604 0x000001d4bbbd1d90 code [0x000001d4bbbd1f20, 0x000001d4bbbd2058]
Event: 0.209 Thread 0x000001d5110c17c0  614       3       java.util.HashMap::<init> (98 bytes)
Event: 0.209 Thread 0x000001d51123aa20  615       3       java.util.HashMap::<init> (8 bytes)
Event: 0.209 Thread 0x000001d51123b7a0  611       4       java.util.HashMap::putVal (300 bytes)
Event: 0.210 Thread 0x000001d51123aa20 nmethod 615 0x000001d4b40d1a90 code [0x000001d4b40d1c60, 0x000001d4b40d1da0]
Event: 0.210 Thread 0x000001d511238820  578       4       java.util.HashMap::hash (20 bytes)
Event: 0.210 Thread 0x000001d51123aa20  616       3       java.util.Optional::orElse (16 bytes)
Event: 0.210 Thread 0x000001d51123aa20 nmethod 616 0x000001d4b40d1e90 code [0x000001d4b40d2020, 0x000001d4b40d21a0]
Event: 0.211 Thread 0x000001d5110c17c0 nmethod 614 0x000001d4b40d2210 code [0x000001d4b40d2520, 0x000001d4b40d3410]

GC Heap History (0 events):
No events

Dll operation events (5 events):
Event: 0.010 Loaded shared library C:\Users\Dell\.jdks\openjdk-22.0.1\bin\java.dll
Event: 0.041 Loaded shared library C:\Users\Dell\.jdks\openjdk-22.0.1\bin\jsvml.dll
Event: 0.067 Loaded shared library C:\Users\Dell\.jdks\openjdk-22.0.1\bin\net.dll
Event: 0.068 Loaded shared library C:\Users\Dell\.jdks\openjdk-22.0.1\bin\nio.dll
Event: 0.074 Loaded shared library C:\Users\Dell\.jdks\openjdk-22.0.1\bin\zip.dll

Deoptimization events (20 events):
Event: 0.195 Thread 0x000001d4abcbf1a0 Uncommon trap: trap_request=0xffffff45 fr.pc=0x000001d4bbbc6ff0 relative=0x0000000000000fb0
Event: 0.195 Thread 0x000001d4abcbf1a0 Uncommon trap: reason=unstable_if action=reinterpret pc=0x000001d4bbbc6ff0 method=java.util.HashMap.putVal(ILjava/lang/Object;Ljava/lang/Object;ZZ)Ljava/lang/Object; @ 81 c2
Event: 0.196 Thread 0x000001d4abcbf1a0 DEOPT PACKING pc=0x000001d4bbbc6ff0 sp=0x0000004daa1fec30
Event: 0.196 Thread 0x000001d4abcbf1a0 DEOPT UNPACKING pc=0x000001d4bb4a46a2 sp=0x0000004daa1feb70 mode 2
Event: 0.201 Thread 0x000001d4abcbf1a0 Uncommon trap: trap_request=0xffffff45 fr.pc=0x000001d4bbbafb54 relative=0x0000000000000214
Event: 0.201 Thread 0x000001d4abcbf1a0 Uncommon trap: reason=unstable_if action=reinterpret pc=0x000001d4bbbafb54 method=java.util.ImmutableCollections$SetN.probe(Ljava/lang/Object;)I @ 34 c2
Event: 0.201 Thread 0x000001d4abcbf1a0 DEOPT PACKING pc=0x000001d4bbbafb54 sp=0x0000004daa1fec80
Event: 0.201 Thread 0x000001d4abcbf1a0 DEOPT UNPACKING pc=0x000001d4bb4a46a2 sp=0x0000004daa1fec10 mode 2
Event: 0.208 Thread 0x000001d4abcbf1a0 Uncommon trap: trap_request=0xffffff45 fr.pc=0x000001d4bbbb8268 relative=0x0000000000000608
Event: 0.208 Thread 0x000001d4abcbf1a0 Uncommon trap: reason=unstable_if action=reinterpret pc=0x000001d4bbbb8268 method=java.lang.StringLatin1.newString([BII)Ljava/lang/String; @ 1 c2
Event: 0.208 Thread 0x000001d4abcbf1a0 DEOPT PACKING pc=0x000001d4bbbb8268 sp=0x0000004daa1feac0
Event: 0.208 Thread 0x000001d4abcbf1a0 DEOPT UNPACKING pc=0x000001d4bb4a46a2 sp=0x0000004daa1fea20 mode 2
Event: 0.209 Thread 0x000001d4abcbf1a0 Uncommon trap: trap_request=0xffffff45 fr.pc=0x000001d4bbbb70bc relative=0x00000000000004fc
Event: 0.209 Thread 0x000001d4abcbf1a0 Uncommon trap: reason=unstable_if action=reinterpret pc=0x000001d4bbbb70bc method=java.lang.StringLatin1.newString([BII)Ljava/lang/String; @ 1 c2
Event: 0.209 Thread 0x000001d4abcbf1a0 DEOPT PACKING pc=0x000001d4bbbb70bc sp=0x0000004daa1fea40
Event: 0.209 Thread 0x000001d4abcbf1a0 DEOPT UNPACKING pc=0x000001d4bb4a46a2 sp=0x0000004daa1fea20 mode 2
Event: 0.209 Thread 0x000001d4abcbf1a0 Uncommon trap: trap_request=0xffffff45 fr.pc=0x000001d4bbbce7f4 relative=0x0000000000000cd4
Event: 0.209 Thread 0x000001d4abcbf1a0 Uncommon trap: reason=unstable_if action=reinterpret pc=0x000001d4bbbce7f4 method=java.util.HashMap.putVal(ILjava/lang/Object;Ljava/lang/Object;ZZ)Ljava/lang/Object; @ 81 c2
Event: 0.209 Thread 0x000001d4abcbf1a0 DEOPT PACKING pc=0x000001d4bbbce7f4 sp=0x0000004daa1fed70
Event: 0.209 Thread 0x000001d4abcbf1a0 DEOPT UNPACKING pc=0x000001d4bb4a46a2 sp=0x0000004daa1fec28 mode 2

Classes loaded (20 events):
Event: 0.160 Loading class java/nio/file/DirectoryStream$Filter done
Event: 0.160 Loading class java/nio/file/Files$AcceptAllFilter done
Event: 0.160 Loading class sun/nio/fs/WindowsDirectoryStream
Event: 0.160 Loading class java/nio/file/DirectoryStream
Event: 0.160 Loading class java/nio/file/DirectoryStream done
Event: 0.160 Loading class sun/nio/fs/WindowsDirectoryStream done
Event: 0.160 Loading class java/nio/file/FileTreeWalker$DirectoryNode
Event: 0.161 Loading class java/nio/file/FileTreeWalker$DirectoryNode done
Event: 0.161 Loading class sun/nio/fs/WindowsDirectoryStream$WindowsDirectoryIterator
Event: 0.161 Loading class sun/nio/fs/WindowsDirectoryStream$WindowsDirectoryIterator done
Event: 0.161 Loading class java/nio/file/FileTreeWalker$Event
Event: 0.161 Loading class java/nio/file/FileTreeWalker$Event done
Event: 0.161 Loading class java/nio/file/FileTreeWalker$EventType
Event: 0.161 Loading class java/nio/file/FileTreeWalker$EventType done
Event: 0.166 Loading class sun/nio/fs/WindowsPath$WindowsPathWithAttributes
Event: 0.166 Loading class sun/nio/fs/BasicFileAttributesHolder
Event: 0.166 Loading class sun/nio/fs/BasicFileAttributesHolder done
Event: 0.166 Loading class sun/nio/fs/WindowsPath$WindowsPathWithAttributes done
Event: 0.194 Loading class jdk/internal/module/ModuleReferenceImpl$CachedHash
Event: 0.195 Loading class jdk/internal/module/ModuleReferenceImpl$CachedHash done

Classes unloaded (0 events):
No events

Classes redefined (0 events):
No events

Internal exceptions (8 events):
Event: 0.115 Thread 0x000001d4abcbf1a0 Exception <a 'java/lang/NoSuchMethodError'{0x00000007144dfcd8}: 'void java.lang.invoke.DirectMethodHandle$Holder.invokeSpecial(java.lang.Object, java.lang.Object, java.lang.Object)'> (0x00000007144dfcd8) 
thrown [s\open\src\hotspot\share\interpreter\linkResolver.cpp, line 774]
Event: 0.136 Thread 0x000001d4abcbf1a0 Exception <a 'java/lang/NoSuchMethodError'{0x00000007142a2610}: 'java.lang.Object java.lang.invoke.DirectMethodHandle$Holder.invokeVirtual(java.lang.Object, java.lang.Object, java.lang.Object)'> (0x00000007142a2610) 
thrown [s\open\src\hotspot\share\interpreter\linkResolver.cpp, line 774]
Event: 0.162 Thread 0x000001d4abcbf1a0 Exception <a 'java/lang/NoSuchMethodError'{0x000000071438c670}: 'void java.lang.invoke.DirectMethodHandle$Holder.invokeVirtual(java.lang.Object, java.lang.Object)'> (0x000000071438c670) 
thrown [s\open\src\hotspot\share\interpreter\linkResolver.cpp, line 774]
Event: 0.164 Thread 0x000001d4abcbf1a0 Exception <a 'java/lang/NoSuchMethodError'{0x0000000714397368}: 'java.lang.Object java.lang.invoke.DirectMethodHandle$Holder.invokeInterface(java.lang.Object, java.lang.Object, java.lang.Object)'> (0x0000000714397368) 
thrown [s\open\src\hotspot\share\interpreter\linkResolver.cpp, line 774]
Event: 0.192 Thread 0x000001d4abcbf1a0 Exception <a 'java/lang/NoSuchMethodError'{0x0000000713e7f5f0}: 'void java.lang.invoke.DirectMethodHandle$Holder.invokeSpecial(java.lang.Object, java.lang.Object, java.lang.Object, java.lang.Object, java.lang.Object)'> (0x0000000713e7f5f0) 
thrown [s\open\src\hotspot\share\interpreter\linkResolver.cpp, line 774]
Event: 0.197 Thread 0x000001d4abcbf1a0 Exception <a 'java/lang/NoSuchMethodError'{0x0000000713e94468}: 'java.lang.Object java.lang.invoke.DirectMethodHandle$Holder.invokeInterface(java.lang.Object, java.lang.Object)'> (0x0000000713e94468) 
thrown [s\open\src\hotspot\share\interpreter\linkResolver.cpp, line 774]
Event: 0.198 Thread 0x000001d4abcbf1a0 Exception <a 'java/lang/IncompatibleClassChangeError'{0x0000000713e976e0}: Found class java.lang.Object, but interface was expected> (0x0000000713e976e0) 
thrown [s\open\src\hotspot\share\interpreter\linkResolver.cpp, line 841]
Event: 0.198 Thread 0x000001d4abcbf1a0 Exception <a 'java/lang/NoSuchMethodError'{0x0000000713e9a0c0}: 'void java.lang.invoke.DirectMethodHandle$Holder.invokeStatic(java.lang.Object, java.lang.Object, java.lang.Object, java.lang.Object)'> (0x0000000713e9a0c0) 
thrown [s\open\src\hotspot\share\interpreter\linkResolver.cpp, line 774]

ZGC Phase Switch (0 events):
No events

VM Operations (8 events):
Event: 0.101 Executing VM operation: HandshakeAllThreads (Deoptimize)
Event: 0.101 Executing VM operation: HandshakeAllThreads (Deoptimize) done
Event: 0.106 Executing VM operation: HandshakeAllThreads (Deoptimize)
Event: 0.106 Executing VM operation: HandshakeAllThreads (Deoptimize) done
Event: 0.132 Executing VM operation: HandshakeAllThreads (Deoptimize)
Event: 0.132 Executing VM operation: HandshakeAllThreads (Deoptimize) done
Event: 0.194 Executing VM operation: HandshakeAllThreads (Deoptimize)
Event: 0.194 Executing VM operation: HandshakeAllThreads (Deoptimize) done

Events (17 events):
Event: 0.026 Thread 0x000001d4abcbf1a0 Thread added: 0x000001d4abcbf1a0
Event: 0.038 Thread 0x000001d4cbc06cc0 Thread added: 0x000001d4cbc06cc0
Event: 0.038 Thread 0x000001d4cbc08d30 Thread added: 0x000001d4cbc08d30
Event: 0.039 Thread 0x000001d4cbc0dad0 Thread added: 0x000001d4cbc0dad0
Event: 0.039 Thread 0x000001d4cbc10540 Thread added: 0x000001d4cbc10540
Event: 0.039 Thread 0x000001d4cbc13fd0 Thread added: 0x000001d4cbc13fd0
Event: 0.039 Thread 0x000001d4cbc14cb0 Thread added: 0x000001d4cbc14cb0
Event: 0.039 Thread 0x000001d4cbc15a40 Thread added: 0x000001d4cbc15a40
Event: 0.039 Thread 0x000001d4cbc20fa0 Thread added: 0x000001d4cbc20fa0
Event: 0.041 Thread 0x000001d4cbc2e4a0 Thread added: 0x000001d4cbc2e4a0
Event: 0.042 Thread 0x000001d5110c17c0 Thread added: 0x000001d5110c17c0
Event: 0.063 Thread 0x000001d5111a8870 Thread added: 0x000001d5111a8870
Event: 0.085 Thread 0x000001d51123c420 Thread added: 0x000001d51123c420
Event: 0.087 Thread 0x000001d511238820 Thread added: 0x000001d511238820
Event: 0.089 Thread 0x000001d51123aa20 Thread added: 0x000001d51123aa20
Event: 0.094 Thread 0x000001d51123b0e0 Thread added: 0x000001d51123b0e0
Event: 0.095 Thread 0x000001d51123b7a0 Thread added: 0x000001d51123b7a0


Dynamic libraries:
0x00007ff721160000 - 0x00007ff72116e000 	C:\Users\Dell\.jdks\openjdk-22.0.1\bin\java.exe
0x00007fff1b1f0000 - 0x00007fff1b407000 	C:\Windows\SYSTEM32\ntdll.dll
0x00007fff19cd0000 - 0x00007fff19d94000 	C:\Windows\System32\KERNEL32.DLL
0x00007fff18590000 - 0x00007fff18949000 	C:\Windows\System32\KERNELBASE.dll
0x00007fff18df0000 - 0x00007fff18f01000 	C:\Windows\System32\ucrtbase.dll
0x00007fff0f930000 - 0x00007fff0f947000 	C:\Users\Dell\.jdks\openjdk-22.0.1\bin\jli.dll
0x00007fff0e7b0000 - 0x00007fff0e7cb000 	C:\Users\Dell\.jdks\openjdk-22.0.1\bin\VCRUNTIME140.dll
0x00007fff19030000 - 0x00007fff191de000 	C:\Windows\System32\USER32.dll
0x00007fff18c30000 - 0x00007fff18c56000 	C:\Windows\System32\win32u.dll
0x00007fff1a7f0000 - 0x00007fff1a819000 	C:\Windows\System32\GDI32.dll
0x00007fff18cd0000 - 0x00007fff18deb000 	C:\Windows\System32\gdi32full.dll
0x00007ffefe000000 - 0x00007ffefe292000 	C:\Windows\WinSxS\amd64_microsoft.windows.common-controls_6595b64144ccf1df_6.0.22621.4391_none_2715d37f73803e96\COMCTL32.dll
0x00007fff184f0000 - 0x00007fff1858a000 	C:\Windows\System32\msvcp_win.dll
0x00007fff192f0000 - 0x00007fff19397000 	C:\Windows\System32\msvcrt.dll
0x00007fff19900000 - 0x00007fff19931000 	C:\Windows\System32\IMM32.DLL
0x00007fff0e720000 - 0x00007fff0e72c000 	C:\Users\Dell\.jdks\openjdk-22.0.1\bin\vcruntime140_1.dll
0x00007ffeded40000 - 0x00007ffededce000 	C:\Users\Dell\.jdks\openjdk-22.0.1\bin\msvcp140.dll
0x00007ffeb8810000 - 0x00007ffeb9557000 	C:\Users\Dell\.jdks\openjdk-22.0.1\bin\server\jvm.dll
0x00007fff1a3c0000 - 0x00007fff1a472000 	C:\Windows\System32\ADVAPI32.dll
0x00007fff1b0a0000 - 0x00007fff1b147000 	C:\Windows\System32\sechost.dll
0x00007fff18950000 - 0x00007fff18978000 	C:\Windows\System32\bcrypt.dll
0x00007fff19940000 - 0x00007fff19a54000 	C:\Windows\System32\RPCRT4.dll
0x00007fff19c20000 - 0x00007fff19c91000 	C:\Windows\System32\WS2_32.dll
0x00007fff17340000 - 0x00007fff1738d000 	C:\Windows\SYSTEM32\POWRPROF.dll
0x00007fff110e0000 - 0x00007fff11114000 	C:\Windows\SYSTEM32\WINMM.dll
0x00007fff11540000 - 0x00007fff1154a000 	C:\Windows\SYSTEM32\VERSION.dll
0x00007fff17320000 - 0x00007fff17333000 	C:\Windows\SYSTEM32\UMPDC.dll
0x00007fff175e0000 - 0x00007fff175f8000 	C:\Windows\SYSTEM32\kernel.appcore.dll
0x00007fff0e710000 - 0x00007fff0e71a000 	C:\Users\Dell\.jdks\openjdk-22.0.1\bin\jimage.dll
0x00007fff15c00000 - 0x00007fff15e32000 	C:\Windows\SYSTEM32\DBGHELP.DLL
0x00007fff19570000 - 0x00007fff198ff000 	C:\Windows\System32\combase.dll
0x00007fff1a290000 - 0x00007fff1a367000 	C:\Windows\System32\OLEAUT32.dll
0x00007fff03c20000 - 0x00007fff03c52000 	C:\Windows\SYSTEM32\dbgcore.DLL
0x00007fff18bb0000 - 0x00007fff18c2b000 	C:\Windows\System32\bcryptPrimitives.dll
0x00007fff015f0000 - 0x00007fff015ff000 	C:\Users\Dell\.jdks\openjdk-22.0.1\bin\instrument.dll
0x00007ffeff6e0000 - 0x00007ffeff6fe000 	C:\Users\Dell\.jdks\openjdk-22.0.1\bin\java.dll
0x00007fff1a820000 - 0x00007fff1b096000 	C:\Windows\System32\SHELL32.dll
0x00007fff193c0000 - 0x00007fff19565000 	C:\Windows\System32\ole32.dll
0x00007fff163f0000 - 0x00007fff16cf3000 	C:\Windows\SYSTEM32\windows.storage.dll
0x00007fff162b0000 - 0x00007fff163ef000 	C:\Windows\SYSTEM32\wintypes.dll
0x00007fff1a480000 - 0x00007fff1a579000 	C:\Windows\System32\SHCORE.dll
0x00007fff19da0000 - 0x00007fff19dfe000 	C:\Windows\System32\shlwapi.dll
0x00007fff18420000 - 0x00007fff1844b000 	C:\Windows\SYSTEM32\profapi.dll
0x00007ffed4500000 - 0x00007ffed45d7000 	C:\Users\Dell\.jdks\openjdk-22.0.1\bin\jsvml.dll
0x00007ffeff1a0000 - 0x00007ffeff1b0000 	C:\Users\Dell\.jdks\openjdk-22.0.1\bin\net.dll
0x00007fff17a50000 - 0x00007fff17ab9000 	C:\Windows\system32\mswsock.dll
0x00007ffefec20000 - 0x00007ffefec36000 	C:\Users\Dell\.jdks\openjdk-22.0.1\bin\nio.dll
0x00007ffefe9d0000 - 0x00007ffefe9e7000 	C:\Users\Dell\.jdks\openjdk-22.0.1\bin\zip.dll

dbghelp: loaded successfully - version: 4.0.5 - missing functions: none
symbol engine: initialized successfully - sym options: 0x614 - pdb path: .;C:\Users\Dell\.jdks\openjdk-22.0.1\bin;C:\Windows\SYSTEM32;C:\Windows\WinSxS\amd64_microsoft.windows.common-controls_6595b64144ccf1df_6.0.22621.4391_none_2715d37f73803e96;C:\Users\Dell\.jdks\openjdk-22.0.1\bin\server

VM Arguments:
jvm_args: -javaagent:C:\Users\Dell\AppData\Local\Programs\IntelliJ IDEA Ultimate 2024.2.4\lib\idea_rt.jar=55689:C:\Users\Dell\AppData\Local\Programs\IntelliJ IDEA Ultimate 2024.2.4\bin -Dfile.encoding=UTF-8 -Dsun.stdout.encoding=UTF-8 -Dsun.stderr.encoding=UTF-8 --module-path=C:\Users\Dell\.m2\repository\org\openjfx\javafx-controls\23.0.1\javafx-controls-23.0.1-win.jar;C:\Users\Dell\.m2\repository\com\sun\mail\javax.mail\1.6.2\javax.mail-1.6.2.jar;C:\Users\Dell\.m2\repository\com\squareup\okhttp3\okhttp\4.9.3\okhttp-4.9.3.jar;C:\Users\Dell\.m2\repository\io\github\cdimascio\java-dotenv\5.2.2\java-dotenv-5.2.2.jar;C:\Users\Dell\.m2\repository\org\openjfx\javafx-base\23.0.1\javafx-base-23.0.1-win.jar;C:\Users\Dell\.m2\repository\com\mysql\mysql-connector-j\8.0.32\mysql-connector-j-8.0.32.jar;C:\Users\Dell\.m2\repository\com\google\code\gson\gson\2.10.1\gson-2.10.1.jar;C:\Users\Dell\.m2\repository\org\controlsfx\controlsfx\11.2.1\controlsfx-11.2.1.jar;D:\oop\lms\target\classes;C:\Users\Dell\.m2\repository\org\openjfx\javafx-graphics\23.0.1\javafx-graphics-23.0.1-win.jar;C:\Users\Dell\.m2\repository\org\openjfx\javafx-fxml\23.0.1\javafx-fxml-23.0.1-win.jar -Djdk.module.main=edu.lms 
java_command: edu.lms/edu.lms.LibraryManagementApplication
java_class_path (initial): C:\Users\Dell\.m2\repository\org\openjfx\javafx-controls\23.0.1\javafx-controls-23.0.1.jar;C:\Users\Dell\.m2\repository\org\openjfx\javafx-graphics\23.0.1\javafx-graphics-23.0.1.jar;C:\Users\Dell\.m2\repository\org\openjfx\javafx-base\23.0.1\javafx-base-23.0.1.jar;C:\Users\Dell\.m2\repository\org\openjfx\javafx-fxml\23.0.1\javafx-fxml-23.0.1.jar;C:\Users\Dell\.m2\repository\org\jetbrains\kotlin\kotlin-stdlib\1.4.0\kotlin-stdlib-1.4.0.jar;C:\Users\Dell\.m2\repository\org\jetbrains\kotlin\kotlin-stdlib-common\1.4.0\kotlin-stdlib-common-1.4.0.jar;C:\Users\Dell\.m2\repository\org\jetbrains\annotations\13.0\annotations-13.0.jar;C:\Users\Dell\.m2\repository\com\squareup\okio\okio\2.8.0\okio-2.8.0.jar;C:\Users\Dell\.m2\repository\com\google\protobuf\protobuf-java\3.21.9\protobuf-java-3.21.9.jar;C:\Users\Dell\.m2\repository\javax\activation\activation\1.1\activation-1.1.jar;C:\Users\Dell\.m2\repository\org\json\json\20240303\json-20240303.jar
Launcher Type: SUN_STANDARD

[Global flags]
     intx CICompilerCount                          = 12                                        {product} {ergonomic}
     uint ConcGCThreads                            = 4                                         {product} {ergonomic}
     uint G1ConcRefinementThreads                  = 15                                        {product} {ergonomic}
   size_t G1HeapRegionSize                         = 2097152                                   {product} {ergonomic}
   size_t InitialHeapSize                          = 264241152                                 {product} {ergonomic}
   size_t MarkStackSize                            = 4194304                                   {product} {ergonomic}
   size_t MaxHeapSize                              = 4213178368                                {product} {ergonomic}
   size_t MaxNewSize                               = 2527068160                                {product} {ergonomic}
   size_t MinHeapDeltaBytes                        = 2097152                                   {product} {ergonomic}
   size_t MinHeapSize                              = 8388608                                   {product} {ergonomic}
    uintx NonNMethodCodeHeapSize                   = 7602480                                {pd product} {ergonomic}
    uintx NonProfiledCodeHeapSize                  = 122027880                              {pd product} {ergonomic}
    uintx ProfiledCodeHeapSize                     = 122027880                              {pd product} {ergonomic}
    uintx ReservedCodeCacheSize                    = 251658240                              {pd product} {ergonomic}
     bool SegmentedCodeCache                       = true                                      {product} {ergonomic}
   size_t SoftMaxHeapSize                          = 4213178368                             {manageable} {ergonomic}
     bool UseCompressedOops                        = true                           {product lp64_product} {ergonomic}
     bool UseG1GC                                  = true                                      {product} {ergonomic}
     bool UseLargePagesIndividualAllocation        = false                                  {pd product} {ergonomic}

Logging:
Log output configuration:
 #0: stdout all=warning uptime,level,tags foldmultilines=false
 #1: stderr all=off uptime,level,tags foldmultilines=false

Environment Variables:
PATH=C:\Program Files\Common Files\Oracle\Java\javapath;C:\Program Files (x86)\Common Files\Oracle\Java\java8path;C:\Program Files (x86)\Common Files\Oracle\Java\javapath;C:\Windows\system32;C:\Windows;C:\Windows\System32\Wbem;C:\Windows\System32\WindowsPowerShell\v1.0\;C:\Windows\System32\OpenSSH\;C:\Program Files (x86)\NVIDIA Corporation\PhysX\Common;C:\Program Files\NVIDIA Corporation\NVIDIA NvDLISR;C:\msys64\mingw64\bin;C:\Program Files (x86)\Windows Kits\10\Windows Performance Toolkit\;D:\Git\cmd;C:\Program Files\Amazon\AWSCLIV2\;C:\Program Files\dotnet\;C:\Users\Dell\AppData\Local\Programs\Python\Launcher\;C:\Users\Dell\AppData\Local\Microsoft\WindowsApps;C:\Users\Dell\AppData\Local\Programs\Microsoft VS Code\bin;C:\winlibs-x86_64-posix-seh-gcc-12.1.0-mingw-w64msvcrt-10.0.0-r3\mingw64\bin;C:\msys64\ucrt64\bin;C:\Users\Dell\AppData\Local\GitHubDesktop\bin;C:\Program Files\JetBrains\DataGrip 2024.2.2\bin;;C:\Users\Dell\AppData\Local\Muse Hub\lib;C:\Users\Dell\Desktop\Java\apache-maven-3.9.9\bin;
USERNAME=Dell
OS=Windows_NT
PROCESSOR_IDENTIFIER=Intel64 Family 6 Model 154 Stepping 3, GenuineIntel
TMP=C:\Users\Dell\AppData\Local\Temp
TEMP=C:\Users\Dell\AppData\Local\Temp




Periodic native trim disabled

---------------  S Y S T E M  ---------------

OS:
 Windows 11 , 64 bit Build 22621 (10.0.22621.4391)
OS uptime: 0 days 3:38 hours
Hyper-V role detected

CPU: total 20 (initial active 20) (10 cores per cpu, 2 threads per core) family 6 model 154 stepping 3 microcode 0x435, cx8, cmov, fxsr, ht, mmx, 3dnowpref, sse, sse2, sse3, ssse3, sse4.1, sse4.2, popcnt, lzcnt, tsc, tscinvbit, avx, avx2, aes, erms, clmul, bmi1, bmi2, adx, sha, fma, vzeroupper, clflush, clflushopt, clwb, hv, serialize, rdtscp, rdpid, fsrm, f16c, cet_ibt, cet_ss
Processor Information for processor 0
  Max Mhz: 2300, Current Mhz: 2300, Mhz Limit: 2300
Processor Information for processor 1
  Max Mhz: 2300, Current Mhz: 2300, Mhz Limit: 2300
Processor Information for processor 2
  Max Mhz: 2300, Current Mhz: 2300, Mhz Limit: 2300
Processor Information for processor 3
  Max Mhz: 2300, Current Mhz: 2300, Mhz Limit: 2300
Processor Information for processor 4
  Max Mhz: 2300, Current Mhz: 2300, Mhz Limit: 2300
Processor Information for processor 5
  Max Mhz: 2300, Current Mhz: 2300, Mhz Limit: 2300
Processor Information for processor 6
  Max Mhz: 2300, Current Mhz: 2300, Mhz Limit: 2300
Processor Information for processor 7
  Max Mhz: 2300, Current Mhz: 2300, Mhz Limit: 2300
Processor Information for processor 8
  Max Mhz: 2300, Current Mhz: 2300, Mhz Limit: 2300
Processor Information for processor 9
  Max Mhz: 2300, Current Mhz: 2300, Mhz Limit: 2300
Processor Information for processor 10
  Max Mhz: 2300, Current Mhz: 2300, Mhz Limit: 2300
Processor Information for processor 11
  Max Mhz: 2300, Current Mhz: 2300, Mhz Limit: 2300
Processor Information for processor 12
  Max Mhz: 2300, Current Mhz: 1500, Mhz Limit: 1679
Processor Information for processor 13
  Max Mhz: 2300, Current Mhz: 1500, Mhz Limit: 1679
Processor Information for processor 14
  Max Mhz: 2300, Current Mhz: 1500, Mhz Limit: 1679
Processor Information for processor 15
  Max Mhz: 2300, Current Mhz: 1500, Mhz Limit: 1679
Processor Information for processor 16
  Max Mhz: 2300, Current Mhz: 1500, Mhz Limit: 1679
Processor Information for processor 17
  Max Mhz: 2300, Current Mhz: 1500, Mhz Limit: 1679
Processor Information for processor 18
  Max Mhz: 2300, Current Mhz: 1500, Mhz Limit: 1679
Processor Information for processor 19
  Max Mhz: 2300, Current Mhz: 1500, Mhz Limit: 1679

Memory: 4k page, system-wide physical 16068M (1088M free)
TotalPageFile size 20068M (AvailPageFile size 3M)
current process WorkingSet (physical memory assigned to process): 59M, peak: 59M
current process commit charge ("private bytes"): 363M, peak: 363M

vm_info: OpenJDK 64-Bit Server VM (22.0.1+8-16) for windows-amd64 JRE (22.0.1+8-16), built on 2024-03-12T10:33:16Z by "mach5one" with MS VC++ 17.6 (VS2022)

END.
